mode: set
x-ui/web/service/inbound.go:29.55,31.2 1 0
x-ui/web/service/inbound.go:34.72,36.2 1 0
x-ui/web/service/inbound.go:38.76,42.49 4 0
x-ui/web/service/inbound.go:42.49,44.3 1 0
x-ui/web/service/inbound.go:45.2,45.22 1 0
x-ui/web/service/inbound.go:48.69,52.49 4 0
x-ui/web/service/inbound.go:52.49,54.3 1 0
x-ui/web/service/inbound.go:55.2,55.22 1 0
x-ui/web/service/inbound.go:58.94,60.78 2 0
x-ui/web/service/inbound.go:60.78,62.3 1 0
x-ui/web/service/inbound.go:62.8,76.3 1 0
x-ui/web/service/inbound.go:77.2,77.18 1 0
x-ui/web/service/inbound.go:77.18,79.3 1 0
x-ui/web/service/inbound.go:80.2,82.16 3 0
x-ui/web/service/inbound.go:82.16,84.3 1 0
x-ui/web/service/inbound.go:85.2,85.23 1 0
x-ui/web/service/inbound.go:88.94,90.28 2 0
x-ui/web/service/inbound.go:90.28,92.3 1 0
x-ui/web/service/inbound.go:93.2,95.12 3 0
x-ui/web/service/inbound.go:95.12,97.3 1 0
x-ui/web/service/inbound.go:99.2,101.16 3 0
x-ui/web/service/inbound.go:101.16,103.3 1 0
x-ui/web/service/inbound.go:105.2,109.17 4 0
x-ui/web/service/inbound.go:112.65,116.2 3 0
x-ui/web/service/inbound.go:118.85,120.21 2 0
x-ui/web/service/inbound.go:120.21,122.3 1 0
x-ui/web/service/inbound.go:124.2,125.9 2 0
x-ui/web/service/inbound.go:125.9,127.3 1 0
x-ui/web/service/inbound.go:128.2,129.9 2 0
x-ui/web/service/inbound.go:129.9,131.3 1 0
x-ui/web/service/inbound.go:132.2,133.31 2 0
x-ui/web/service/inbound.go:133.31,135.10 2 0
x-ui/web/service/inbound.go:135.10,136.12 1 0
x-ui/web/service/inbound.go:138.3,139.41 2 0
x-ui/web/service/inbound.go:141.2,141.21 1 0
x-ui/web/service/inbound.go:144.59,152.16 4 0
x-ui/web/service/inbound.go:152.16,154.3 1 0
x-ui/web/service/inbound.go:155.2,155.20 1 0
x-ui/web/service/inbound.go:158.68,160.26 2 0
x-ui/web/service/inbound.go:160.26,161.37 1 0
x-ui/web/service/inbound.go:161.37,163.4 1 0
x-ui/web/service/inbound.go:165.2,165.14 1 0
x-ui/web/service/inbound.go:168.93,170.16 2 0
x-ui/web/service/inbound.go:170.16,172.3 1 0
x-ui/web/service/inbound.go:173.2,174.33 2 0
x-ui/web/service/inbound.go:174.33,175.25 1 0
x-ui/web/service/inbound.go:175.25,176.40 1 0
x-ui/web/service/inbound.go:176.40,178.5 1 0
x-ui/web/service/inbound.go:179.4,179.43 1 0
x-ui/web/service/inbound.go:179.43,181.5 1 0
x-ui/web/service/inbound.go:182.4,182.41 1 0
x-ui/web/service/inbound.go:185.2,185.16 1 0
x-ui/web/service/inbound.go:188.92,190.16 2 0
x-ui/web/service/inbound.go:190.16,192.3 1 0
x-ui/web/service/inbound.go:193.2,194.16 2 0
x-ui/web/service/inbound.go:194.16,196.3 1 0
x-ui/web/service/inbound.go:197.2,198.33 2 0
x-ui/web/service/inbound.go:198.33,199.25 1 0
x-ui/web/service/inbound.go:199.25,200.40 1 0
x-ui/web/service/inbound.go:200.40,202.5 1 0
x-ui/web/service/inbound.go:203.4,203.43 1 0
x-ui/web/service/inbound.go:203.43,205.5 1 0
x-ui/web/service/inbound.go:206.4,206.41 1 0
x-ui/web/service/inbound.go:209.2,209.16 1 0
x-ui/web/service/inbound.go:213.91,216.16 2 0
x-ui/web/service/inbound.go:216.16,218.3 1 0
x-ui/web/service/inbound.go:219.2,219.11 1 0
x-ui/web/service/inbound.go:219.11,221.3 1 0
x-ui/web/service/inbound.go:224.2,225.16 2 0
x-ui/web/service/inbound.go:225.16,227.3 1 0
x-ui/web/service/inbound.go:228.2,228.22 1 0
x-ui/web/service/inbound.go:228.22,230.3 1 0
x-ui/web/service/inbound.go:233.2,234.16 2 0
x-ui/web/service/inbound.go:234.16,236.3 1 0
x-ui/web/service/inbound.go:239.2,239.22 1 0
x-ui/web/service/inbound.go:239.22,241.98 2 0
x-ui/web/service/inbound.go:241.98,244.30 3 0
x-ui/web/service/inbound.go:244.30,245.25 1 0
x-ui/web/service/inbound.go:245.25,247.6 1 0
x-ui/web/service/inbound.go:248.5,249.47 2 0
x-ui/web/service/inbound.go:251.4,252.71 2 0
x-ui/web/service/inbound.go:252.71,254.5 1 0
x-ui/web/service/inbound.go:254.10,256.5 1 0
x-ui/web/service/inbound.go:257.9,257.25 1 0
x-ui/web/service/inbound.go:257.25,259.4 1 0
x-ui/web/service/inbound.go:263.2,263.33 1 0
x-ui/web/service/inbound.go:263.33,264.27 1 0
x-ui/web/service/inbound.go:265.17,266.29 1 0
x-ui/web/service/inbound.go:266.29,268.5 1 0
x-ui/web/service/inbound.go:269.22,270.26 1 0
x-ui/web/service/inbound.go:270.26,272.5 1 0
x-ui/web/service/inbound.go:273.11,274.23 1 0
x-ui/web/service/inbound.go:274.23,276.5 1 0
x-ui/web/service/inbound.go:284.2,286.97 2 0
x-ui/web/service/inbound.go:286.97,288.3 1 0
x-ui/web/service/inbound.go:291.2,298.33 3 0
x-ui/web/service/inbound.go:298.33,299.19 1 0
x-ui/web/service/inbound.go:299.19,301.4 1 0
x-ui/web/service/inbound.go:301.9,303.9 1 0
x-ui/web/service/inbound.go:308.2,316.15 4 0
x-ui/web/service/inbound.go:316.15,317.17 1 0
x-ui/web/service/inbound.go:317.17,325.32 2 0
x-ui/web/service/inbound.go:325.32,328.5 1 0
x-ui/web/service/inbound.go:330.4,330.67 1 0
x-ui/web/service/inbound.go:330.67,332.32 1 0
x-ui/web/service/inbound.go:332.32,340.20 4 0
x-ui/web/service/inbound.go:340.20,342.7 1 0
x-ui/web/service/inbound.go:347.4,347.15 1 0
x-ui/web/service/inbound.go:348.9,351.4 1 0
x-ui/web/service/inbound.go:355.2,356.16 2 0
x-ui/web/service/inbound.go:356.16,358.36 2 0
x-ui/web/service/inbound.go:358.36,359.35 1 0
x-ui/web/service/inbound.go:359.35,361.5 1 0
x-ui/web/service/inbound.go:363.8,365.3 1 0
x-ui/web/service/inbound.go:368.2,369.20 2 0
x-ui/web/service/inbound.go:369.20,372.18 3 0
x-ui/web/service/inbound.go:372.18,374.4 1 0
x-ui/web/service/inbound.go:376.3,377.18 2 0
x-ui/web/service/inbound.go:377.18,379.4 1 0
x-ui/web/service/inbound.go:379.9,383.4 2 0
x-ui/web/service/inbound.go:384.3,384.20 1 0
x-ui/web/service/inbound.go:388.2,388.34 1 0
x-ui/web/service/inbound.go:391.59,397.25 5 0
x-ui/web/service/inbound.go:397.25,400.18 3 0
x-ui/web/service/inbound.go:400.18,402.4 1 0
x-ui/web/service/inbound.go:402.9,405.4 2 0
x-ui/web/service/inbound.go:406.3,406.20 1 0
x-ui/web/service/inbound.go:407.8,409.3 1 0
x-ui/web/service/inbound.go:412.2,413.16 2 0
x-ui/web/service/inbound.go:413.16,415.3 1 0
x-ui/web/service/inbound.go:417.2,417.58 1 0
x-ui/web/service/inbound.go:420.69,424.16 4 0
x-ui/web/service/inbound.go:424.16,426.3 1 0
x-ui/web/service/inbound.go:427.2,427.21 1 0
x-ui/web/service/inbound.go:430.94,432.16 2 0
x-ui/web/service/inbound.go:432.16,434.3 1 0
x-ui/web/service/inbound.go:435.2,435.11 1 0
x-ui/web/service/inbound.go:435.11,437.3 1 0
x-ui/web/service/inbound.go:439.2,440.16 2 0
x-ui/web/service/inbound.go:440.16,442.3 1 0
x-ui/web/service/inbound.go:444.2,449.15 4 0
x-ui/web/service/inbound.go:449.15,450.17 1 0
x-ui/web/service/inbound.go:450.17,452.4 1 0
x-ui/web/service/inbound.go:452.9,454.4 1 0
x-ui/web/service/inbound.go:457.2,458.16 2 0
x-ui/web/service/inbound.go:458.16,460.3 1 0
x-ui/web/service/inbound.go:463.2,468.25 5 0
x-ui/web/service/inbound.go:468.25,469.52 1 0
x-ui/web/service/inbound.go:469.52,470.27 1 0
x-ui/web/service/inbound.go:470.27,471.44 1 0
x-ui/web/service/inbound.go:471.44,472.49 1 0
x-ui/web/service/inbound.go:472.49,473.43 1 0
x-ui/web/service/inbound.go:474.21,475.41 1 0
x-ui/web/service/inbound.go:476.19,477.34 1 0
x-ui/web/service/inbound.go:479.8,479.43 1 0
x-ui/web/service/inbound.go:480.21,481.41 1 0
x-ui/web/service/inbound.go:482.19,483.34 1 0
x-ui/web/service/inbound.go:490.3,491.104 2 0
x-ui/web/service/inbound.go:491.104,493.56 2 0
x-ui/web/service/inbound.go:493.56,494.27 1 0
x-ui/web/service/inbound.go:494.27,495.51 1 0
x-ui/web/service/inbound.go:495.51,497.42 2 0
x-ui/web/service/inbound.go:497.42,498.57 1 0
x-ui/web/service/inbound.go:498.57,500.9 1 0
x-ui/web/service/inbound.go:500.14,502.9 1 0
x-ui/web/service/inbound.go:505.7,505.56 1 0
x-ui/web/service/inbound.go:505.56,506.57 1 0
x-ui/web/service/inbound.go:506.57,508.9 1 0
x-ui/web/service/inbound.go:510.7,510.20 1 0
x-ui/web/service/inbound.go:513.5,514.75 2 0
x-ui/web/service/inbound.go:514.75,516.6 1 0
x-ui/web/service/inbound.go:521.2,535.110 14 0
x-ui/web/service/inbound.go:535.110,537.3 1 0
x-ui/web/service/inbound.go:537.8,539.3 1 0
x-ui/web/service/inbound.go:541.2,543.38 3 0
x-ui/web/service/inbound.go:543.38,545.3 1 0
x-ui/web/service/inbound.go:546.2,546.20 1 0
x-ui/web/service/inbound.go:546.20,548.18 2 0
x-ui/web/service/inbound.go:548.18,551.4 2 0
x-ui/web/service/inbound.go:551.9,553.19 2 0
x-ui/web/service/inbound.go:553.19,555.5 1 0
x-ui/web/service/inbound.go:555.10,558.5 2 0
x-ui/web/service/inbound.go:561.2,564.16 3 0
x-ui/web/service/inbound.go:564.16,566.3 1 0
x-ui/web/service/inbound.go:567.2,567.34 1 0
x-ui/web/service/inbound.go:570.120,572.16 2 0
x-ui/web/service/inbound.go:572.16,574.3 1 0
x-ui/web/service/inbound.go:575.2,576.16 2 0
x-ui/web/service/inbound.go:576.16,578.3 1 0
x-ui/web/service/inbound.go:580.2,582.39 2 0
x-ui/web/service/inbound.go:582.39,584.40 2 0
x-ui/web/service/inbound.go:584.40,585.42 1 0
x-ui/web/service/inbound.go:585.42,587.10 2 0
x-ui/web/service/inbound.go:590.3,590.19 1 0
x-ui/web/service/inbound.go:590.19,592.18 2 0
x-ui/web/service/inbound.go:592.18,594.5 1 0
x-ui/web/service/inbound.go:597.2,597.39 1 0
x-ui/web/service/inbound.go:597.39,599.40 2 0
x-ui/web/service/inbound.go:599.40,600.42 1 0
x-ui/web/service/inbound.go:600.42,602.10 2 0
x-ui/web/service/inbound.go:605.3,605.19 1 0
x-ui/web/service/inbound.go:605.19,607.18 2 0
x-ui/web/service/inbound.go:607.18,609.5 1 0
x-ui/web/service/inbound.go:612.2,612.12 1 0
x-ui/web/service/inbound.go:615.78,617.16 2 0
x-ui/web/service/inbound.go:617.16,619.3 1 0
x-ui/web/service/inbound.go:621.2,623.16 3 0
x-ui/web/service/inbound.go:623.16,625.3 1 0
x-ui/web/service/inbound.go:627.2,630.34 3 0
x-ui/web/service/inbound.go:630.34,631.57 1 0
x-ui/web/service/inbound.go:631.57,632.40 1 0
x-ui/web/service/inbound.go:632.40,634.5 1 0
x-ui/web/service/inbound.go:635.4,642.28 3 0
x-ui/web/service/inbound.go:645.2,646.16 2 0
x-ui/web/service/inbound.go:646.16,648.3 1 0
x-ui/web/service/inbound.go:649.2,649.22 1 0
x-ui/web/service/inbound.go:649.22,651.3 1 0
x-ui/web/service/inbound.go:653.2,654.16 2 0
x-ui/web/service/inbound.go:654.16,656.3 1 0
x-ui/web/service/inbound.go:659.2,659.33 1 0
x-ui/web/service/inbound.go:659.33,660.30 1 0
x-ui/web/service/inbound.go:661.17,662.29 1 0
x-ui/web/service/inbound.go:662.29,664.5 1 0
x-ui/web/service/inbound.go:665.22,666.26 1 0
x-ui/web/service/inbound.go:666.26,668.5 1 0
x-ui/web/service/inbound.go:669.11,670.23 1 0
x-ui/web/service/inbound.go:670.23,672.5 1 0
x-ui/web/service/inbound.go:676.2,678.16 3 0
x-ui/web/service/inbound.go:678.16,680.3 1 0
x-ui/web/service/inbound.go:682.2,688.16 5 0
x-ui/web/service/inbound.go:688.16,690.3 1 0
x-ui/web/service/inbound.go:692.2,697.15 4 0
x-ui/web/service/inbound.go:697.15,698.17 1 0
x-ui/web/service/inbound.go:698.17,700.4 1 0
x-ui/web/service/inbound.go:700.9,702.4 1 0
x-ui/web/service/inbound.go:705.2,707.33 3 0
x-ui/web/service/inbound.go:707.33,708.28 1 0
x-ui/web/service/inbound.go:708.28,710.21 2 0
x-ui/web/service/inbound.go:710.21,712.45 2 0
x-ui/web/service/inbound.go:712.45,714.6 1 0
x-ui/web/service/inbound.go:717.5,730.20 3 0
x-ui/web/service/inbound.go:730.20,732.6 1 0
x-ui/web/service/inbound.go:732.11,735.6 2 0
x-ui/web/service/inbound.go:737.9,739.4 1 0
x-ui/web/service/inbound.go:741.2,744.16 3 0
x-ui/web/service/inbound.go:744.16,746.3 1 0
x-ui/web/service/inbound.go:747.2,747.25 1 0
x-ui/web/service/inbound.go:750.89,752.16 2 0
x-ui/web/service/inbound.go:752.16,755.3 2 0
x-ui/web/service/inbound.go:756.2,758.16 3 0
x-ui/web/service/inbound.go:758.16,760.3 1 0
x-ui/web/service/inbound.go:762.2,764.37 3 0
x-ui/web/service/inbound.go:764.37,766.3 1 0
x-ui/web/service/inbound.go:767.2,767.42 1 0
x-ui/web/service/inbound.go:767.42,769.3 1 0
x-ui/web/service/inbound.go:771.2,774.42 4 0
x-ui/web/service/inbound.go:774.42,777.23 3 0
x-ui/web/service/inbound.go:777.23,780.4 2 0
x-ui/web/service/inbound.go:780.9,782.4 1 0
x-ui/web/service/inbound.go:785.2,785.26 1 0
x-ui/web/service/inbound.go:785.26,787.3 1 0
x-ui/web/service/inbound.go:789.2,791.16 3 0
x-ui/web/service/inbound.go:791.16,793.3 1 0
x-ui/web/service/inbound.go:795.2,800.16 4 0
x-ui/web/service/inbound.go:800.16,803.3 2 0
x-ui/web/service/inbound.go:804.2,806.20 2 0
x-ui/web/service/inbound.go:806.20,809.17 3 0
x-ui/web/service/inbound.go:809.17,812.4 2 0
x-ui/web/service/inbound.go:813.3,814.17 2 0
x-ui/web/service/inbound.go:814.17,817.4 2 0
x-ui/web/service/inbound.go:818.3,818.32 1 0
x-ui/web/service/inbound.go:818.32,821.19 3 0
x-ui/web/service/inbound.go:821.19,824.5 2 0
x-ui/web/service/inbound.go:824.10,825.81 1 0
x-ui/web/service/inbound.go:825.81,827.6 1 0
x-ui/web/service/inbound.go:827.11,830.6 2 0
x-ui/web/service/inbound.go:832.4,832.21 1 0
x-ui/web/service/inbound.go:835.2,836.16 2 0
x-ui/web/service/inbound.go:836.16,838.3 1 0
x-ui/web/service/inbound.go:839.2,839.25 1 0
x-ui/web/service/inbound.go:842.98,844.16 2 0
x-ui/web/service/inbound.go:844.16,846.3 1 0
x-ui/web/service/inbound.go:848.2,850.16 3 0
x-ui/web/service/inbound.go:850.16,852.3 1 0
x-ui/web/service/inbound.go:854.2,857.16 3 0
x-ui/web/service/inbound.go:857.16,859.3 1 0
x-ui/web/service/inbound.go:861.2,862.16 2 0
x-ui/web/service/inbound.go:862.16,864.3 1 0
x-ui/web/service/inbound.go:866.2,869.43 4 0
x-ui/web/service/inbound.go:869.43,871.30 2 0
x-ui/web/service/inbound.go:872.17,874.37 2 0
x-ui/web/service/inbound.go:875.22,877.34 2 0
x-ui/web/service/inbound.go:878.11,880.31 2 0
x-ui/web/service/inbound.go:882.3,882.30 1 0
x-ui/web/service/inbound.go:882.30,885.9 3 0
x-ui/web/service/inbound.go:890.2,890.44 1 0
x-ui/web/service/inbound.go:890.44,892.3 1 0
x-ui/web/service/inbound.go:894.2,894.63 1 0
x-ui/web/service/inbound.go:894.63,896.17 2 0
x-ui/web/service/inbound.go:896.17,898.4 1 0
x-ui/web/service/inbound.go:899.3,899.23 1 0
x-ui/web/service/inbound.go:899.23,901.4 1 0
x-ui/web/service/inbound.go:904.2,906.16 3 0
x-ui/web/service/inbound.go:906.16,908.3 1 0
x-ui/web/service/inbound.go:909.2,912.60 3 0
x-ui/web/service/inbound.go:912.60,913.70 1 0
x-ui/web/service/inbound.go:913.70,914.43 1 0
x-ui/web/service/inbound.go:914.43,916.5 1 0
x-ui/web/service/inbound.go:919.2,919.31 1 0
x-ui/web/service/inbound.go:919.31,920.61 1 0
x-ui/web/service/inbound.go:920.61,921.31 1 0
x-ui/web/service/inbound.go:921.31,923.5 1 0
x-ui/web/service/inbound.go:924.4,932.32 4 0
x-ui/web/service/inbound.go:935.2,939.16 4 0
x-ui/web/service/inbound.go:939.16,941.3 1 0
x-ui/web/service/inbound.go:943.2,947.15 4 0
x-ui/web/service/inbound.go:947.15,948.17 1 0
x-ui/web/service/inbound.go:948.17,950.4 1 0
x-ui/web/service/inbound.go:950.9,952.4 1 0
x-ui/web/service/inbound.go:955.2,955.31 1 0
x-ui/web/service/inbound.go:955.31,956.24 1 0
x-ui/web/service/inbound.go:956.24,958.18 2 0
x-ui/web/service/inbound.go:958.18,960.5 1 0
x-ui/web/service/inbound.go:961.4,962.18 2 0
x-ui/web/service/inbound.go:962.18,964.5 1 0
x-ui/web/service/inbound.go:965.9,967.4 1 0
x-ui/web/service/inbound.go:968.8,970.17 2 0
x-ui/web/service/inbound.go:970.17,972.4 1 0
x-ui/web/service/inbound.go:973.3,974.17 2 0
x-ui/web/service/inbound.go:974.17,976.4 1 0
x-ui/web/service/inbound.go:978.2,979.23 2 0
x-ui/web/service/inbound.go:979.23,981.37 2 0
x-ui/web/service/inbound.go:981.37,983.19 2 0
x-ui/web/service/inbound.go:983.19,985.5 1 0
x-ui/web/service/inbound.go:985.10,986.84 1 0
x-ui/web/service/inbound.go:986.84,988.6 1 0
x-ui/web/service/inbound.go:988.11,991.6 2 0
x-ui/web/service/inbound.go:994.3,994.24 1 0
x-ui/web/service/inbound.go:994.24,996.44 2 0
x-ui/web/service/inbound.go:996.44,998.5 1 0
x-ui/web/service/inbound.go:1001.4,1013.19 3 0
x-ui/web/service/inbound.go:1013.19,1015.5 1 0
x-ui/web/service/inbound.go:1015.10,1018.5 2 0
x-ui/web/service/inbound.go:1020.3,1020.20 1 0
x-ui/web/service/inbound.go:1021.8,1024.3 2 0
x-ui/web/service/inbound.go:1025.2,1026.16 2 0
x-ui/web/service/inbound.go:1026.16,1028.3 1 0
x-ui/web/service/inbound.go:1029.2,1029.25 1 0
x-ui/web/service/inbound.go:1032.122,1037.15 4 0
x-ui/web/service/inbound.go:1037.15,1038.17 1 0
x-ui/web/service/inbound.go:1038.17,1040.4 1 0
x-ui/web/service/inbound.go:1040.9,1042.4 1 0
x-ui/web/service/inbound.go:1044.2,1045.16 2 0
x-ui/web/service/inbound.go:1045.16,1047.3 1 0
x-ui/web/service/inbound.go:1048.2,1049.16 2 0
x-ui/web/service/inbound.go:1049.16,1051.3 1 0
x-ui/web/service/inbound.go:1053.2,1054.16 2 0
x-ui/web/service/inbound.go:1054.16,1056.3 1 0
x-ui/web/service/inbound.go:1056.8,1056.22 1 0
x-ui/web/service/inbound.go:1056.22,1058.3 1 0
x-ui/web/service/inbound.go:1060.2,1061.16 2 0
x-ui/web/service/inbound.go:1061.16,1063.3 1 0
x-ui/web/service/inbound.go:1063.8,1063.22 1 0
x-ui/web/service/inbound.go:1063.22,1065.3 1 0
x-ui/web/service/inbound.go:1067.2,1068.16 2 0
x-ui/web/service/inbound.go:1068.16,1070.3 1 0
x-ui/web/service/inbound.go:1070.8,1070.22 1 0
x-ui/web/service/inbound.go:1070.22,1072.3 1 0
x-ui/web/service/inbound.go:1073.2,1073.60 1 0
x-ui/web/service/inbound.go:1076.89,1077.24 1 0
x-ui/web/service/inbound.go:1077.24,1079.3 1 0
x-ui/web/service/inbound.go:1082.2,1087.35 3 0
x-ui/web/service/inbound.go:1087.35,1088.24 1 0
x-ui/web/service/inbound.go:1088.24,1089.56 1 0
x-ui/web/service/inbound.go:1089.56,1091.5 1 0
x-ui/web/service/inbound.go:1092.4,1095.36 4 0
x-ui/web/service/inbound.go:1099.2,1099.20 1 0
x-ui/web/service/inbound.go:1099.20,1101.3 1 0
x-ui/web/service/inbound.go:1104.2,1107.27 4 0
x-ui/web/service/inbound.go:1107.27,1112.3 4 0
x-ui/web/service/inbound.go:1113.2,1118.35 5 0
x-ui/web/service/inbound.go:1121.100,1122.24 1 0
x-ui/web/service/inbound.go:1122.24,1124.15 1 0
x-ui/web/service/inbound.go:1124.15,1126.4 1 0
x-ui/web/service/inbound.go:1127.3,1127.13 1 0
x-ui/web/service/inbound.go:1130.2,1133.35 3 0
x-ui/web/service/inbound.go:1133.35,1135.3 1 0
x-ui/web/service/inbound.go:1136.2,1138.16 3 0
x-ui/web/service/inbound.go:1138.16,1140.3 1 0
x-ui/web/service/inbound.go:1143.2,1143.32 1 0
x-ui/web/service/inbound.go:1143.32,1145.3 1 0
x-ui/web/service/inbound.go:1147.2,1148.16 2 0
x-ui/web/service/inbound.go:1148.16,1150.3 1 0
x-ui/web/service/inbound.go:1152.2,1152.48 1 0
x-ui/web/service/inbound.go:1152.48,1153.39 1 0
x-ui/web/service/inbound.go:1153.39,1154.80 1 0
x-ui/web/service/inbound.go:1154.80,1160.68 4 0
x-ui/web/service/inbound.go:1160.68,1163.6 2 0
x-ui/web/service/inbound.go:1164.5,1164.10 1 0
x-ui/web/service/inbound.go:1170.2,1170.14 1 0
x-ui/web/service/inbound.go:1170.14,1172.3 1 0
x-ui/web/service/inbound.go:1174.2,1175.16 2 0
x-ui/web/service/inbound.go:1175.16,1177.3 1 0
x-ui/web/service/inbound.go:1179.2,1179.12 1 0
x-ui/web/service/inbound.go:1182.125,1184.51 2 0
x-ui/web/service/inbound.go:1184.51,1185.37 1 0
x-ui/web/service/inbound.go:1185.37,1187.4 1 0
x-ui/web/service/inbound.go:1190.2,1190.25 1 0
x-ui/web/service/inbound.go:1190.25,1193.17 3 0
x-ui/web/service/inbound.go:1193.17,1195.4 1 0
x-ui/web/service/inbound.go:1196.3,1196.39 1 0
x-ui/web/service/inbound.go:1196.39,1200.10 4 0
x-ui/web/service/inbound.go:1200.10,1202.39 2 0
x-ui/web/service/inbound.go:1202.39,1204.50 2 0
x-ui/web/service/inbound.go:1204.50,1205.112 1 0
x-ui/web/service/inbound.go:1205.112,1211.13 6 0
x-ui/web/service/inbound.go:1215.6,1215.39 1 0
x-ui/web/service/inbound.go:1215.39,1217.7 1 0
x-ui/web/service/inbound.go:1218.6,1219.45 2 0
x-ui/web/service/inbound.go:1221.5,1223.19 3 0
x-ui/web/service/inbound.go:1223.19,1225.6 1 0
x-ui/web/service/inbound.go:1227.5,1227.64 1 0
x-ui/web/service/inbound.go:1230.3,1231.17 2 0
x-ui/web/service/inbound.go:1231.17,1234.4 2 0
x-ui/web/service/inbound.go:1237.2,1237.30 1 0
x-ui/web/service/inbound.go:1240.77,1247.16 5 0
x-ui/web/service/inbound.go:1247.16,1249.3 1 0
x-ui/web/service/inbound.go:1251.2,1251.24 1 0
x-ui/web/service/inbound.go:1251.24,1253.3 1 0
x-ui/web/service/inbound.go:1255.2,1264.35 5 0
x-ui/web/service/inbound.go:1264.35,1266.3 1 0
x-ui/web/service/inbound.go:1267.2,1268.16 2 0
x-ui/web/service/inbound.go:1268.16,1270.3 1 0
x-ui/web/service/inbound.go:1271.2,1271.38 1 0
x-ui/web/service/inbound.go:1271.38,1275.37 4 0
x-ui/web/service/inbound.go:1275.37,1277.49 2 0
x-ui/web/service/inbound.go:1277.49,1278.45 1 0
x-ui/web/service/inbound.go:1278.45,1280.30 2 0
x-ui/web/service/inbound.go:1280.30,1282.7 1 0
x-ui/web/service/inbound.go:1283.6,1287.25 5 0
x-ui/web/service/inbound.go:1287.25,1299.7 2 0
x-ui/web/service/inbound.go:1300.6,1301.11 2 0
x-ui/web/service/inbound.go:1305.3,1307.17 3 0
x-ui/web/service/inbound.go:1307.17,1309.4 1 0
x-ui/web/service/inbound.go:1310.3,1310.57 1 0
x-ui/web/service/inbound.go:1312.2,1313.16 2 0
x-ui/web/service/inbound.go:1313.16,1315.3 1 0
x-ui/web/service/inbound.go:1316.2,1317.16 2 0
x-ui/web/service/inbound.go:1317.16,1319.3 1 0
x-ui/web/service/inbound.go:1320.2,1320.14 1 0
x-ui/web/service/inbound.go:1320.14,1322.18 2 0
x-ui/web/service/inbound.go:1322.18,1324.4 1 0
x-ui/web/service/inbound.go:1325.3,1325.44 1 0
x-ui/web/service/inbound.go:1325.44,1327.19 2 0
x-ui/web/service/inbound.go:1327.19,1329.5 1 0
x-ui/web/service/inbound.go:1331.3,1331.20 1 0
x-ui/web/service/inbound.go:1333.2,1333.47 1 0
x-ui/web/service/inbound.go:1336.83,1340.14 3 0
x-ui/web/service/inbound.go:1340.14,1346.17 3 0
x-ui/web/service/inbound.go:1346.17,1348.4 1 0
x-ui/web/service/inbound.go:1349.3,1350.28 2 0
x-ui/web/service/inbound.go:1350.28,1352.19 2 0
x-ui/web/service/inbound.go:1352.19,1354.5 1 0
x-ui/web/service/inbound.go:1354.10,1357.5 2 0
x-ui/web/service/inbound.go:1359.3,1359.20 1 0
x-ui/web/service/inbound.go:1362.2,1367.32 4 0
x-ui/web/service/inbound.go:1370.82,1374.14 3 0
x-ui/web/service/inbound.go:1374.14,1385.17 3 0
x-ui/web/service/inbound.go:1385.17,1387.4 1 0
x-ui/web/service/inbound.go:1388.3,1389.34 2 0
x-ui/web/service/inbound.go:1389.34,1391.19 2 0
x-ui/web/service/inbound.go:1391.19,1393.5 1 0
x-ui/web/service/inbound.go:1393.10,1394.88 1 0
x-ui/web/service/inbound.go:1394.88,1396.6 1 0
x-ui/web/service/inbound.go:1396.11,1397.89 1 0
x-ui/web/service/inbound.go:1397.89,1399.7 1 0
x-ui/web/service/inbound.go:1399.12,1402.7 2 0
x-ui/web/service/inbound.go:1406.3,1406.20 1 0
x-ui/web/service/inbound.go:1408.2,1413.32 4 0
x-ui/web/service/inbound.go:1416.59,1420.49 4 0
x-ui/web/service/inbound.go:1420.49,1422.3 1 0
x-ui/web/service/inbound.go:1423.2,1424.26 2 0
x-ui/web/service/inbound.go:1427.60,1437.2 2 0
x-ui/web/service/inbound.go:1439.96,1452.2 12 0
x-ui/web/service/inbound.go:1454.98,1466.2 3 0
x-ui/web/service/inbound.go:1468.95,1470.2 1 0
x-ui/web/service/inbound.go:1472.73,1474.2 1 0
x-ui/web/service/inbound.go:1476.72,1478.2 1 0
x-ui/web/service/inbound.go:1480.134,1484.16 4 0
x-ui/web/service/inbound.go:1484.16,1487.3 2 0
x-ui/web/service/inbound.go:1488.2,1488.23 1 0
x-ui/web/service/inbound.go:1488.23,1491.3 2 0
x-ui/web/service/inbound.go:1492.2,1492.22 1 0
x-ui/web/service/inbound.go:1495.129,1499.16 4 0
x-ui/web/service/inbound.go:1499.16,1502.3 2 0
x-ui/web/service/inbound.go:1503.2,1503.23 1 0
x-ui/web/service/inbound.go:1503.23,1506.3 2 0
x-ui/web/service/inbound.go:1507.2,1507.22 1 0
x-ui/web/service/inbound.go:1510.107,1512.16 2 0
x-ui/web/service/inbound.go:1512.16,1514.3 1 0
x-ui/web/service/inbound.go:1515.2,1515.20 1 0
x-ui/web/service/inbound.go:1515.20,1517.3 1 0
x-ui/web/service/inbound.go:1519.2,1520.16 2 0
x-ui/web/service/inbound.go:1520.16,1522.3 1 0
x-ui/web/service/inbound.go:1524.2,1524.33 1 0
x-ui/web/service/inbound.go:1524.33,1525.34 1 0
x-ui/web/service/inbound.go:1525.34,1527.4 1 0
x-ui/web/service/inbound.go:1530.2,1530.89 1 0
x-ui/web/service/inbound.go:1533.91,1535.16 2 0
x-ui/web/service/inbound.go:1535.16,1537.3 1 0
x-ui/web/service/inbound.go:1538.2,1538.20 1 0
x-ui/web/service/inbound.go:1538.20,1540.3 1 0
x-ui/web/service/inbound.go:1542.2,1545.16 3 0
x-ui/web/service/inbound.go:1545.16,1547.3 1 0
x-ui/web/service/inbound.go:1549.2,1551.39 2 0
x-ui/web/service/inbound.go:1551.39,1552.37 1 0
x-ui/web/service/inbound.go:1552.37,1553.28 1 0
x-ui/web/service/inbound.go:1554.18,1555.34 1 0
x-ui/web/service/inbound.go:1556.23,1557.31 1 0
x-ui/web/service/inbound.go:1558.12,1559.28 1 0
x-ui/web/service/inbound.go:1561.4,1561.9 1 0
x-ui/web/service/inbound.go:1565.2,1565.24 1 0
x-ui/web/service/inbound.go:1565.24,1567.3 1 0
x-ui/web/service/inbound.go:1569.2,1571.16 3 0
x-ui/web/service/inbound.go:1571.16,1573.3 1 0
x-ui/web/service/inbound.go:1574.2,1576.36 3 0
x-ui/web/service/inbound.go:1576.36,1578.32 2 0
x-ui/web/service/inbound.go:1578.32,1582.4 3 0
x-ui/web/service/inbound.go:1584.2,1586.16 3 0
x-ui/web/service/inbound.go:1586.16,1588.3 1 0
x-ui/web/service/inbound.go:1589.2,1591.16 3 0
x-ui/web/service/inbound.go:1591.16,1593.3 1 0
x-ui/web/service/inbound.go:1594.2,1594.25 1 0
x-ui/web/service/inbound.go:1597.82,1599.16 2 0
x-ui/web/service/inbound.go:1599.16,1601.3 1 0
x-ui/web/service/inbound.go:1602.2,1602.20 1 0
x-ui/web/service/inbound.go:1602.20,1604.3 1 0
x-ui/web/service/inbound.go:1606.2,1607.16 2 0
x-ui/web/service/inbound.go:1607.16,1609.3 1 0
x-ui/web/service/inbound.go:1611.2,1613.33 2 0
x-ui/web/service/inbound.go:1613.33,1614.34 1 0
x-ui/web/service/inbound.go:1614.34,1616.9 2 0
x-ui/web/service/inbound.go:1620.2,1620.22 1 0
x-ui/web/service/inbound.go:1623.92,1625.16 2 0
x-ui/web/service/inbound.go:1625.16,1627.3 1 0
x-ui/web/service/inbound.go:1628.2,1628.20 1 0
x-ui/web/service/inbound.go:1628.20,1630.3 1 0
x-ui/web/service/inbound.go:1632.2,1633.16 2 0
x-ui/web/service/inbound.go:1633.16,1635.3 1 0
x-ui/web/service/inbound.go:1637.2,1640.39 3 0
x-ui/web/service/inbound.go:1640.39,1641.37 1 0
x-ui/web/service/inbound.go:1641.37,1642.28 1 0
x-ui/web/service/inbound.go:1643.18,1644.34 1 0
x-ui/web/service/inbound.go:1645.23,1646.31 1 0
x-ui/web/service/inbound.go:1647.12,1648.28 1 0
x-ui/web/service/inbound.go:1650.4,1651.9 2 0
x-ui/web/service/inbound.go:1655.2,1655.24 1 0
x-ui/web/service/inbound.go:1655.24,1657.3 1 0
x-ui/web/service/inbound.go:1659.2,1661.16 3 0
x-ui/web/service/inbound.go:1661.16,1663.3 1 0
x-ui/web/service/inbound.go:1664.2,1666.36 3 0
x-ui/web/service/inbound.go:1666.36,1668.32 2 0
x-ui/web/service/inbound.go:1668.32,1672.4 3 0
x-ui/web/service/inbound.go:1674.2,1676.16 3 0
x-ui/web/service/inbound.go:1676.16,1678.3 1 0
x-ui/web/service/inbound.go:1679.2,1682.16 3 0
x-ui/web/service/inbound.go:1682.16,1684.3 1 0
x-ui/web/service/inbound.go:1685.2,1685.16 1 0
x-ui/web/service/inbound.go:1685.16,1687.3 1 0
x-ui/web/service/inbound.go:1689.2,1689.44 1 0
x-ui/web/service/inbound.go:1692.97,1694.16 2 0
x-ui/web/service/inbound.go:1694.16,1696.3 1 0
x-ui/web/service/inbound.go:1697.2,1697.20 1 0
x-ui/web/service/inbound.go:1697.20,1699.3 1 0
x-ui/web/service/inbound.go:1701.2,1702.16 2 0
x-ui/web/service/inbound.go:1702.16,1704.3 1 0
x-ui/web/service/inbound.go:1706.2,1708.39 2 0
x-ui/web/service/inbound.go:1708.39,1709.37 1 0
x-ui/web/service/inbound.go:1709.37,1710.28 1 0
x-ui/web/service/inbound.go:1711.18,1712.34 1 0
x-ui/web/service/inbound.go:1713.23,1714.31 1 0
x-ui/web/service/inbound.go:1715.12,1716.28 1 0
x-ui/web/service/inbound.go:1718.4,1718.9 1 0
x-ui/web/service/inbound.go:1722.2,1722.24 1 0
x-ui/web/service/inbound.go:1722.24,1724.3 1 0
x-ui/web/service/inbound.go:1726.2,1728.16 3 0
x-ui/web/service/inbound.go:1728.16,1730.3 1 0
x-ui/web/service/inbound.go:1731.2,1733.36 3 0
x-ui/web/service/inbound.go:1733.36,1735.32 2 0
x-ui/web/service/inbound.go:1735.32,1739.4 3 0
x-ui/web/service/inbound.go:1741.2,1743.16 3 0
x-ui/web/service/inbound.go:1743.16,1745.3 1 0
x-ui/web/service/inbound.go:1746.2,1748.16 3 0
x-ui/web/service/inbound.go:1748.16,1750.3 1 0
x-ui/web/service/inbound.go:1751.2,1751.25 1 0
x-ui/web/service/inbound.go:1754.108,1756.16 2 0
x-ui/web/service/inbound.go:1756.16,1758.3 1 0
x-ui/web/service/inbound.go:1759.2,1759.20 1 0
x-ui/web/service/inbound.go:1759.20,1761.3 1 0
x-ui/web/service/inbound.go:1763.2,1764.16 2 0
x-ui/web/service/inbound.go:1764.16,1766.3 1 0
x-ui/web/service/inbound.go:1768.2,1770.39 2 0
x-ui/web/service/inbound.go:1770.39,1771.37 1 0
x-ui/web/service/inbound.go:1771.37,1772.28 1 0
x-ui/web/service/inbound.go:1773.18,1774.34 1 0
x-ui/web/service/inbound.go:1775.23,1776.31 1 0
x-ui/web/service/inbound.go:1777.12,1778.28 1 0
x-ui/web/service/inbound.go:1780.4,1780.9 1 0
x-ui/web/service/inbound.go:1784.2,1784.24 1 0
x-ui/web/service/inbound.go:1784.24,1786.3 1 0
x-ui/web/service/inbound.go:1788.2,1790.16 3 0
x-ui/web/service/inbound.go:1790.16,1792.3 1 0
x-ui/web/service/inbound.go:1793.2,1795.36 3 0
x-ui/web/service/inbound.go:1795.36,1797.32 2 0
x-ui/web/service/inbound.go:1797.32,1801.4 3 0
x-ui/web/service/inbound.go:1803.2,1805.16 3 0
x-ui/web/service/inbound.go:1805.16,1807.3 1 0
x-ui/web/service/inbound.go:1808.2,1810.16 3 0
x-ui/web/service/inbound.go:1810.16,1812.3 1 0
x-ui/web/service/inbound.go:1813.2,1813.25 1 0
x-ui/web/service/inbound.go:1816.104,1817.17 1 0
x-ui/web/service/inbound.go:1817.17,1819.3 1 0
x-ui/web/service/inbound.go:1820.2,1821.16 2 0
x-ui/web/service/inbound.go:1821.16,1823.3 1 0
x-ui/web/service/inbound.go:1824.2,1824.20 1 0
x-ui/web/service/inbound.go:1824.20,1826.3 1 0
x-ui/web/service/inbound.go:1828.2,1829.16 2 0
x-ui/web/service/inbound.go:1829.16,1831.3 1 0
x-ui/web/service/inbound.go:1833.2,1835.39 2 0
x-ui/web/service/inbound.go:1835.39,1836.37 1 0
x-ui/web/service/inbound.go:1836.37,1837.28 1 0
x-ui/web/service/inbound.go:1838.18,1839.34 1 0
x-ui/web/service/inbound.go:1840.23,1841.31 1 0
x-ui/web/service/inbound.go:1842.12,1843.28 1 0
x-ui/web/service/inbound.go:1845.4,1845.9 1 0
x-ui/web/service/inbound.go:1849.2,1849.24 1 0
x-ui/web/service/inbound.go:1849.24,1851.3 1 0
x-ui/web/service/inbound.go:1853.2,1855.16 3 0
x-ui/web/service/inbound.go:1855.16,1857.3 1 0
x-ui/web/service/inbound.go:1858.2,1860.36 3 0
x-ui/web/service/inbound.go:1860.36,1862.32 2 0
x-ui/web/service/inbound.go:1862.32,1866.4 3 0
x-ui/web/service/inbound.go:1868.2,1870.16 3 0
x-ui/web/service/inbound.go:1870.16,1872.3 1 0
x-ui/web/service/inbound.go:1873.2,1875.25 3 0
x-ui/web/service/inbound.go:1878.78,1886.16 4 0
x-ui/web/service/inbound.go:1886.16,1888.3 1 0
x-ui/web/service/inbound.go:1889.2,1889.12 1 0
x-ui/web/service/inbound.go:1892.87,1896.16 3 0
x-ui/web/service/inbound.go:1896.16,1898.3 1 0
x-ui/web/service/inbound.go:1900.2,1900.21 1 0
x-ui/web/service/inbound.go:1900.21,1902.17 2 0
x-ui/web/service/inbound.go:1902.17,1904.4 1 0
x-ui/web/service/inbound.go:1905.3,1906.17 2 0
x-ui/web/service/inbound.go:1906.17,1908.4 1 0
x-ui/web/service/inbound.go:1909.3,1909.34 1 0
x-ui/web/service/inbound.go:1909.34,1910.52 1 0
x-ui/web/service/inbound.go:1910.52,1913.50 3 0
x-ui/web/service/inbound.go:1913.50,1916.20 3 0
x-ui/web/service/inbound.go:1916.20,1918.7 1 0
x-ui/web/service/inbound.go:1919.6,1919.45 1 0
x-ui/web/service/inbound.go:1921.5,1929.20 2 0
x-ui/web/service/inbound.go:1929.20,1931.6 1 0
x-ui/web/service/inbound.go:1931.11,1934.6 2 0
x-ui/web/service/inbound.go:1935.5,1936.10 2 0
x-ui/web/service/inbound.go:1941.2,1947.16 6 0
x-ui/web/service/inbound.go:1947.16,1949.3 1 0
x-ui/web/service/inbound.go:1951.2,1951.25 1 0
x-ui/web/service/inbound.go:1954.63,1958.14 3 0
x-ui/web/service/inbound.go:1958.14,1960.3 1 0
x-ui/web/service/inbound.go:1960.8,1962.3 1 0
x-ui/web/service/inbound.go:1964.2,1969.12 3 0
x-ui/web/service/inbound.go:1972.51,1981.2 4 0
x-ui/web/service/inbound.go:1983.65,1986.15 3 0
x-ui/web/service/inbound.go:1986.15,1987.17 1 0
x-ui/web/service/inbound.go:1987.17,1989.4 1 0
x-ui/web/service/inbound.go:1989.9,1991.4 1 0
x-ui/web/service/inbound.go:1994.2,1995.12 2 0
x-ui/web/service/inbound.go:1995.12,1997.3 1 0
x-ui/web/service/inbound.go:1997.8,1999.3 1 0
x-ui/web/service/inbound.go:2001.2,2003.16 3 0
x-ui/web/service/inbound.go:2003.16,2005.3 1 0
x-ui/web/service/inbound.go:2007.2,2007.49 1 0
x-ui/web/service/inbound.go:2007.49,2010.17 3 0
x-ui/web/service/inbound.go:2010.17,2012.4 1 0
x-ui/web/service/inbound.go:2013.3,2015.17 3 0
x-ui/web/service/inbound.go:2015.17,2017.4 1 0
x-ui/web/service/inbound.go:2019.3,2021.37 3 0
x-ui/web/service/inbound.go:2021.37,2024.33 3 0
x-ui/web/service/inbound.go:2024.33,2025.37 1 0
x-ui/web/service/inbound.go:2025.37,2027.11 2 0
x-ui/web/service/inbound.go:2030.4,2030.16 1 0
x-ui/web/service/inbound.go:2030.16,2032.5 1 0
x-ui/web/service/inbound.go:2034.3,2034.26 1 0
x-ui/web/service/inbound.go:2034.26,2038.18 3 0
x-ui/web/service/inbound.go:2038.18,2040.5 1 0
x-ui/web/service/inbound.go:2042.4,2044.18 3 0
x-ui/web/service/inbound.go:2044.18,2046.5 1 0
x-ui/web/service/inbound.go:2047.9,2050.4 1 0
x-ui/web/service/inbound.go:2053.2,2054.16 2 0
x-ui/web/service/inbound.go:2054.16,2056.3 1 0
x-ui/web/service/inbound.go:2058.2,2058.12 1 0
x-ui/web/service/inbound.go:2061.91,2067.49 4 0
x-ui/web/service/inbound.go:2067.49,2070.3 2 0
x-ui/web/service/inbound.go:2072.2,2073.35 2 0
x-ui/web/service/inbound.go:2073.35,2075.17 2 0
x-ui/web/service/inbound.go:2075.17,2077.12 2 0
x-ui/web/service/inbound.go:2079.3,2079.34 1 0
x-ui/web/service/inbound.go:2079.34,2080.27 1 0
x-ui/web/service/inbound.go:2080.27,2082.5 1 0
x-ui/web/service/inbound.go:2086.2,2088.16 3 0
x-ui/web/service/inbound.go:2088.16,2089.36 1 0
x-ui/web/service/inbound.go:2089.36,2092.4 2 0
x-ui/web/service/inbound.go:2093.3,2094.18 2 0
x-ui/web/service/inbound.go:2097.2,2097.22 1 0
x-ui/web/service/inbound.go:2100.105,2105.16 4 0
x-ui/web/service/inbound.go:2105.16,2108.3 2 0
x-ui/web/service/inbound.go:2109.2,2109.23 1 0
x-ui/web/service/inbound.go:2109.23,2111.3 1 0
x-ui/web/service/inbound.go:2113.2,2113.17 1 0
x-ui/web/service/inbound.go:2116.103,2124.16 4 0
x-ui/web/service/inbound.go:2124.16,2127.3 2 0
x-ui/web/service/inbound.go:2128.2,2128.12 1 0
x-ui/web/service/inbound.go:2131.88,2143.16 4 0
x-ui/web/service/inbound.go:2143.16,2146.3 2 0
x-ui/web/service/inbound.go:2147.2,2147.22 1 0
x-ui/web/service/inbound.go:2150.101,2157.16 5 0
x-ui/web/service/inbound.go:2157.16,2158.36 1 0
x-ui/web/service/inbound.go:2158.36,2161.4 2 0
x-ui/web/service/inbound.go:2162.3,2163.18 2 0
x-ui/web/service/inbound.go:2166.2,2170.76 3 0
x-ui/web/service/inbound.go:2170.76,2173.3 2 0
x-ui/web/service/inbound.go:2175.2,2176.33 2 0
x-ui/web/service/inbound.go:2176.33,2177.77 1 0
x-ui/web/service/inbound.go:2177.77,2179.9 2 0
x-ui/web/service/inbound.go:2183.2,2183.25 1 0
x-ui/web/service/inbound.go:2183.25,2186.3 2 0
x-ui/web/service/inbound.go:2189.2,2190.16 2 0
x-ui/web/service/inbound.go:2190.16,2191.36 1 0
x-ui/web/service/inbound.go:2191.36,2194.4 2 0
x-ui/web/service/inbound.go:2195.3,2196.18 2 0
x-ui/web/service/inbound.go:2199.2,2199.21 1 0
x-ui/web/service/inbound.go:2202.82,2206.16 4 0
x-ui/web/service/inbound.go:2206.16,2208.3 1 0
x-ui/web/service/inbound.go:2209.2,2209.34 1 0
x-ui/web/service/inbound.go:2212.67,2219.16 4 0
x-ui/web/service/inbound.go:2219.16,2221.3 1 0
x-ui/web/service/inbound.go:2222.2,2222.12 1 0
x-ui/web/service/inbound.go:2225.81,2229.49 4 0
x-ui/web/service/inbound.go:2229.49,2231.3 1 0
x-ui/web/service/inbound.go:2232.2,2232.22 1 0
x-ui/web/service/inbound.go:2235.50,2239.15 4 0
x-ui/web/service/inbound.go:2239.15,2240.17 1 0
x-ui/web/service/inbound.go:2240.17,2242.4 1 0
x-ui/web/service/inbound.go:2242.9,2244.4 1 0
x-ui/web/service/inbound.go:2248.2,2253.16 2 0
x-ui/web/service/inbound.go:2253.16,2255.3 1 0
x-ui/web/service/inbound.go:2256.2,2262.16 2 0
x-ui/web/service/inbound.go:2262.16,2264.3 1 0
x-ui/web/service/inbound.go:2267.2,2269.49 3 0
x-ui/web/service/inbound.go:2269.49,2271.3 1 0
x-ui/web/service/inbound.go:2272.2,2272.38 1 0
x-ui/web/service/inbound.go:2272.38,2276.9 4 0
x-ui/web/service/inbound.go:2276.9,2279.38 2 0
x-ui/web/service/inbound.go:2279.38,2283.33 2 0
x-ui/web/service/inbound.go:2283.33,2285.6 1 0
x-ui/web/service/inbound.go:2288.5,2288.31 1 0
x-ui/web/service/inbound.go:2288.31,2290.44 2 0
x-ui/web/service/inbound.go:2290.44,2292.21 2 0
x-ui/web/service/inbound.go:2292.21,2294.8 1 0
x-ui/web/service/inbound.go:2299.5,2299.31 1 0
x-ui/web/service/inbound.go:2299.31,2300.41 1 0
x-ui/web/service/inbound.go:2300.41,2302.7 1 0
x-ui/web/service/inbound.go:2305.5,2305.38 1 0
x-ui/web/service/inbound.go:2305.38,2307.6 1 0
x-ui/web/service/inbound.go:2308.5,2311.38 2 0
x-ui/web/service/inbound.go:2311.38,2313.6 1 0
x-ui/web/service/inbound.go:2315.5,2315.44 1 0
x-ui/web/service/inbound.go:2317.4,2319.18 3 0
x-ui/web/service/inbound.go:2319.18,2321.5 1 0
x-ui/web/service/inbound.go:2323.4,2323.63 1 0
x-ui/web/service/inbound.go:2327.3,2328.17 2 0
x-ui/web/service/inbound.go:2328.17,2330.4 1 0
x-ui/web/service/inbound.go:2331.3,2331.44 1 0
x-ui/web/service/inbound.go:2331.44,2332.34 1 0
x-ui/web/service/inbound.go:2332.34,2335.19 3 0
x-ui/web/service/inbound.go:2335.19,2337.6 1 0
x-ui/web/service/inbound.go:2341.2,2342.35 2 0
x-ui/web/service/inbound.go:2342.35,2344.3 1 0
x-ui/web/service/inbound.go:2347.2,2360.43 4 0
x-ui/web/service/inbound.go:2360.43,2362.3 1 0
x-ui/web/service/inbound.go:2364.2,2364.35 1 0
x-ui/web/service/inbound.go:2364.35,2368.68 4 0
x-ui/web/service/inbound.go:2368.68,2369.68 1 0
x-ui/web/service/inbound.go:2369.68,2370.55 1 0
x-ui/web/service/inbound.go:2370.55,2371.37 1 0
x-ui/web/service/inbound.go:2371.37,2372.55 1 0
x-ui/web/service/inbound.go:2372.55,2377.8 4 0
x-ui/web/service/inbound.go:2380.5,2381.32 2 0
x-ui/web/service/inbound.go:2384.3,2386.88 3 0
x-ui/web/service/inbound.go:2389.2,2392.16 2 0
x-ui/web/service/inbound.go:2392.16,2394.3 1 0
x-ui/web/service/inbound.go:2397.38,2400.2 2 0
x-ui/web/service/inbound.go:2402.54,2404.2 1 0
x-ui/web/service/inbound.go:2406.75,2410.49 4 0
x-ui/web/service/inbound.go:2410.49,2412.3 1 0
x-ui/web/service/inbound.go:2413.2,2414.25 2 0
x-ui/web/service/inbound.go:2414.25,2416.3 1 0
x-ui/web/service/inbound.go:2417.2,2417.20 1 0
x-ui/web/service/inbound.go:2420.97,2426.49 4 0
x-ui/web/service/inbound.go:2426.49,2428.3 1 0
x-ui/web/service/inbound.go:2431.2,2431.42 1 0
x-ui/web/service/inbound.go:2431.42,2433.3 1 0
x-ui/web/service/inbound.go:2436.2,2438.33 3 0
x-ui/web/service/inbound.go:2438.33,2441.3 2 0
x-ui/web/service/inbound.go:2444.2,2445.31 2 0
x-ui/web/service/inbound.go:2445.31,2446.20 1 0
x-ui/web/service/inbound.go:2446.20,2448.4 1 0
x-ui/web/service/inbound.go:2451.2,2451.38 1 0
x-ui/web/service/outbound.go:14.116,19.15 4 0
x-ui/web/service/outbound.go:19.15,20.17 1 0
x-ui/web/service/outbound.go:20.17,22.4 1 0
x-ui/web/service/outbound.go:22.9,24.4 1 0
x-ui/web/service/outbound.go:27.2,28.16 2 0
x-ui/web/service/outbound.go:28.16,30.3 1 0
x-ui/web/service/outbound.go:32.2,32.19 1 0
x-ui/web/service/outbound.go:35.91,36.24 1 0
x-ui/web/service/outbound.go:36.24,38.3 1 0
x-ui/web/service/outbound.go:40.2,42.35 2 0
x-ui/web/service/outbound.go:42.35,43.25 1 0
x-ui/web/service/outbound.go:43.25,49.18 3 0
x-ui/web/service/outbound.go:49.18,51.5 1 0
x-ui/web/service/outbound.go:53.4,59.18 6 0
x-ui/web/service/outbound.go:59.18,61.5 1 0
x-ui/web/service/outbound.go:64.2,64.12 1 0
x-ui/web/service/outbound.go:67.84,72.16 4 0
x-ui/web/service/outbound.go:72.16,75.3 2 0
x-ui/web/service/outbound.go:77.2,77.22 1 0
x-ui/web/service/outbound.go:80.66,84.24 3 0
x-ui/web/service/outbound.go:84.24,86.3 1 0
x-ui/web/service/outbound.go:86.8,88.3 1 0
x-ui/web/service/outbound.go:90.2,95.16 3 0
x-ui/web/service/outbound.go:95.16,97.3 1 0
x-ui/web/service/outbound.go:99.2,99.12 1 0
x-ui/web/service/panel.go:13.64,15.16 2 0
x-ui/web/service/panel.go:15.16,17.3 1 0
x-ui/web/service/panel.go:18.2,18.12 1 0
x-ui/web/service/panel.go:18.12,21.17 3 0
x-ui/web/service/panel.go:21.17,23.4 1 0
x-ui/web/service/panel.go:25.2,25.12 1 0
x-ui/web/service/server.go:109.71,111.2 1 0
x-ui/web/service/server.go:113.37,119.16 3 0
x-ui/web/service/server.go:119.16,121.3 1 0
x-ui/web/service/server.go:122.2,125.105 2 0
x-ui/web/service/server.go:125.105,127.3 1 0
x-ui/web/service/server.go:128.2,128.38 1 0
x-ui/web/service/server.go:128.38,130.3 1 0
x-ui/web/service/server.go:132.2,133.16 2 0
x-ui/web/service/server.go:133.16,135.3 1 0
x-ui/web/service/server.go:137.2,138.20 2 0
x-ui/web/service/server.go:138.20,140.3 1 0
x-ui/web/service/server.go:142.2,142.17 1 0
x-ui/web/service/server.go:145.63,153.16 4 0
x-ui/web/service/server.go:153.16,155.3 1 0
x-ui/web/service/server.go:155.8,157.3 1 0
x-ui/web/service/server.go:159.2,160.16 2 0
x-ui/web/service/server.go:160.16,162.3 1 0
x-ui/web/service/server.go:164.2,167.16 3 0
x-ui/web/service/server.go:167.16,169.3 1 0
x-ui/web/service/server.go:169.8,169.30 1 0
x-ui/web/service/server.go:169.30,171.3 1 0
x-ui/web/service/server.go:171.8,173.3 1 0
x-ui/web/service/server.go:176.2,177.16 2 0
x-ui/web/service/server.go:177.16,179.3 1 0
x-ui/web/service/server.go:179.8,181.3 1 0
x-ui/web/service/server.go:184.2,185.16 2 0
x-ui/web/service/server.go:185.16,187.3 1 0
x-ui/web/service/server.go:187.8,190.3 2 0
x-ui/web/service/server.go:192.2,193.16 2 0
x-ui/web/service/server.go:193.16,195.3 1 0
x-ui/web/service/server.go:195.8,198.3 2 0
x-ui/web/service/server.go:201.2,202.16 2 0
x-ui/web/service/server.go:202.16,204.3 1 0
x-ui/web/service/server.go:204.8,207.3 2 0
x-ui/web/service/server.go:210.2,211.16 2 0
x-ui/web/service/server.go:211.16,213.3 1 0
x-ui/web/service/server.go:213.8,215.3 1 0
x-ui/web/service/server.go:218.2,219.16 2 0
x-ui/web/service/server.go:219.16,221.3 1 0
x-ui/web/service/server.go:221.8,221.29 1 0
x-ui/web/service/server.go:221.29,226.24 4 0
x-ui/web/service/server.go:226.24,233.4 6 0
x-ui/web/service/server.go:234.8,236.3 1 0
x-ui/web/service/server.go:239.2,240.16 2 0
x-ui/web/service/server.go:240.16,242.3 1 0
x-ui/web/service/server.go:244.2,245.16 2 0
x-ui/web/service/server.go:245.16,247.3 1 0
x-ui/web/service/server.go:250.2,266.24 3 0
x-ui/web/service/server.go:266.24,267.50 1 0
x-ui/web/service/server.go:267.50,269.29 2 0
x-ui/web/service/server.go:269.29,270.10 1 0
x-ui/web/service/server.go:275.2,275.37 1 0
x-ui/web/service/server.go:275.37,276.50 1 0
x-ui/web/service/server.go:276.50,278.29 2 0
x-ui/web/service/server.go:278.29,279.10 1 0
x-ui/web/service/server.go:284.2,284.27 1 0
x-ui/web/service/server.go:284.27,286.3 1 0
x-ui/web/service/server.go:288.2,292.35 3 0
x-ui/web/service/server.go:292.35,295.3 2 0
x-ui/web/service/server.go:295.8,297.17 2 0
x-ui/web/service/server.go:297.17,299.4 1 0
x-ui/web/service/server.go:299.9,301.4 1 0
x-ui/web/service/server.go:302.3,302.55 1 0
x-ui/web/service/server.go:304.2,311.31 6 0
x-ui/web/service/server.go:311.31,313.3 1 0
x-ui/web/service/server.go:313.8,315.3 1 0
x-ui/web/service/server.go:317.2,317.15 1 0
x-ui/web/service/server.go:320.61,333.16 4 0
x-ui/web/service/server.go:333.16,335.3 1 0
x-ui/web/service/server.go:336.2,339.16 3 0
x-ui/web/service/server.go:339.16,342.3 2 0
x-ui/web/service/server.go:343.2,346.38 2 0
x-ui/web/service/server.go:346.38,348.3 1 0
x-ui/web/service/server.go:350.2,352.54 3 0
x-ui/web/service/server.go:352.54,354.3 1 0
x-ui/web/service/server.go:356.2,357.66 2 0
x-ui/web/service/server.go:357.66,359.3 1 0
x-ui/web/service/server.go:361.2,362.35 2 0
x-ui/web/service/server.go:362.35,365.42 2 0
x-ui/web/service/server.go:365.42,366.12 1 0
x-ui/web/service/server.go:370.3,372.25 3 0
x-ui/web/service/server.go:372.25,373.12 1 0
x-ui/web/service/server.go:377.3,380.48 4 0
x-ui/web/service/server.go:380.48,381.12 1 0
x-ui/web/service/server.go:384.3,384.42 1 0
x-ui/web/service/server.go:388.2,388.24 1 0
x-ui/web/service/server.go:388.24,390.3 1 0
x-ui/web/service/server.go:393.2,393.23 1 0
x-ui/web/service/server.go:393.23,395.3 1 0
x-ui/web/service/server.go:397.2,398.22 2 0
x-ui/web/service/server.go:401.49,403.16 2 0
x-ui/web/service/server.go:403.16,406.3 2 0
x-ui/web/service/server.go:407.2,407.12 1 0
x-ui/web/service/server.go:410.52,412.16 2 0
x-ui/web/service/server.go:412.16,415.3 2 0
x-ui/web/service/server.go:416.2,416.12 1 0
x-ui/web/service/server.go:420.40,424.16 3 0
x-ui/web/service/server.go:424.16,427.54 2 0
x-ui/web/service/server.go:427.54,429.4 1 0
x-ui/web/service/server.go:431.3,431.30 1 0
x-ui/web/service/server.go:431.30,433.4 1 0
x-ui/web/service/server.go:435.3,435.20 1 0
x-ui/web/service/server.go:439.2,439.23 1 0
x-ui/web/service/server.go:442.70,446.16 3 0
x-ui/web/service/server.go:447.16,448.19 1 0
x-ui/web/service/server.go:449.17,450.21 1 0
x-ui/web/service/server.go:454.2,456.14 2 0
x-ui/web/service/server.go:457.15,458.14 1 0
x-ui/web/service/server.go:459.15,460.21 1 0
x-ui/web/service/server.go:461.15,462.21 1 0
x-ui/web/service/server.go:463.15,464.20 1 0
x-ui/web/service/server.go:465.15,466.20 1 0
x-ui/web/service/server.go:467.13,470.25 1 0
x-ui/web/service/server.go:470.25,473.4 2 0
x-ui/web/service/server.go:473.9,475.4 1 0
x-ui/web/service/server.go:476.15,477.17 1 0
x-ui/web/service/server.go:478.10,480.35 1 0
x-ui/web/service/server.go:480.35,483.4 2 0
x-ui/web/service/server.go:486.2,496.16 5 0
x-ui/web/service/server.go:496.16,498.3 1 0
x-ui/web/service/server.go:499.2,502.16 3 0
x-ui/web/service/server.go:502.16,504.3 1 0
x-ui/web/service/server.go:505.2,508.38 2 0
x-ui/web/service/server.go:508.38,510.3 1 0
x-ui/web/service/server.go:512.2,514.16 3 0
x-ui/web/service/server.go:514.16,516.3 1 0
x-ui/web/service/server.go:517.2,520.16 3 0
x-ui/web/service/server.go:520.16,522.3 1 0
x-ui/web/service/server.go:524.2,524.22 1 0
x-ui/web/service/server.go:527.58,529.12 1 0
x-ui/web/service/server.go:529.12,536.18 3 0
x-ui/web/service/server.go:536.18,538.64 2 0
x-ui/web/service/server.go:538.64,540.5 1 0
x-ui/web/service/server.go:543.3,546.45 2 0
x-ui/web/service/server.go:546.45,549.4 2 0
x-ui/web/service/server.go:549.9,552.18 2 0
x-ui/web/service/server.go:552.18,555.5 2 0
x-ui/web/service/server.go:555.10,559.19 3 0
x-ui/web/service/server.go:559.19,562.6 2 0
x-ui/web/service/server.go:562.11,566.20 3 0
x-ui/web/service/server.go:566.20,569.7 2 0
x-ui/web/service/server.go:569.12,571.21 2 0
x-ui/web/service/server.go:571.21,574.8 2 0
x-ui/web/service/server.go:574.13,576.67 1 0
x-ui/web/service/server.go:576.67,578.23 2 0
x-ui/web/service/server.go:578.23,580.10 1 0
x-ui/web/service/server.go:581.9,585.23 5 0
x-ui/web/service/server.go:585.23,587.10 1 0
x-ui/web/service/server.go:588.9,590.19 3 0
x-ui/web/service/server.go:594.8,594.37 1 0
x-ui/web/service/server.go:594.37,597.9 2 0
x-ui/web/service/server.go:597.14,599.9 1 0
x-ui/web/service/server.go:600.8,600.22 1 0
x-ui/web/service/server.go:600.22,603.9 2 0
x-ui/web/service/server.go:603.14,605.63 1 0
x-ui/web/service/server.go:605.63,608.10 2 0
x-ui/web/service/server.go:617.3,617.18 1 0
x-ui/web/service/server.go:617.18,618.24 1 0
x-ui/web/service/server.go:618.24,621.67 2 0
x-ui/web/service/server.go:621.67,623.6 1 0
x-ui/web/service/server.go:624.10,627.64 2 0
x-ui/web/service/server.go:627.64,629.6 1 0
x-ui/web/service/server.go:633.3,633.23 1 0
x-ui/web/service/server.go:633.23,635.4 1 0
x-ui/web/service/server.go:635.9,637.4 1 0
x-ui/web/service/server.go:640.2,640.12 1 0
x-ui/web/service/server.go:643.85,647.22 3 0
x-ui/web/service/server.go:647.22,654.17 6 0
x-ui/web/service/server.go:654.17,656.4 1 0
x-ui/web/service/server.go:657.3,657.44 1 0
x-ui/web/service/server.go:658.8,660.3 1 0
x-ui/web/service/server.go:662.2,662.14 1 0
x-ui/web/service/server.go:672.32,678.16 4 0
x-ui/web/service/server.go:678.16,680.3 1 0
x-ui/web/service/server.go:682.2,683.16 2 0
x-ui/web/service/server.go:683.16,685.3 1 0
x-ui/web/service/server.go:686.2,690.21 3 0
x-ui/web/service/server.go:690.21,693.57 2 0
x-ui/web/service/server.go:693.57,695.12 1 0
x-ui/web/service/server.go:698.3,698.54 1 0
x-ui/web/service/server.go:698.54,700.12 1 0
x-ui/web/service/server.go:704.3,704.32 1 0
x-ui/web/service/server.go:704.32,705.29 1 0
x-ui/web/service/server.go:705.29,706.13 1 0
x-ui/web/service/server.go:708.4,708.22 1 0
x-ui/web/service/server.go:709.9,709.41 1 0
x-ui/web/service/server.go:709.41,710.30 1 0
x-ui/web/service/server.go:710.30,711.13 1 0
x-ui/web/service/server.go:713.4,713.22 1 0
x-ui/web/service/server.go:714.9,715.28 1 0
x-ui/web/service/server.go:715.28,716.13 1 0
x-ui/web/service/server.go:718.4,718.22 1 0
x-ui/web/service/server.go:721.3,721.30 1 0
x-ui/web/service/server.go:724.2,724.27 1 0
x-ui/web/service/server.go:724.27,726.3 1 0
x-ui/web/service/server.go:728.2,728.14 1 0
x-ui/web/service/server.go:731.53,732.31 1 0
x-ui/web/service/server.go:732.31,733.39 1 0
x-ui/web/service/server.go:733.39,735.4 1 0
x-ui/web/service/server.go:737.2,737.14 1 0
x-ui/web/service/server.go:740.54,742.16 2 0
x-ui/web/service/server.go:742.16,744.3 1 0
x-ui/web/service/server.go:746.2,747.16 2 0
x-ui/web/service/server.go:747.16,749.3 1 0
x-ui/web/service/server.go:751.2,753.16 3 0
x-ui/web/service/server.go:753.16,755.3 1 0
x-ui/web/service/server.go:757.2,757.22 1 0
x-ui/web/service/server.go:760.49,763.16 2 0
x-ui/web/service/server.go:763.16,765.3 1 0
x-ui/web/service/server.go:767.2,768.16 2 0
x-ui/web/service/server.go:768.16,770.3 1 0
x-ui/web/service/server.go:771.2,775.16 3 0
x-ui/web/service/server.go:775.16,777.3 1 0
x-ui/web/service/server.go:779.2,779.26 1 0
x-ui/web/service/server.go:782.61,785.16 2 0
x-ui/web/service/server.go:785.16,787.3 1 0
x-ui/web/service/server.go:788.2,788.16 1 0
x-ui/web/service/server.go:788.16,790.3 1 0
x-ui/web/service/server.go:793.2,794.16 2 0
x-ui/web/service/server.go:794.16,796.3 1 0
x-ui/web/service/server.go:799.2,802.45 2 0
x-ui/web/service/server.go:802.45,803.57 1 0
x-ui/web/service/server.go:803.57,805.4 1 0
x-ui/web/service/server.go:809.2,810.16 2 0
x-ui/web/service/server.go:810.16,812.3 1 0
x-ui/web/service/server.go:815.2,815.15 1 0
x-ui/web/service/server.go:815.15,816.22 1 0
x-ui/web/service/server.go:816.22,817.45 1 0
x-ui/web/service/server.go:817.45,819.5 1 0
x-ui/web/service/server.go:821.3,821.46 1 0
x-ui/web/service/server.go:821.46,822.48 1 0
x-ui/web/service/server.go:822.48,824.5 1 0
x-ui/web/service/server.go:829.2,829.50 1 0
x-ui/web/service/server.go:829.50,831.3 1 0
x-ui/web/service/server.go:834.2,834.49 1 0
x-ui/web/service/server.go:834.49,836.3 1 0
x-ui/web/service/server.go:839.2,845.49 3 0
x-ui/web/service/server.go:845.49,846.61 1 0
x-ui/web/service/server.go:846.61,848.4 1 0
x-ui/web/service/server.go:852.2,852.67 1 0
x-ui/web/service/server.go:852.67,854.3 1 0
x-ui/web/service/server.go:857.2,857.15 1 0
x-ui/web/service/server.go:857.15,858.50 1 0
x-ui/web/service/server.go:858.50,859.52 1 0
x-ui/web/service/server.go:859.52,861.5 1 0
x-ui/web/service/server.go:866.2,866.63 1 0
x-ui/web/service/server.go:866.63,868.81 1 0
x-ui/web/service/server.go:868.81,870.4 1 0
x-ui/web/service/server.go:871.3,871.59 1 0
x-ui/web/service/server.go:875.2,875.59 1 0
x-ui/web/service/server.go:875.59,876.81 1 0
x-ui/web/service/server.go:876.81,878.4 1 0
x-ui/web/service/server.go:879.3,879.57 1 0
x-ui/web/service/server.go:882.2,885.46 2 0
x-ui/web/service/server.go:885.46,887.3 1 0
x-ui/web/service/server.go:889.2,889.12 1 0
x-ui/web/service/server.go:892.62,905.51 2 0
x-ui/web/service/server.go:905.51,913.17 3 0
x-ui/web/service/server.go:913.17,915.4 1 0
x-ui/web/service/server.go:916.3,919.17 3 0
x-ui/web/service/server.go:919.17,921.4 1 0
x-ui/web/service/server.go:922.3,925.39 2 0
x-ui/web/service/server.go:925.39,927.4 1 0
x-ui/web/service/server.go:929.3,930.17 2 0
x-ui/web/service/server.go:930.17,932.4 1 0
x-ui/web/service/server.go:933.3,936.17 3 0
x-ui/web/service/server.go:936.17,938.4 1 0
x-ui/web/service/server.go:940.3,940.13 1 0
x-ui/web/service/server.go:943.2,945.20 2 0
x-ui/web/service/server.go:945.20,946.30 1 0
x-ui/web/service/server.go:946.30,949.59 2 0
x-ui/web/service/server.go:949.59,951.5 1 0
x-ui/web/service/server.go:953.8,957.30 3 0
x-ui/web/service/server.go:957.30,958.33 1 0
x-ui/web/service/server.go:958.33,960.10 2 0
x-ui/web/service/server.go:964.3,964.20 1 0
x-ui/web/service/server.go:964.20,966.4 1 0
x-ui/web/service/server.go:968.3,968.57 1 0
x-ui/web/service/server.go:968.57,970.4 1 0
x-ui/web/service/server.go:973.2,974.16 2 0
x-ui/web/service/server.go:974.16,976.3 1 0
x-ui/web/service/server.go:978.2,978.28 1 0
x-ui/web/service/server.go:978.28,980.3 1 0
x-ui/web/service/server.go:982.2,982.12 1 0
x-ui/web/service/server.go:985.57,991.16 5 0
x-ui/web/service/server.go:991.16,993.3 1 0
x-ui/web/service/server.go:995.2,1008.21 7 0
x-ui/web/service/server.go:1011.54,1017.16 5 0
x-ui/web/service/server.go:1017.16,1019.3 1 0
x-ui/web/service/server.go:1021.2,1034.21 7 0
x-ui/web/service/server.go:1037.72,1043.16 5 0
x-ui/web/service/server.go:1043.16,1045.3 1 0
x-ui/web/service/server.go:1047.2,1048.20 2 0
x-ui/web/service/server.go:1048.20,1050.3 1 0
x-ui/web/service/server.go:1052.2,1058.8 3 0
x-ui/web/service/server.go:1061.55,1065.34 4 0
x-ui/web/service/server.go:1065.34,1067.3 1 0
x-ui/web/service/server.go:1069.2,1074.29 4 0
x-ui/web/service/server.go:1074.29,1076.49 2 0
x-ui/web/service/server.go:1076.49,1077.22 1 0
x-ui/web/service/server.go:1077.22,1079.5 1 0
x-ui/web/service/server.go:1080.4,1082.5 1 0
x-ui/web/service/server.go:1083.9,1083.96 1 0
x-ui/web/service/server.go:1083.96,1085.41 2 0
x-ui/web/service/server.go:1085.41,1089.5 3 0
x-ui/web/service/server.go:1093.2,1093.20 1 0
x-ui/web/service/server.go:1093.20,1095.3 1 0
x-ui/web/service/server.go:1097.2,1099.8 1 0
x-ui/web/service/server.go:1102.65,1104.16 2 0
x-ui/web/service/server.go:1104.16,1106.3 1 0
x-ui/web/service/server.go:1108.2,1110.8 1 0
x-ui/web/service/server.go:1113.55,1119.16 5 0
x-ui/web/service/server.go:1119.16,1121.3 1 0
x-ui/web/service/server.go:1123.2,1136.21 7 0
x-ui/web/service/server.go:1140.73,1150.16 3 0
x-ui/web/service/server.go:1150.16,1152.3 1 0
x-ui/web/service/server.go:1156.2,1156.30 1 0
x-ui/web/service/server.go:1160.76,1162.2 1 0
x-ui/web/service/server.go:1166.53,1168.12 1 0
x-ui/web/service/server.go:1168.12,1172.57 2 0
x-ui/web/service/server.go:1172.57,1176.4 2 0
x-ui/web/service/server.go:1179.3,1179.53 1 0
x-ui/web/service/server.go:1179.53,1183.4 2 0
x-ui/web/service/server.go:1188.3,1191.56 2 0
x-ui/web/service/server.go:1191.56,1194.53 3 0
x-ui/web/service/server.go:1194.53,1197.5 1 0
x-ui/web/service/server.go:1198.4,1198.10 1 0
x-ui/web/service/server.go:1202.3,1208.17 3 0
x-ui/web/service/server.go:1208.17,1209.53 1 0
x-ui/web/service/server.go:1209.53,1213.5 2 0
x-ui/web/service/server.go:1214.4,1215.10 2 0
x-ui/web/service/server.go:1216.9,1219.24 1 0
x-ui/web/service/server.go:1219.24,1221.5 1 0
x-ui/web/service/server.go:1224.4,1224.53 1 0
x-ui/web/service/server.go:1224.53,1227.28 2 0
x-ui/web/service/server.go:1227.28,1229.6 1 0
x-ui/web/service/server.go:1229.11,1240.69 2 0
x-ui/web/service/server.go:1240.69,1242.7 1 0
x-ui/web/service/server.go:1242.12,1244.7 1 0
x-ui/web/service/server.go:1248.4,1249.10 2 0
x-ui/web/service/server.go:1253.2,1253.12 1 0
x-ui/web/service/server.go:1257.55,1321.16 6 0
x-ui/web/service/server.go:1321.16,1324.3 1 0
x-ui/web/service/server.go:1326.2,1326.12 1 0
x-ui/web/service/server.go:1333.47,1335.12 1 0
x-ui/web/service/server.go:1335.12,1338.17 2 0
x-ui/web/service/server.go:1338.17,1342.4 2 0
x-ui/web/service/server.go:1346.3,1409.17 8 0
x-ui/web/service/server.go:1409.17,1413.4 2 0
x-ui/web/service/server.go:1419.46,1424.55 2 0
x-ui/web/service/server.go:1424.55,1428.3 3 0
x-ui/web/service/server.go:1431.2,1435.16 3 0
x-ui/web/service/server.go:1435.16,1439.3 2 0
x-ui/web/service/server.go:1442.2,1443.12 2 0
x-ui/web/service/server.go:1447.61,1449.73 1 0
x-ui/web/service/server.go:1449.73,1451.3 1 0
x-ui/web/service/server.go:1454.2,1463.49 3 0
x-ui/web/service/server.go:1463.49,1465.3 1 0
x-ui/web/service/server.go:1468.2,1468.41 1 0
x-ui/web/service/server.go:1468.41,1469.33 1 0
x-ui/web/service/server.go:1469.33,1471.31 2 0
x-ui/web/service/server.go:1471.31,1473.10 2 0
x-ui/web/service/server.go:1478.2,1478.41 1 0
x-ui/web/service/server.go:1478.41,1480.3 1 0
x-ui/web/service/server.go:1483.2,1489.33 3 0
x-ui/web/service/server.go:1489.33,1491.44 2 0
x-ui/web/service/server.go:1491.44,1492.9 1 0
x-ui/web/service/server.go:1497.2,1497.19 1 0
x-ui/web/service/server.go:1497.19,1499.3 1 0
x-ui/web/service/server.go:1502.2,1505.26 2 0
x-ui/web/service/server.go:1505.26,1508.3 2 0
x-ui/web/service/server.go:1510.2,1510.21 1 0
x-ui/web/service/server.go:1514.74,1520.16 3 0
x-ui/web/service/server.go:1520.16,1522.3 1 0
x-ui/web/service/server.go:1524.2,1527.16 3 0
x-ui/web/service/server.go:1527.16,1529.3 1 0
x-ui/web/service/server.go:1530.2,1532.38 2 0
x-ui/web/service/server.go:1532.38,1534.3 1 0
x-ui/web/service/server.go:1536.2,1537.16 2 0
x-ui/web/service/server.go:1537.16,1539.3 1 0
x-ui/web/service/server.go:1542.2,1542.42 1 0
x-ui/web/service/server.go:1542.42,1544.57 2 0
x-ui/web/service/server.go:1544.57,1545.77 1 0
x-ui/web/service/server.go:1545.77,1547.5 1 0
x-ui/web/service/server.go:1548.4,1548.80 1 0
x-ui/web/service/server.go:1548.80,1550.5 1 0
x-ui/web/service/server.go:1555.2,1555.44 1 0
x-ui/web/service/server.go:1555.44,1561.57 2 0
x-ui/web/service/server.go:1561.57,1562.62 1 0
x-ui/web/service/server.go:1562.62,1564.5 1 0
x-ui/web/service/server.go:1568.2,1568.11 1 0
x-ui/web/service/server.go:1572.50,1613.55 3 0
x-ui/web/service/server.go:1613.55,1615.3 1 0
x-ui/web/service/server.go:1618.2,1618.37 1 0
x-ui/web/service/server.go:1618.37,1619.72 1 0
x-ui/web/service/server.go:1619.72,1621.4 1 0
x-ui/web/service/server.go:1625.2,1625.23 1 0
x-ui/web/service/server.go:1625.23,1627.3 1 0
x-ui/web/service/server.go:1629.2,1629.18 1 0
x-ui/web/service/server.go:1633.53,1636.16 2 0
x-ui/web/service/server.go:1636.16,1665.3 2 0
x-ui/web/service/server.go:1667.2,1669.29 3 0
x-ui/web/service/server.go:1669.29,1672.82 2 0
x-ui/web/service/server.go:1672.82,1673.12 1 0
x-ui/web/service/server.go:1678.3,1678.36 1 0
x-ui/web/service/server.go:1678.36,1680.4 1 0
x-ui/web/service/server.go:1681.3,1681.36 1 0
x-ui/web/service/server.go:1681.36,1683.4 1 0
x-ui/web/service/server.go:1685.3,1685.36 1 0
x-ui/web/service/server.go:1685.36,1687.4 1 0
x-ui/web/service/server.go:1688.3,1688.36 1 0
x-ui/web/service/server.go:1688.36,1690.4 1 0
x-ui/web/service/server.go:1691.3,1693.17 2 0
x-ui/web/service/server.go:1693.17,1695.36 1 0
x-ui/web/service/server.go:1695.36,1697.5 1 0
x-ui/web/service/server.go:1698.4,1698.35 1 0
x-ui/web/service/server.go:1703.2,1703.23 1 0
x-ui/web/service/server.go:1703.23,1731.3 2 0
x-ui/web/service/server.go:1733.2,1733.16 1 0
x-ui/web/service/server.go:1737.75,1746.16 4 0
x-ui/web/service/server.go:1746.16,1750.3 2 0
x-ui/web/service/server.go:1752.2,1757.29 4 0
x-ui/web/service/server.go:1757.29,1760.82 2 0
x-ui/web/service/server.go:1760.82,1761.12 1 0
x-ui/web/service/server.go:1766.3,1766.36 1 0
x-ui/web/service/server.go:1766.36,1768.4 1 0
x-ui/web/service/server.go:1769.3,1769.36 1 0
x-ui/web/service/server.go:1769.36,1771.4 1 0
x-ui/web/service/server.go:1773.3,1773.36 1 0
x-ui/web/service/server.go:1773.36,1775.4 1 0
x-ui/web/service/server.go:1776.3,1776.36 1 0
x-ui/web/service/server.go:1776.36,1778.4 1 0
x-ui/web/service/server.go:1779.3,1781.17 2 0
x-ui/web/service/server.go:1781.17,1783.36 1 0
x-ui/web/service/server.go:1783.36,1785.5 1 0
x-ui/web/service/server.go:1788.4,1788.24 1 0
x-ui/web/service/server.go:1788.24,1791.5 2 0
x-ui/web/service/server.go:1796.2,1804.29 4 0
x-ui/web/service/server.go:1804.29,1807.3 2 0
x-ui/web/service/server.go:1809.2,1810.22 2 0
x-ui/web/service/server.go:1814.63,1819.2 2 0
x-ui/web/service/server.go:1822.76,1826.29 3 0
x-ui/web/service/server.go:1826.29,1830.28 2 0
x-ui/web/service/server.go:1830.28,1833.4 2 0
x-ui/web/service/server.go:1836.2,1836.15 1 0
x-ui/web/service/server.go:1840.75,1842.21 1 0
x-ui/web/service/server.go:1843.12,1869.4 1 0
x-ui/web/service/server.go:1870.12,1895.4 1 0
x-ui/web/service/server.go:1896.12,1921.4 1 0
x-ui/web/service/server.go:1922.18,1948.4 1 0
x-ui/web/service/server.go:1949.10,1958.4 1 0
x-ui/web/service/setting.go:78.62,81.16 3 0
x-ui/web/service/setting.go:81.16,83.3 1 0
x-ui/web/service/setting.go:84.2,84.22 1 0
x-ui/web/service/setting.go:87.70,91.16 4 0
x-ui/web/service/setting.go:91.16,93.3 1 0
x-ui/web/service/setting.go:94.2,99.52 5 0
x-ui/web/service/setting.go:99.52,100.16 1 0
x-ui/web/service/setting.go:100.16,102.23 2 0
x-ui/web/service/setting.go:102.23,104.5 1 0
x-ui/web/service/setting.go:107.3,109.28 3 0
x-ui/web/service/setting.go:109.28,110.32 1 0
x-ui/web/service/setting.go:110.32,113.10 3 0
x-ui/web/service/setting.go:117.3,117.13 1 0
x-ui/web/service/setting.go:117.13,120.4 1 0
x-ui/web/service/setting.go:122.3,123.41 2 0
x-ui/web/service/setting.go:124.12,126.18 2 0
x-ui/web/service/setting.go:126.18,128.5 1 0
x-ui/web/service/setting.go:129.4,129.20 1 0
x-ui/web/service/setting.go:130.15,131.27 1 0
x-ui/web/service/setting.go:132.13,133.35 1 0
x-ui/web/service/setting.go:134.11,135.63 1 0
x-ui/web/service/setting.go:137.3,137.9 1 0
x-ui/web/service/setting.go:140.2,141.35 2 0
x-ui/web/service/setting.go:141.35,143.17 2 0
x-ui/web/service/setting.go:143.17,145.4 1 0
x-ui/web/service/setting.go:146.3,146.29 1 0
x-ui/web/service/setting.go:149.2,149.42 1 0
x-ui/web/service/setting.go:149.42,150.18 1 0
x-ui/web/service/setting.go:150.18,151.12 1 0
x-ui/web/service/setting.go:153.3,154.17 2 0
x-ui/web/service/setting.go:154.17,156.4 1 0
x-ui/web/service/setting.go:159.2,159.24 1 0
x-ui/web/service/setting.go:162.48,165.16 3 0
x-ui/web/service/setting.go:165.16,167.3 1 0
x-ui/web/service/setting.go:168.2,169.23 1 0
x-ui/web/service/setting.go:172.73,176.16 4 0
x-ui/web/service/setting.go:176.16,178.3 1 0
x-ui/web/service/setting.go:179.2,179.21 1 0
x-ui/web/service/setting.go:182.70,185.30 3 0
x-ui/web/service/setting.go:185.30,190.3 1 0
x-ui/web/service/setting.go:190.8,190.23 1 0
x-ui/web/service/setting.go:190.23,192.3 1 0
x-ui/web/service/setting.go:193.2,195.31 3 0
x-ui/web/service/setting.go:198.64,200.30 2 0
x-ui/web/service/setting.go:200.30,202.10 2 0
x-ui/web/service/setting.go:202.10,204.4 1 0
x-ui/web/service/setting.go:205.3,205.20 1 0
x-ui/web/service/setting.go:206.8,206.23 1 0
x-ui/web/service/setting.go:206.23,208.3 1 0
x-ui/web/service/setting.go:209.2,209.27 1 0
x-ui/web/service/setting.go:212.68,214.2 1 0
x-ui/web/service/setting.go:216.60,218.16 2 0
x-ui/web/service/setting.go:218.16,220.3 1 0
x-ui/web/service/setting.go:221.2,221.31 1 0
x-ui/web/service/setting.go:224.64,226.2 1 0
x-ui/web/service/setting.go:228.58,230.16 2 0
x-ui/web/service/setting.go:230.16,232.3 1 0
x-ui/web/service/setting.go:233.2,233.26 1 0
x-ui/web/service/setting.go:236.62,238.2 1 0
x-ui/web/service/setting.go:240.66,242.2 1 0
x-ui/web/service/setting.go:244.54,246.2 1 0
x-ui/web/service/setting.go:248.53,250.2 1 0
x-ui/web/service/setting.go:252.57,254.2 1 0
x-ui/web/service/setting.go:256.58,258.2 1 0
x-ui/web/service/setting.go:261.65,262.17 1 0
x-ui/web/service/setting.go:262.17,264.3 1 0
x-ui/web/service/setting.go:266.2,267.21 2 0
x-ui/web/service/setting.go:267.21,269.3 1 0
x-ui/web/service/setting.go:271.2,271.46 1 0
x-ui/web/service/setting.go:271.46,273.3 1 0
x-ui/web/service/setting.go:276.2,276.32 1 0
x-ui/web/service/setting.go:276.32,277.31 1 0
x-ui/web/service/setting.go:277.31,279.4 1 0
x-ui/web/service/setting.go:282.2,282.12 1 0
x-ui/web/service/setting.go:285.60,287.2 1 0
x-ui/web/service/setting.go:289.58,291.2 1 0
x-ui/web/service/setting.go:293.60,295.2 1 0
x-ui/web/service/setting.go:297.62,299.2 1 0
x-ui/web/service/setting.go:301.64,303.2 1 0
x-ui/web/service/setting.go:305.59,307.2 1 0
x-ui/web/service/setting.go:310.67,311.18 1 0
x-ui/web/service/setting.go:311.18,313.3 1 0
x-ui/web/service/setting.go:315.2,316.19 2 0
x-ui/web/service/setting.go:316.19,318.3 1 0
x-ui/web/service/setting.go:321.2,321.49 1 0
x-ui/web/service/setting.go:321.49,323.22 2 0
x-ui/web/service/setting.go:323.22,325.4 1 0
x-ui/web/service/setting.go:328.3,328.34 1 0
x-ui/web/service/setting.go:328.34,329.32 1 0
x-ui/web/service/setting.go:329.32,332.5 1 0
x-ui/web/service/setting.go:336.3,336.70 1 0
x-ui/web/service/setting.go:336.70,338.4 1 0
x-ui/web/service/setting.go:341.2,341.12 1 0
x-ui/web/service/setting.go:345.102,349.17 2 0
x-ui/web/service/setting.go:349.17,350.53 1 0
x-ui/web/service/setting.go:350.53,352.4 1 0
x-ui/web/service/setting.go:356.2,356.18 1 0
x-ui/web/service/setting.go:356.18,357.55 1 0
x-ui/web/service/setting.go:357.55,359.4 1 0
x-ui/web/service/setting.go:363.2,363.20 1 0
x-ui/web/service/setting.go:363.20,364.48 1 0
x-ui/web/service/setting.go:364.48,366.4 1 0
x-ui/web/service/setting.go:366.9,368.49 1 0
x-ui/web/service/setting.go:368.49,370.5 1 0
x-ui/web/service/setting.go:375.2,375.24 1 0
x-ui/web/service/setting.go:375.24,376.47 1 0
x-ui/web/service/setting.go:376.47,378.4 1 0
x-ui/web/service/setting.go:378.9,380.53 1 0
x-ui/web/service/setting.go:380.53,382.5 1 0
x-ui/web/service/setting.go:386.2,386.15 1 0
x-ui/web/service/setting.go:389.63,391.2 1 0
x-ui/web/service/setting.go:393.58,395.2 1 0
x-ui/web/service/setting.go:397.60,399.2 1 0
x-ui/web/service/setting.go:401.60,403.2 1 0
x-ui/web/service/setting.go:405.61,407.2 1 0
x-ui/web/service/setting.go:409.57,411.2 1 0
x-ui/web/service/setting.go:413.62,415.2 1 0
x-ui/web/service/setting.go:417.50,419.2 1 0
x-ui/web/service/setting.go:421.54,423.2 1 0
x-ui/web/service/setting.go:425.61,427.2 1 0
x-ui/web/service/setting.go:429.63,431.2 1 0
x-ui/web/service/setting.go:433.62,435.2 1 0
x-ui/web/service/setting.go:437.64,439.2 1 0
x-ui/web/service/setting.go:441.49,443.2 1 0
x-ui/web/service/setting.go:445.50,447.2 1 0
x-ui/web/service/setting.go:449.64,451.2 1 0
x-ui/web/service/setting.go:453.56,455.2 1 0
x-ui/web/service/setting.go:457.62,459.2 1 0
x-ui/web/service/setting.go:461.55,463.2 1 0
x-ui/web/service/setting.go:465.55,467.2 1 0
x-ui/web/service/setting.go:469.56,471.2 1 0
x-ui/web/service/setting.go:473.58,475.2 1 0
x-ui/web/service/setting.go:477.59,479.2 1 0
x-ui/web/service/setting.go:481.54,483.41 2 0
x-ui/web/service/setting.go:483.41,485.17 2 0
x-ui/web/service/setting.go:485.17,487.4 1 0
x-ui/web/service/setting.go:489.2,489.28 1 0
x-ui/web/service/setting.go:492.61,493.39 1 0
x-ui/web/service/setting.go:493.39,495.3 1 0
x-ui/web/service/setting.go:496.2,496.39 1 0
x-ui/web/service/setting.go:496.39,498.3 1 0
x-ui/web/service/setting.go:499.2,499.45 1 0
x-ui/web/service/setting.go:502.56,504.16 2 0
x-ui/web/service/setting.go:504.16,506.3 1 0
x-ui/web/service/setting.go:507.2,507.39 1 0
x-ui/web/service/setting.go:507.39,509.3 1 0
x-ui/web/service/setting.go:510.2,510.39 1 0
x-ui/web/service/setting.go:510.39,512.3 1 0
x-ui/web/service/setting.go:513.2,513.22 1 0
x-ui/web/service/setting.go:516.68,518.16 2 0
x-ui/web/service/setting.go:518.16,520.3 1 0
x-ui/web/service/setting.go:521.2,522.16 2 0
x-ui/web/service/setting.go:522.16,526.3 3 0
x-ui/web/service/setting.go:527.2,527.22 1 0
x-ui/web/service/setting.go:530.55,532.2 1 0
x-ui/web/service/setting.go:534.56,536.2 1 0
x-ui/web/service/setting.go:538.57,540.2 1 0
x-ui/web/service/setting.go:542.52,544.2 1 0
x-ui/web/service/setting.go:546.55,548.2 1 0
x-ui/web/service/setting.go:550.59,552.2 1 0
x-ui/web/service/setting.go:554.57,556.2 1 0
x-ui/web/service/setting.go:558.59,560.2 1 0
x-ui/web/service/setting.go:562.58,564.2 1 0
x-ui/web/service/setting.go:566.58,568.2 1 0
x-ui/web/service/setting.go:570.56,572.2 1 0
x-ui/web/service/setting.go:574.57,576.2 1 0
x-ui/web/service/setting.go:578.53,580.2 1 0
x-ui/web/service/setting.go:582.54,584.2 1 0
x-ui/web/service/setting.go:586.58,588.2 1 0
x-ui/web/service/setting.go:590.63,592.2 1 0
x-ui/web/service/setting.go:594.61,596.2 1 0
x-ui/web/service/setting.go:598.58,600.2 1 0
x-ui/web/service/setting.go:602.60,604.2 1 0
x-ui/web/service/setting.go:606.58,608.2 1 0
x-ui/web/service/setting.go:610.52,612.2 1 0
x-ui/web/service/setting.go:614.53,616.2 1 0
x-ui/web/service/setting.go:618.59,620.16 2 0
x-ui/web/service/setting.go:620.16,622.3 1 0
x-ui/web/service/setting.go:623.2,623.62 1 0
x-ui/web/service/setting.go:626.80,627.48 1 0
x-ui/web/service/setting.go:627.48,629.3 1 0
x-ui/web/service/setting.go:632.2,632.28 1 0
x-ui/web/service/setting.go:632.28,639.34 5 0
x-ui/web/service/setting.go:639.34,641.4 1 0
x-ui/web/service/setting.go:642.3,642.35 1 0
x-ui/web/service/setting.go:642.35,644.4 1 0
x-ui/web/service/setting.go:645.3,645.34 1 0
x-ui/web/service/setting.go:645.34,647.4 1 0
x-ui/web/service/setting.go:648.3,648.38 1 0
x-ui/web/service/setting.go:648.38,650.4 1 0
x-ui/web/service/setting.go:653.3,654.24 2 0
x-ui/web/service/setting.go:654.24,656.33 2 0
x-ui/web/service/setting.go:656.33,658.5 1 0
x-ui/web/service/setting.go:659.4,659.104 1 0
x-ui/web/service/setting.go:662.3,662.68 1 0
x-ui/web/service/setting.go:665.2,669.31 5 0
x-ui/web/service/setting.go:669.31,674.17 5 0
x-ui/web/service/setting.go:674.17,676.4 1 0
x-ui/web/service/setting.go:678.2,678.32 1 0
x-ui/web/service/setting.go:681.62,684.16 3 0
x-ui/web/service/setting.go:684.16,686.3 1 0
x-ui/web/service/setting.go:687.2,687.22 1 0
x-ui/web/service/setting.go:690.71,693.40 2 0
x-ui/web/service/setting.go:693.40,693.68 1 0
x-ui/web/service/setting.go:694.40,694.69 1 0
x-ui/web/service/setting.go:695.40,695.66 1 0
x-ui/web/service/setting.go:696.40,696.66 1 0
x-ui/web/service/setting.go:697.40,697.65 1 0
x-ui/web/service/setting.go:698.40,698.70 1 0
x-ui/web/service/setting.go:699.40,699.67 1 0
x-ui/web/service/setting.go:700.40,700.66 1 0
x-ui/web/service/setting.go:701.40,701.64 1 0
x-ui/web/service/setting.go:702.40,702.68 1 0
x-ui/web/service/setting.go:703.40,703.69 1 0
x-ui/web/service/setting.go:704.40,704.68 1 0
x-ui/web/service/setting.go:705.40,705.71 1 0
x-ui/web/service/setting.go:708.2,710.32 2 0
x-ui/web/service/setting.go:710.32,712.17 2 0
x-ui/web/service/setting.go:712.17,714.4 1 0
x-ui/web/service/setting.go:715.3,715.22 1 0
x-ui/web/service/setting.go:718.2,718.108 1 0
x-ui/web/service/setting.go:718.108,728.44 10 0
x-ui/web/service/setting.go:728.44,730.4 1 0
x-ui/web/service/setting.go:731.3,731.22 1 0
x-ui/web/service/setting.go:731.22,733.4 1 0
x-ui/web/service/setting.go:734.3,734.13 1 0
x-ui/web/service/setting.go:734.13,736.4 1 0
x-ui/web/service/setting.go:736.9,738.4 1 0
x-ui/web/service/setting.go:739.3,739.63 1 0
x-ui/web/service/setting.go:739.63,741.4 1 0
x-ui/web/service/setting.go:741.9,743.4 1 0
x-ui/web/service/setting.go:744.3,744.38 1 0
x-ui/web/service/setting.go:744.38,746.4 1 0
x-ui/web/service/setting.go:747.3,747.40 1 0
x-ui/web/service/setting.go:747.40,749.4 1 0
x-ui/web/service/setting.go:750.3,750.42 1 0
x-ui/web/service/setting.go:750.42,752.4 1 0
x-ui/web/service/setting.go:755.2,755.20 1 0
x-ui/web/service/sni_selector.go:20.59,22.30 1 1
x-ui/web/service/sni_selector.go:22.30,25.3 1 1
x-ui/web/service/sni_selector.go:27.2,38.10 5 1
x-ui/web/service/sni_selector.go:42.37,46.25 3 1
x-ui/web/service/sni_selector.go:46.25,48.3 1 0
x-ui/web/service/sni_selector.go:51.2,51.31 1 1
x-ui/web/service/sni_selector.go:51.31,55.3 3 1
x-ui/web/service/sni_selector.go:57.2,61.15 4 1
x-ui/web/service/sni_selector.go:65.33,67.42 1 1
x-ui/web/service/sni_selector.go:67.42,71.3 2 1
x-ui/web/service/sni_selector.go:75.58,76.26 1 0
x-ui/web/service/sni_selector.go:76.26,78.3 1 0
x-ui/web/service/sni_selector.go:80.2,88.70 7 0
x-ui/web/service/sni_selector.go:92.49,96.25 3 1
x-ui/web/service/sni_selector.go:96.25,98.3 1 0
x-ui/web/service/sni_selector.go:100.2,101.36 2 1
x-ui/web/service/sni_selector.go:101.36,103.3 1 1
x-ui/web/service/sni_selector.go:105.2,105.32 1 1
x-ui/web/service/sni_selector.go:109.45,116.2 5 1
x-ui/web/service/sni_selector.go:119.67,123.2 3 1
x-ui/web/service/tgbot.go:104.51,106.28 1 0
x-ui/web/service/tgbot.go:106.28,108.41 2 0
x-ui/web/service/tgbot.go:108.41,111.31 2 0
x-ui/web/service/tgbot.go:111.31,114.5 2 0
x-ui/web/service/tgbot.go:116.3,116.87 1 0
x-ui/web/service/tgbot.go:120.2,127.3 1 0
x-ui/web/service/tgbot.go:131.52,133.2 1 0
x-ui/web/service/tgbot.go:136.54,138.2 1 0
x-ui/web/service/tgbot.go:149.10,163.2 4 0
x-ui/web/service/tgbot.go:171.63,173.2 1 0
x-ui/web/service/tgbot.go:175.54,177.2 1 0
x-ui/web/service/tgbot.go:179.46,182.16 2 0
x-ui/web/service/tgbot.go:182.16,184.3 1 0
x-ui/web/service/tgbot.go:187.2,193.36 4 0
x-ui/web/service/tgbot.go:193.36,196.3 2 0
x-ui/web/service/tgbot.go:199.2,199.64 1 0
x-ui/web/service/tgbot.go:199.64,202.3 2 0
x-ui/web/service/tgbot.go:205.2,206.16 2 0
x-ui/web/service/tgbot.go:206.16,209.3 2 0
x-ui/web/service/tgbot.go:212.2,212.19 1 0
x-ui/web/service/tgbot.go:212.19,214.22 2 0
x-ui/web/service/tgbot.go:214.22,217.4 2 0
x-ui/web/service/tgbot.go:219.3,219.57 1 0
x-ui/web/service/tgbot.go:219.57,221.23 2 0
x-ui/web/service/tgbot.go:221.23,223.13 2 0
x-ui/web/service/tgbot.go:226.4,227.18 2 0
x-ui/web/service/tgbot.go:227.18,230.5 2 0
x-ui/web/service/tgbot.go:232.4,232.15 1 0
x-ui/web/service/tgbot.go:232.15,235.5 2 0
x-ui/web/service/tgbot.go:237.4,238.42 2 0
x-ui/web/service/tgbot.go:241.3,241.25 1 0
x-ui/web/service/tgbot.go:241.25,244.4 2 0
x-ui/web/service/tgbot.go:245.8,248.3 2 0
x-ui/web/service/tgbot.go:251.2,252.16 2 0
x-ui/web/service/tgbot.go:252.16,254.3 1 0
x-ui/web/service/tgbot.go:257.2,258.16 2 0
x-ui/web/service/tgbot.go:258.16,260.3 1 0
x-ui/web/service/tgbot.go:263.2,264.16 2 0
x-ui/web/service/tgbot.go:264.16,267.3 2 0
x-ui/web/service/tgbot.go:270.2,274.16 4 0
x-ui/web/service/tgbot.go:274.16,277.3 2 0
x-ui/web/service/tgbot.go:279.2,294.16 3 0
x-ui/web/service/tgbot.go:294.16,296.3 1 0
x-ui/web/service/tgbot.go:299.2,299.16 1 0
x-ui/web/service/tgbot.go:299.16,303.3 3 0
x-ui/web/service/tgbot.go:305.2,305.12 1 0
x-ui/web/service/tgbot.go:308.97,309.42 1 0
x-ui/web/service/tgbot.go:309.42,311.3 1 0
x-ui/web/service/tgbot.go:313.2,313.20 1 0
x-ui/web/service/tgbot.go:313.20,314.48 1 0
x-ui/web/service/tgbot.go:314.48,317.4 2 0
x-ui/web/service/tgbot.go:319.3,320.17 2 0
x-ui/web/service/tgbot.go:320.17,323.4 2 0
x-ui/web/service/tgbot.go:325.3,327.6 1 0
x-ui/web/service/tgbot.go:330.2,330.46 1 0
x-ui/web/service/tgbot.go:330.46,333.3 2 0
x-ui/web/service/tgbot.go:335.2,336.16 2 0
x-ui/web/service/tgbot.go:336.16,339.3 2 0
x-ui/web/service/tgbot.go:341.2,341.65 1 0
x-ui/web/service/tgbot.go:344.34,346.2 1 0
x-ui/web/service/tgbot.go:348.31,350.16 2 0
x-ui/web/service/tgbot.go:350.16,354.3 3 0
x-ui/web/service/tgbot.go:355.2,355.17 1 0
x-ui/web/service/tgbot.go:358.24,359.23 1 0
x-ui/web/service/tgbot.go:359.23,361.3 1 0
x-ui/web/service/tgbot.go:362.2,364.16 3 0
x-ui/web/service/tgbot.go:367.50,369.22 1 0
x-ui/web/service/tgbot.go:369.22,371.3 1 0
x-ui/web/service/tgbot.go:373.2,373.36 1 0
x-ui/web/service/tgbot.go:376.59,377.31 1 0
x-ui/web/service/tgbot.go:377.31,379.3 1 0
x-ui/web/service/tgbot.go:381.2,382.13 2 0
x-ui/web/service/tgbot.go:382.13,384.3 1 0
x-ui/web/service/tgbot.go:386.2,386.21 1 0
x-ui/web/service/tgbot.go:389.29,398.79 4 0
x-ui/web/service/tgbot.go:398.79,402.3 3 0
x-ui/web/service/tgbot.go:404.2,404.79 1 0
x-ui/web/service/tgbot.go:404.79,408.3 3 0
x-ui/web/service/tgbot.go:411.2,411.89 1 0
x-ui/web/service/tgbot.go:411.89,414.3 2 0
x-ui/web/service/tgbot.go:416.2,416.20 1 0
x-ui/web/service/tgbot.go:419.84,425.33 3 0
x-ui/web/service/tgbot.go:425.33,427.3 1 0
x-ui/web/service/tgbot.go:430.2,430.17 1 0
x-ui/web/service/tgbot.go:431.14,433.50 2 0
x-ui/web/service/tgbot.go:434.15,436.14 2 0
x-ui/web/service/tgbot.go:436.14,438.4 1 0
x-ui/web/service/tgbot.go:439.3,439.59 1 0
x-ui/web/service/tgbot.go:440.16,442.44 2 0
x-ui/web/service/tgbot.go:443.12,445.90 2 0
x-ui/web/service/tgbot.go:446.15,448.27 2 0
x-ui/web/service/tgbot.go:448.27,449.15 1 0
x-ui/web/service/tgbot.go:449.15,451.5 1 0
x-ui/web/service/tgbot.go:451.10,453.5 1 0
x-ui/web/service/tgbot.go:454.9,456.4 1 0
x-ui/web/service/tgbot.go:457.17,459.38 2 0
x-ui/web/service/tgbot.go:459.38,461.4 1 0
x-ui/web/service/tgbot.go:461.9,463.4 1 0
x-ui/web/service/tgbot.go:464.17,466.14 2 0
x-ui/web/service/tgbot.go:466.14,467.29 1 0
x-ui/web/service/tgbot.go:467.29,468.38 1 0
x-ui/web/service/tgbot.go:468.38,470.20 2 0
x-ui/web/service/tgbot.go:470.20,472.7 1 0
x-ui/web/service/tgbot.go:472.12,474.7 1 0
x-ui/web/service/tgbot.go:475.11,477.6 1 0
x-ui/web/service/tgbot.go:478.10,481.5 2 0
x-ui/web/service/tgbot.go:482.9,484.4 1 0
x-ui/web/service/tgbot.go:486.18,488.14 2 0
x-ui/web/service/tgbot.go:488.14,490.4 1 0
x-ui/web/service/tgbot.go:490.9,492.4 1 0
x-ui/web/service/tgbot.go:495.22,497.14 2 0
x-ui/web/service/tgbot.go:497.14,499.4 1 0
x-ui/web/service/tgbot.go:499.9,501.4 1 0
x-ui/web/service/tgbot.go:504.18,506.14 2 0
x-ui/web/service/tgbot.go:506.14,518.4 2 0
x-ui/web/service/tgbot.go:518.9,520.4 1 0
x-ui/web/service/tgbot.go:521.21,523.35 2 0
x-ui/web/service/tgbot.go:524.10,525.25 1 0
x-ui/web/service/tgbot.go:528.2,528.15 1 0
x-ui/web/service/tgbot.go:528.15,530.3 1 0
x-ui/web/service/tgbot.go:534.83,535.17 1 0
x-ui/web/service/tgbot.go:535.17,537.3 1 0
x-ui/web/service/tgbot.go:537.8,539.3 1 0
x-ui/web/service/tgbot.go:542.54,545.23 3 0
x-ui/web/service/tgbot.go:545.23,548.3 2 0
x-ui/web/service/tgbot.go:549.2,549.22 1 0
x-ui/web/service/tgbot.go:552.52,555.16 3 0
x-ui/web/service/tgbot.go:555.16,557.3 1 0
x-ui/web/service/tgbot.go:558.2,558.49 1 0
x-ui/web/service/tgbot.go:561.83,564.13 2 0
x-ui/web/service/tgbot.go:564.13,567.17 2 0
x-ui/web/service/tgbot.go:567.17,570.4 2 0
x-ui/web/service/tgbot.go:571.3,573.51 2 0
x-ui/web/service/tgbot.go:573.51,574.24 1 0
x-ui/web/service/tgbot.go:575.27,585.94 3 0
x-ui/web/service/tgbot.go:586.31,590.15 4 0
x-ui/web/service/tgbot.go:590.15,592.20 2 0
x-ui/web/service/tgbot.go:592.20,594.7 1 0
x-ui/web/service/tgbot.go:594.12,596.7 1 0
x-ui/web/service/tgbot.go:598.30,601.11 3 0
x-ui/web/service/tgbot.go:602.12,604.25 2 0
x-ui/web/service/tgbot.go:605.29,607.35 2 0
x-ui/web/service/tgbot.go:608.27,610.73 2 0
x-ui/web/service/tgbot.go:611.26,613.73 2 0
x-ui/web/service/tgbot.go:614.24,616.76 2 0
x-ui/web/service/tgbot.go:617.23,619.76 2 0
x-ui/web/service/tgbot.go:620.25,622.83 2 0
x-ui/web/service/tgbot.go:623.24,625.83 2 0
x-ui/web/service/tgbot.go:626.26,635.94 2 0
x-ui/web/service/tgbot.go:636.28,638.20 2 0
x-ui/web/service/tgbot.go:638.20,641.7 2 0
x-ui/web/service/tgbot.go:641.12,643.7 1 0
x-ui/web/service/tgbot.go:644.26,674.94 2 0
x-ui/web/service/tgbot.go:675.28,676.29 1 0
x-ui/web/service/tgbot.go:676.29,678.21 2 0
x-ui/web/service/tgbot.go:678.21,680.23 2 0
x-ui/web/service/tgbot.go:680.23,682.9 1 0
x-ui/web/service/tgbot.go:683.8,683.22 1 0
x-ui/web/service/tgbot.go:683.22,687.9 3 0
x-ui/web/service/tgbot.go:690.6,691.73 2 0
x-ui/web/service/tgbot.go:692.29,693.29 1 0
x-ui/web/service/tgbot.go:693.29,696.21 3 0
x-ui/web/service/tgbot.go:696.21,697.31 1 0
x-ui/web/service/tgbot.go:697.31,699.23 2 0
x-ui/web/service/tgbot.go:699.23,700.21 1 0
x-ui/web/service/tgbot.go:701.18,702.26 1 0
x-ui/web/service/tgbot.go:703.18,704.30 1 0
x-ui/web/service/tgbot.go:704.30,706.12 1 0
x-ui/web/service/tgbot.go:707.18,708.49 1 0
x-ui/web/service/tgbot.go:711.9,711.42 1 0
x-ui/web/service/tgbot.go:711.42,714.10 2 0
x-ui/web/service/tgbot.go:715.9,715.34 1 0
x-ui/web/service/tgbot.go:715.34,718.10 2 0
x-ui/web/service/tgbot.go:720.8,749.14 3 0
x-ui/web/service/tgbot.go:752.6,753.73 2 0
x-ui/web/service/tgbot.go:754.39,759.20 5 0
x-ui/web/service/tgbot.go:759.20,762.7 2 0
x-ui/web/service/tgbot.go:763.6,764.20 2 0
x-ui/web/service/tgbot.go:764.20,767.7 2 0
x-ui/web/service/tgbot.go:769.6,770.97 2 0
x-ui/web/service/tgbot.go:771.40,772.29 1 0
x-ui/web/service/tgbot.go:772.29,775.21 3 0
x-ui/web/service/tgbot.go:775.21,776.31 1 0
x-ui/web/service/tgbot.go:776.31,778.23 2 0
x-ui/web/service/tgbot.go:778.23,779.21 1 0
x-ui/web/service/tgbot.go:780.18,781.26 1 0
x-ui/web/service/tgbot.go:782.18,783.30 1 0
x-ui/web/service/tgbot.go:783.30,785.12 1 0
x-ui/web/service/tgbot.go:786.18,787.49 1 0
x-ui/web/service/tgbot.go:790.9,790.42 1 0
x-ui/web/service/tgbot.go:790.42,793.10 2 0
x-ui/web/service/tgbot.go:794.9,794.34 1 0
x-ui/web/service/tgbot.go:794.34,797.10 2 0
x-ui/web/service/tgbot.go:799.8,828.14 3 0
x-ui/web/service/tgbot.go:831.22,857.94 2 0
x-ui/web/service/tgbot.go:858.24,859.29 1 0
x-ui/web/service/tgbot.go:859.29,861.21 2 0
x-ui/web/service/tgbot.go:861.21,863.20 2 0
x-ui/web/service/tgbot.go:863.20,865.23 2 0
[...]
x-ui/web/service/tgbot.go:2914.37,2915.27 1 0
x-ui/web/service/tgbot.go:2915.27,2917.70 2 0
x-ui/web/service/tgbot.go:2917.70,2921.44 4 0
x-ui/web/service/tgbot.go:2921.44,2923.43 2 0
x-ui/web/service/tgbot.go:2923.43,2924.29 1 0
x-ui/web/service/tgbot.go:2924.29,2926.87 1 0
x-ui/web/service/tgbot.go:2926.87,2928.13 1 0
x-ui/web/service/tgbot.go:2929.17,2931.12 1 0
x-ui/web/service/tgbot.go:2933.10,2933.39 1 0
x-ui/web/service/tgbot.go:2933.39,2935.39 2 0
x-ui/web/service/tgbot.go:2935.39,2937.52 2 0
x-ui/web/service/tgbot.go:2937.52,2939.13 1 0
x-ui/web/service/tgbot.go:2940.12,2940.28 1 0
x-ui/web/service/tgbot.go:2942.11,2944.52 3 0
x-ui/web/service/tgbot.go:2944.52,2947.12 2 0
x-ui/web/service/tgbot.go:2948.11,2948.43 1 0
x-ui/web/service/tgbot.go:2950.10,2950.51 1 0
x-ui/web/service/tgbot.go:2961.52,2962.26 1 0
x-ui/web/service/tgbot.go:2962.26,2963.16 1 0
x-ui/web/service/tgbot.go:2963.16,2965.4 1 0
x-ui/web/service/tgbot.go:2967.2,2967.14 1 0
x-ui/web/service/tgbot.go:2970.63,2971.20 1 0
x-ui/web/service/tgbot.go:2971.20,2973.3 1 0
x-ui/web/service/tgbot.go:2975.2,2981.22 5 0
x-ui/web/service/tgbot.go:2981.22,2983.34 2 0
x-ui/web/service/tgbot.go:2983.34,2985.4 1 0
x-ui/web/service/tgbot.go:2986.3,2987.24 2 0
x-ui/web/service/tgbot.go:2987.24,2989.4 1 0
x-ui/web/service/tgbot.go:2989.9,2989.31 1 0
x-ui/web/service/tgbot.go:2989.31,2991.4 1 0
x-ui/web/service/tgbot.go:2991.9,2993.4 1 0
x-ui/web/service/tgbot.go:2994.3,2994.104 1 0
x-ui/web/service/tgbot.go:2997.2,2997.24 1 0
x-ui/web/service/tgbot.go:2997.24,2999.3 1 0
x-ui/web/service/tgbot.go:2999.8,3001.3 1 0
x-ui/web/service/tgbot.go:3004.42,3010.16 4 0
x-ui/web/service/tgbot.go:3010.16,3012.3 1 0
x-ui/web/service/tgbot.go:3014.2,3015.16 2 0
x-ui/web/service/tgbot.go:3015.16,3021.17 3 0
x-ui/web/service/tgbot.go:3021.17,3023.4 1 0
x-ui/web/service/tgbot.go:3024.8,3026.3 1 0
x-ui/web/service/tgbot.go:3028.2,3029.16 2 0
x-ui/web/service/tgbot.go:3029.16,3035.17 3 0
x-ui/web/service/tgbot.go:3035.17,3037.4 1 0
x-ui/web/service/tgbot.go:3038.8,3040.3 1 0
x-ui/web/service/tgbot.go:3043.52,3044.8 1 0
x-ui/web/service/tgbot.go:3044.8,3047.3 2 0
x-ui/web/service/tgbot.go:3049.2,3050.16 2 0
x-ui/web/service/tgbot.go:3050.16,3053.26 2 0
x-ui/web/service/tgbot.go:3053.26,3059.18 3 0
x-ui/web/service/tgbot.go:3059.18,3061.5 1 0
x-ui/web/service/tgbot.go:3062.9,3064.4 1 0
x-ui/web/service/tgbot.go:3065.3,3065.15 1 0
x-ui/web/service/tgbot.go:3066.8,3068.3 1 0
x-ui/web/service/tgbot.go:3070.2,3071.16 2 0
x-ui/web/service/tgbot.go:3071.16,3074.26 2 0
x-ui/web/service/tgbot.go:3074.26,3080.18 3 0
x-ui/web/service/tgbot.go:3080.18,3082.5 1 0
x-ui/web/service/tgbot.go:3083.9,3085.4 1 0
x-ui/web/service/tgbot.go:3086.3,3086.15 1 0
x-ui/web/service/tgbot.go:3087.8,3089.3 1 0
x-ui/web/service/tgbot.go:3092.68,3097.79 2 0
x-ui/web/service/tgbot.go:3097.79,3099.3 1 0
x-ui/web/service/tgbot.go:3102.116,3108.85 2 0
x-ui/web/service/tgbot.go:3108.85,3110.3 1 0
x-ui/web/service/tgbot.go:3113.124,3120.29 2 0
x-ui/web/service/tgbot.go:3120.29,3122.3 1 0
x-ui/web/service/tgbot.go:3123.2,3123.78 1 0
x-ui/web/service/tgbot.go:3123.78,3125.3 1 0
x-ui/web/service/tgbot.go:3128.124,3131.26 2 0
x-ui/web/service/tgbot.go:3131.26,3133.3 1 0
x-ui/web/service/tgbot.go:3136.2,3141.16 2 0
x-ui/web/service/tgbot.go:3141.16,3144.3 2 0
x-ui/web/service/tgbot.go:3147.2,3147.12 1 0
x-ui/web/service/tgbot.go:3147.12,3151.3 3 0
x-ui/web/service/tgbot.go:3154.65,3159.73 2 0
x-ui/web/service/tgbot.go:3159.73,3161.3 1 0
x-ui/web/service/tgbot.go:3161.8,3163.3 1 0
x-ui/web/service/tgbot.go:3166.48,3170.2 3 0
x-ui/web/service/tgbot.go:3175.47,3176.20 1 0
x-ui/web/service/tgbot.go:3176.20,3179.3 1 0
x-ui/web/service/tgbot.go:3181.2,3182.12 2 0
x-ui/web/service/tgbot.go:3187.51,3197.2 2 0
x-ui/web/service/tgbot.go:3200.48,3213.2 2 0
x-ui/web/service/tgbot.go:3216.49,3229.2 2 0
x-ui/web/service/tgbot.go:3232.59,3234.16 2 0
x-ui/web/service/tgbot.go:3234.16,3237.3 2 0
x-ui/web/service/tgbot.go:3238.2,3242.12 3 0
x-ui/web/service/tgbot.go:3242.12,3249.17 4 0
x-ui/web/service/tgbot.go:3249.17,3251.4 1 0
x-ui/web/service/tgbot.go:3251.9,3259.4 2 0
x-ui/web/service/tgbot.go:3264.78,3269.29 4 0
x-ui/web/service/tgbot.go:3269.29,3271.3 1 0
x-ui/web/service/tgbot.go:3271.8,3271.42 1 0
x-ui/web/service/tgbot.go:3271.42,3273.3 1 0
x-ui/web/service/tgbot.go:3273.8,3273.32 1 0
x-ui/web/service/tgbot.go:3273.32,3275.3 1 0
x-ui/web/service/tgbot.go:3275.8,3275.42 1 0
x-ui/web/service/tgbot.go:3275.42,3278.3 2 0
x-ui/web/service/tgbot.go:3278.8,3280.3 1 0
x-ui/web/service/tgbot.go:3282.2,3282.16 1 0
x-ui/web/service/tgbot.go:3282.16,3285.3 2 0
x-ui/web/service/tgbot.go:3288.2,3293.16 4 0
x-ui/web/service/tgbot.go:3293.16,3296.3 2 0
x-ui/web/service/tgbot.go:3298.2,3301.22 2 0
x-ui/web/service/tgbot.go:3301.22,3303.3 1 0
x-ui/web/service/tgbot.go:3309.2,3310.16 2 0
x-ui/web/service/tgbot.go:3310.16,3314.3 2 0
x-ui/web/service/tgbot.go:3314.8,3317.3 1 0
x-ui/web/service/tgbot.go:3320.2,3328.40 2 0
x-ui/web/service/tgbot.go:3332.91,3334.16 2 0
x-ui/web/service/tgbot.go:3334.16,3336.3 1 0
x-ui/web/service/tgbot.go:3337.2,3338.16 2 0
x-ui/web/service/tgbot.go:3338.16,3340.3 1 0
x-ui/web/service/tgbot.go:3342.2,3352.48 7 0
x-ui/web/service/tgbot.go:3352.48,3356.3 2 0
x-ui/web/service/tgbot.go:3359.2,3364.48 4 0
x-ui/web/service/tgbot.go:3364.48,3367.3 1 0
x-ui/web/service/tgbot.go:3367.8,3369.27 1 0
x-ui/web/service/tgbot.go:3369.27,3371.4 1 0
x-ui/web/service/tgbot.go:3371.9,3374.4 1 0
x-ui/web/service/tgbot.go:3376.2,3446.20 6 0
x-ui/web/service/tgbot.go:3450.67,3452.16 2 0
x-ui/web/service/tgbot.go:3452.16,3454.3 1 0
x-ui/web/service/tgbot.go:3455.2,3456.16 2 0
x-ui/web/service/tgbot.go:3456.16,3458.3 1 0
x-ui/web/service/tgbot.go:3460.2,3464.9 3 0
x-ui/web/service/tgbot.go:3464.9,3466.3 1 0
x-ui/web/service/tgbot.go:3469.2,3471.12 2 0
x-ui/web/service/tgbot.go:3471.12,3473.3 1 0
x-ui/web/service/tgbot.go:3477.2,3478.9 2 0
x-ui/web/service/tgbot.go:3478.9,3481.3 1 0
x-ui/web/service/tgbot.go:3484.2,3484.29 1 0
x-ui/web/service/tgbot.go:3484.29,3486.78 1 0
x-ui/web/service/tgbot.go:3486.78,3489.9 3 0
x-ui/web/service/tgbot.go:3493.2,3493.42 1 0
x-ui/web/service/tgbot.go:3493.42,3495.3 1 0
x-ui/web/service/tgbot.go:3497.2,3498.16 2 0
x-ui/web/service/tgbot.go:3498.16,3500.3 1 0
x-ui/web/service/tgbot.go:3502.2,3510.48 6 0
x-ui/web/service/tgbot.go:3510.48,3514.3 2 0
x-ui/web/service/tgbot.go:3517.2,3595.20 8 0
x-ui/web/service/tgbot.go:3599.96,3601.16 2 0
x-ui/web/service/tgbot.go:3601.16,3603.3 1 0
x-ui/web/service/tgbot.go:3604.2,3605.16 2 0
x-ui/web/service/tgbot.go:3605.16,3607.3 1 0
x-ui/web/service/tgbot.go:3609.2,3618.48 8 0
x-ui/web/service/tgbot.go:3618.48,3621.3 2 0
x-ui/web/service/tgbot.go:3623.2,3628.48 4 0
x-ui/web/service/tgbot.go:3628.48,3631.3 1 0
x-ui/web/service/tgbot.go:3631.8,3633.27 1 0
x-ui/web/service/tgbot.go:3633.27,3635.4 1 0
x-ui/web/service/tgbot.go:3635.9,3638.4 1 0
x-ui/web/service/tgbot.go:3640.2,3709.20 6 0
x-ui/web/service/tgbot.go:3713.104,3723.61 7 0
x-ui/web/service/tgbot.go:3723.61,3724.28 1 0
x-ui/web/service/tgbot.go:3724.28,3725.83 1 0
x-ui/web/service/tgbot.go:3725.83,3729.5 3 0
x-ui/web/service/tgbot.go:3729.10,3733.5 3 0
x-ui/web/service/tgbot.go:3734.9,3734.31 1 0
x-ui/web/service/tgbot.go:3734.31,3738.4 3 0
x-ui/web/service/tgbot.go:3738.9,3740.4 1 0
x-ui/web/service/tgbot.go:3741.8,3743.3 1 0
x-ui/web/service/tgbot.go:3745.2,3745.16 1 0
x-ui/web/service/tgbot.go:3745.16,3747.3 1 0
x-ui/web/service/tgbot.go:3750.2,3751.16 2 0
x-ui/web/service/tgbot.go:3751.16,3754.3 2 0
x-ui/web/service/tgbot.go:3757.2,3769.17 4 0
x-ui/web/service/tgbot.go:3769.17,3771.3 1 0
x-ui/web/service/tgbot.go:3771.8,3773.3 1 0
x-ui/web/service/tgbot.go:3775.2,3775.26 1 0
x-ui/web/service/tgbot.go:3775.26,3782.77 2 0
x-ui/web/service/tgbot.go:3782.77,3786.4 2 0
x-ui/web/service/tgbot.go:3787.8,3790.3 1 0
x-ui/web/service/tgbot.go:3794.2,3799.12 3 0
x-ui/web/service/tgbot.go:3803.77,3818.9 12 0
x-ui/web/service/tgbot.go:3818.9,3820.3 1 0
x-ui/web/service/tgbot.go:3821.2,3822.9 2 0
x-ui/web/service/tgbot.go:3822.9,3825.3 1 0
x-ui/web/service/tgbot.go:3827.2,3829.33 2 0
x-ui/web/service/tgbot.go:3829.33,3831.3 1 0
x-ui/web/service/tgbot.go:3832.2,3835.16 3 0
x-ui/web/service/tgbot.go:3835.16,3837.3 1 0
x-ui/web/service/tgbot.go:3842.2,3848.107 5 0
x-ui/web/service/tgbot.go:3852.73,3866.16 12 0
x-ui/web/service/tgbot.go:3866.16,3868.3 1 0
x-ui/web/service/tgbot.go:3871.2,3872.84 1 0
x-ui/web/service/tgbot.go:3876.82,3894.33 14 0
x-ui/web/service/tgbot.go:3894.33,3896.3 1 0
x-ui/web/service/tgbot.go:3897.2,3903.16 5 0
x-ui/web/service/tgbot.go:3903.16,3905.3 1 0
x-ui/web/service/tgbot.go:3908.2,3916.120 6 0
x-ui/web/service/tgbot.go:3920.43,3923.16 2 0
x-ui/web/service/tgbot.go:3923.16,3925.3 1 0
x-ui/web/service/tgbot.go:3927.2,3936.33 2 0
x-ui/web/service/tgbot.go:3941.45,3944.16 3 0
x-ui/web/service/tgbot.go:3944.16,3946.3 1 0
x-ui/web/service/tgbot.go:3948.2,3950.29 3 0
x-ui/web/service/tgbot.go:3950.29,3951.39 1 0
x-ui/web/service/tgbot.go:3951.39,3953.9 2 0
x-ui/web/service/tgbot.go:3957.2,3957.20 1 0
x-ui/web/service/tgbot.go:3957.20,3959.3 1 0
x-ui/web/service/tgbot.go:3961.2,3962.20 2 0
x-ui/web/service/tgbot.go:3962.20,3964.3 1 0
x-ui/web/service/tgbot.go:3966.2,3967.20 2 0
x-ui/web/service/tgbot.go:3971.45,3975.33 4 0
x-ui/web/service/tgbot.go:3975.33,3977.3 1 0
x-ui/web/service/tgbot.go:3978.2,3978.17 1 0
x-ui/web/service/tgbot.go:3982.65,3984.23 2 0
x-ui/web/service/tgbot.go:3984.23,3987.3 2 0
x-ui/web/service/tgbot.go:3988.2,3988.22 1 0
x-ui/web/service/tgbot.go:3992.65,3998.57 2 0
x-ui/web/service/tgbot.go:3998.57,4000.3 1 0
x-ui/web/service/tgbot.go:4001.2,4001.23 1 0
x-ui/web/service/tgbot.go:4005.45,4007.2 1 0
x-ui/web/service/tgbot.go:4010.49,4080.16 6 0
x-ui/web/service/tgbot.go:4080.16,4083.3 1 0
x-ui/web/service/tgbot.go:4085.2,4085.12 1 0
x-ui/web/service/tgbot.go:4093.33,4094.14 1 0
x-ui/web/service/tgbot.go:4094.14,4096.3 1 0
x-ui/web/service/tgbot.go:4097.2,4098.16 2 0
x-ui/web/service/tgbot.go:4098.16,4100.3 1 0
x-ui/web/service/tgbot.go:4101.2,4101.28 1 0
x-ui/web/service/tgbot.go:4109.90,4120.16 3 0
x-ui/web/service/tgbot.go:4120.16,4123.3 2 0
x-ui/web/service/tgbot.go:4126.2,4126.17 1 0
x-ui/web/service/tgbot.go:4130.54,4133.16 2 0
x-ui/web/service/tgbot.go:4133.16,4136.3 2 0
x-ui/web/service/tgbot.go:4138.2,4138.24 1 0
x-ui/web/service/tgbot.go:4138.24,4141.3 2 0
x-ui/web/service/tgbot.go:4144.2,4145.35 2 0
x-ui/web/service/tgbot.go:4145.35,4149.3 3 0
x-ui/web/service/tgbot.go:4152.2,4159.100 4 0
x-ui/web/service/user.go:19.59,26.16 4 0
x-ui/web/service/user.go:26.16,28.3 1 0
x-ui/web/service/user.go:29.2,29.18 1 0
x-ui/web/service/user.go:32.101,41.35 4 0
x-ui/web/service/user.go:41.35,43.3 1 0
x-ui/web/service/user.go:43.8,43.23 1 0
x-ui/web/service/user.go:43.23,46.3 2 0
x-ui/web/service/user.go:48.2,48.56 1 0
x-ui/web/service/user.go:48.56,50.3 1 0
x-ui/web/service/user.go:52.2,53.16 2 0
x-ui/web/service/user.go:53.16,56.3 2 0
x-ui/web/service/user.go:58.2,58.21 1 0
x-ui/web/service/user.go:58.21,61.17 2 0
x-ui/web/service/user.go:61.17,64.4 2 0
x-ui/web/service/user.go:66.3,66.65 1 0
x-ui/web/service/user.go:66.65,68.4 1 0
x-ui/web/service/user.go:71.2,71.13 1 0
x-ui/web/service/user.go:74.82,78.16 3 0
x-ui/web/service/user.go:78.16,80.3 1 0
x-ui/web/service/user.go:82.2,83.16 2 0
x-ui/web/service/user.go:83.16,85.3 1 0
x-ui/web/service/user.go:87.2,87.21 1 0
x-ui/web/service/user.go:87.21,90.3 2 0
x-ui/web/service/user.go:92.2,95.8 1 0
x-ui/web/service/user.go:98.79,99.20 1 0
x-ui/web/service/user.go:99.20,101.3 1 0
x-ui/web/service/user.go:101.8,101.27 1 0
x-ui/web/service/user.go:101.27,103.3 1 0
x-ui/web/service/user.go:104.2,106.15 2 0
x-ui/web/service/user.go:106.15,108.3 1 0
x-ui/web/service/user.go:110.2,113.30 4 0
x-ui/web/service/user.go:113.30,117.3 3 0
x-ui/web/service/user.go:117.8,117.23 1 0
x-ui/web/service/user.go:117.23,119.3 1 0
x-ui/web/service/user.go:120.2,122.28 3 0
x-ui/web/service/warp.go:18.53,20.16 2 0
x-ui/web/service/warp.go:20.16,22.3 1 0
x-ui/web/service/warp.go:23.2,23.18 1 0
x-ui/web/service/warp.go:26.43,28.16 2 0
x-ui/web/service/warp.go:28.16,30.3 1 0
x-ui/web/service/warp.go:31.2,31.12 1 0
x-ui/web/service/warp.go:34.55,37.16 3 0
x-ui/web/service/warp.go:37.16,39.3 1 0
x-ui/web/service/warp.go:40.2,41.16 2 0
x-ui/web/service/warp.go:41.16,43.3 1 0
x-ui/web/service/warp.go:45.2,48.16 3 0
x-ui/web/service/warp.go:48.16,50.3 1 0
x-ui/web/service/warp.go:51.2,55.16 4 0
x-ui/web/service/warp.go:55.16,57.3 1 0
x-ui/web/service/warp.go:58.2,61.16 4 0
x-ui/web/service/warp.go:61.16,63.3 1 0
x-ui/web/service/warp.go:65.2,65.29 1 0
x-ui/web/service/warp.go:68.83,76.16 6 0
x-ui/web/service/warp.go:76.16,78.3 1 0
x-ui/web/service/warp.go:80.2,85.16 5 0
x-ui/web/service/warp.go:85.16,87.3 1 0
x-ui/web/service/warp.go:88.2,91.16 4 0
x-ui/web/service/warp.go:91.16,93.3 1 0
x-ui/web/service/warp.go:95.2,97.16 3 0
x-ui/web/service/warp.go:97.16,99.3 1 0
x-ui/web/service/warp.go:101.2,104.9 4 0
x-ui/web/service/warp.go:104.9,107.3 2 0
x-ui/web/service/warp.go:109.2,116.20 5 0
x-ui/web/service/warp.go:119.70,122.16 3 0
x-ui/web/service/warp.go:122.16,124.3 1 0
x-ui/web/service/warp.go:125.2,126.16 2 0
x-ui/web/service/warp.go:126.16,128.3 1 0
x-ui/web/service/warp.go:130.2,134.16 4 0
x-ui/web/service/warp.go:134.16,136.3 1 0
x-ui/web/service/warp.go:137.2,141.16 4 0
x-ui/web/service/warp.go:141.16,143.3 1 0
x-ui/web/service/warp.go:144.2,147.16 4 0
x-ui/web/service/warp.go:147.16,149.3 1 0
x-ui/web/service/warp.go:151.2,153.16 3 0
x-ui/web/service/warp.go:153.16,155.3 1 0
x-ui/web/service/warp.go:156.2,156.34 1 0
x-ui/web/service/warp.go:156.34,160.3 3 0
x-ui/web/service/warp.go:162.2,164.16 3 0
x-ui/web/service/warp.go:164.16,166.3 1 0
x-ui/web/service/warp.go:167.2,169.33 2 0
x-ui/web/service/xray.go:32.52,34.2 1 0
x-ui/web/service/xray.go:37.44,39.2 1 0
x-ui/web/service/xray.go:46.40,47.14 1 0
x-ui/web/service/xray.go:47.14,49.3 1 0
x-ui/web/service/xray.go:50.2,50.23 1 0
x-ui/web/service/xray.go:53.42,54.14 1 0
x-ui/web/service/xray.go:54.14,56.3 1 0
x-ui/web/service/xray.go:58.2,60.65 2 0
x-ui/web/service/xray.go:60.65,64.3 1 0
x-ui/web/service/xray.go:66.2,66.12 1 0
x-ui/web/service/xray.go:69.46,70.18 1 0
x-ui/web/service/xray.go:70.18,72.3 1 0
x-ui/web/service/xray.go:73.2,73.23 1 0
x-ui/web/service/xray.go:73.23,75.3 1 0
x-ui/web/service/xray.go:76.2,76.14 1 0
x-ui/web/service/xray.go:76.14,78.3 1 0
x-ui/web/service/xray.go:80.2,82.60 2 0
x-ui/web/service/xray.go:82.60,86.3 1 0
x-ui/web/service/xray.go:88.2,88.15 1 0
x-ui/web/service/xray.go:91.47,92.14 1 0
x-ui/web/service/xray.go:92.14,94.3 1 0
x-ui/web/service/xray.go:95.2,95.23 1 0
x-ui/web/service/xray.go:98.44,100.2 1 0
x-ui/web/service/xray.go:102.61,104.16 2 0
x-ui/web/service/xray.go:104.16,106.3 1 0
x-ui/web/service/xray.go:108.2,109.75 2 0
x-ui/web/service/xray.go:109.75,111.3 1 0
x-ui/web/service/xray.go:113.2,114.16 2 0
x-ui/web/service/xray.go:114.16,116.3 1 0
x-ui/web/service/xray.go:122.2,123.35 2 0
x-ui/web/service/xray.go:123.35,124.22 1 0
x-ui/web/service/xray.go:124.22,125.12 1 0
x-ui/web/service/xray.go:129.3,130.38 2 0
x-ui/web/service/xray.go:130.38,131.31 1 0
x-ui/web/service/xray.go:131.31,133.5 1 0
x-ui/web/service/xray.go:142.2,143.30 2 0
x-ui/web/service/xray.go:143.30,144.73 1 0
x-ui/web/service/xray.go:144.73,147.4 2 0
x-ui/web/service/xray.go:148.8,150.3 1 0
x-ui/web/service/xray.go:153.2,154.70 2 0
x-ui/web/service/xray.go:154.70,156.3 1 0
x-ui/web/service/xray.go:156.8,158.3 1 0
x-ui/web/service/xray.go:161.2,162.62 2 0
x-ui/web/service/xray.go:162.62,165.3 1 0
x-ui/web/service/xray.go:165.8,168.3 1 0
x-ui/web/service/xray.go:173.2,187.34 9 0
x-ui/web/service/xray.go:187.34,199.3 1 0
x-ui/web/service/xray.go:202.2,204.16 3 0
x-ui/web/service/xray.go:204.16,206.3 1 0
x-ui/web/service/xray.go:207.2,212.27 2 0
x-ui/web/service/xray.go:212.27,215.3 2 0
x-ui/web/service/xray.go:221.2,223.35 2 0
x-ui/web/service/xray.go:223.35,224.22 1 0
x-ui/web/service/xray.go:224.22,225.12 1 0
x-ui/web/service/xray.go:229.3,235.33 5 0
x-ui/web/service/xray.go:235.33,236.23 1 0
x-ui/web/service/xray.go:236.23,238.5 1 0
x-ui/web/service/xray.go:240.4,240.20 1 0
x-ui/web/service/xray.go:240.20,242.5 1 0
x-ui/web/service/xray.go:246.3,247.77 2 0
x-ui/web/service/xray.go:247.77,249.12 2 0
x-ui/web/service/xray.go:252.3,253.9 2 0
x-ui/web/service/xray.go:253.9,257.46 3 0
x-ui/web/service/xray.go:257.46,259.12 2 0
x-ui/web/service/xray.go:259.12,260.14 1 0
x-ui/web/service/xray.go:266.5,266.48 1 0
x-ui/web/service/xray.go:266.48,267.48 1 0
x-ui/web/service/xray.go:267.48,269.7 1 0
x-ui/web/service/xray.go:270.6,270.14 1 0
x-ui/web/service/xray.go:276.5,279.38 4 0
x-ui/web/service/xray.go:279.38,280.45 1 0
x-ui/web/service/xray.go:280.45,282.12 2 0
x-ui/web/service/xray.go:285.5,285.23 1 0
x-ui/web/service/xray.go:285.23,287.14 2 0
x-ui/web/service/xray.go:293.5,294.30 2 0
x-ui/web/service/xray.go:294.30,296.6 1 0
x-ui/web/service/xray.go:297.5,297.20 1 0
x-ui/web/service/xray.go:297.20,299.6 1 0
x-ui/web/service/xray.go:302.5,302.34 1 0
x-ui/web/service/xray.go:302.34,303.74 1 0
x-ui/web/service/xray.go:303.74,305.7 1 0
x-ui/web/service/xray.go:305.12,307.7 1 0
x-ui/web/service/xray.go:309.5,309.42 1 0
x-ui/web/service/xray.go:309.42,311.6 1 0
x-ui/web/service/xray.go:312.5,312.38 1 0
x-ui/web/service/xray.go:312.38,314.6 1 0
x-ui/web/service/xray.go:327.5,328.20 2 0
x-ui/web/service/xray.go:328.20,329.51 1 0
x-ui/web/service/xray.go:329.51,331.7 1 0
x-ui/web/service/xray.go:333.5,333.34 1 0
x-ui/web/service/xray.go:333.34,334.48 1 0
x-ui/web/service/xray.go:334.48,336.7 1 0
x-ui/web/service/xray.go:338.5,338.19 1 0
x-ui/web/service/xray.go:338.19,339.39 1 0
x-ui/web/service/xray.go:339.39,340.30 1 0
x-ui/web/service/xray.go:341.20,342.23 1 0
x-ui/web/service/xray.go:343.16,344.18 1 0
x-ui/web/service/xray.go:345.18,346.23 1 0
x-ui/web/service/xray.go:347.19,348.50 1 0
x-ui/web/service/xray.go:348.50,350.9 1 0
x-ui/web/service/xray.go:357.5,357.33 1 0
x-ui/web/service/xray.go:357.33,359.6 1 0
x-ui/web/service/xray.go:362.5,364.50 2 0
x-ui/web/service/xray.go:368.4,370.18 3 0
x-ui/web/service/xray.go:370.18,372.13 2 0
x-ui/web/service/xray.go:374.4,374.71 1 0
x-ui/web/service/xray.go:380.3,380.38 1 0
x-ui/web/service/xray.go:380.38,382.82 2 0
x-ui/web/service/xray.go:382.82,384.13 2 0
x-ui/web/service/xray.go:387.4,387.77 1 0
x-ui/web/service/xray.go:387.77,389.5 1 0
x-ui/web/service/xray.go:390.4,390.85 1 0
x-ui/web/service/xray.go:390.85,392.5 1 0
x-ui/web/service/xray.go:393.4,396.18 3 0
x-ui/web/service/xray.go:396.18,398.5 1 0
x-ui/web/service/xray.go:399.4,399.66 1 0
x-ui/web/service/xray.go:402.3,402.80 1 0
x-ui/web/service/xray.go:405.2,405.24 1 0
x-ui/web/service/xray.go:408.88,409.24 1 0
x-ui/web/service/xray.go:409.24,413.3 3 0
x-ui/web/service/xray.go:414.2,419.16 5 0
x-ui/web/service/xray.go:419.16,422.3 2 0
x-ui/web/service/xray.go:423.2,423.36 1 0
x-ui/web/service/xray.go:426.55,433.16 6 0
x-ui/web/service/xray.go:433.16,435.3 1 0
x-ui/web/service/xray.go:438.2,439.20 2 0
x-ui/web/service/xray.go:439.20,441.3 1 0
x-ui/web/service/xray.go:441.8,443.3 1 0
x-ui/web/service/xray.go:445.2,445.23 1 0
x-ui/web/service/xray.go:445.23,446.80 1 0
x-ui/web/service/xray.go:446.80,449.4 2 0
x-ui/web/service/xray.go:450.3,450.11 1 0
x-ui/web/service/xray.go:453.2,456.16 4 0
x-ui/web/service/xray.go:456.16,458.3 1 0
x-ui/web/service/xray.go:460.2,460.12 1 0
x-ui/web/service/xray.go:463.40,468.23 5 0
x-ui/web/service/xray.go:468.23,470.3 1 0
x-ui/web/service/xray.go:471.2,471.42 1 0
x-ui/web/service/xray.go:474.42,476.2 1 0
x-ui/web/service/xray.go:478.55,480.2 1 0
x-ui/web/service/xray.go:483.43,485.2 1 0
x-ui/web/service/xray_setting.go:15.76,16.59 1 0
x-ui/web/service/xray_setting.go:16.59,18.3 1 0
x-ui/web/service/xray_setting.go:19.2,19.76 1 0
x-ui/web/service/xray_setting.go:22.79,25.16 3 0
x-ui/web/service/xray_setting.go:25.16,27.3 1 0
x-ui/web/service/xray_setting.go:28.2,28.12 1 0
