mode: set
x-ui/web/service/acme_sh_service.go:22.40,27.2 1 0
x-ui/web/service/acme_sh_service.go:30.51,32.30 2 0
x-ui/web/service/acme_sh_service.go:32.30,34.3 1 0
x-ui/web/service/acme_sh_service.go:37.2,38.29 2 0
x-ui/web/service/acme_sh_service.go:38.29,39.57 1 0
x-ui/web/service/acme_sh_service.go:39.57,41.4 1 0
x-ui/web/service/acme_sh_service.go:42.3,44.27 3 0
x-ui/web/service/acme_sh_service.go:44.27,46.4 1 0
x-ui/web/service/acme_sh_service.go:48.2,48.13 1 0
x-ui/web/service/acme_sh_service.go:52.49,55.50 2 0
x-ui/web/service/acme_sh_service.go:55.50,58.3 2 0
x-ui/web/service/acme_sh_service.go:60.2,60.61 1 0
x-ui/web/service/acme_sh_service.go:60.61,64.3 3 0
x-ui/web/service/acme_sh_service.go:66.2,66.50 1 0
x-ui/web/service/acme_sh_service.go:66.50,68.46 2 0
x-ui/web/service/acme_sh_service.go:68.46,72.4 3 0
x-ui/web/service/acme_sh_service.go:74.2,81.16 5 0
x-ui/web/service/acme_sh_service.go:81.16,83.3 1 0
x-ui/web/service/acme_sh_service.go:86.2,91.16 5 0
x-ui/web/service/acme_sh_service.go:91.16,93.3 1 0
x-ui/web/service/acme_sh_service.go:95.2,98.50 2 0
x-ui/web/service/acme_sh_service.go:98.50,101.3 2 0
x-ui/web/service/acme_sh_service.go:102.2,102.12 1 0
x-ui/web/service/acme_sh_service.go:106.61,107.22 1 0
x-ui/web/service/acme_sh_service.go:107.22,109.3 1 0
x-ui/web/service/acme_sh_service.go:110.2,110.17 1 0
x-ui/web/service/acme_sh_service.go:110.17,112.3 1 0
x-ui/web/service/acme_sh_service.go:114.2,117.44 2 0
x-ui/web/service/acme_sh_service.go:117.44,119.3 1 0
x-ui/web/service/acme_sh_service.go:122.2,136.16 6 0
x-ui/web/service/acme_sh_service.go:136.16,139.3 2 0
x-ui/web/service/acme_sh_service.go:141.2,142.12 2 0
x-ui/web/service/acme_sh_service.go:146.73,147.22 1 0
x-ui/web/service/acme_sh_service.go:147.22,149.3 1 0
x-ui/web/service/acme_sh_service.go:150.2,150.37 1 0
x-ui/web/service/acme_sh_service.go:150.37,152.3 1 0
x-ui/web/service/acme_sh_service.go:154.2,168.16 6 0
x-ui/web/service/acme_sh_service.go:168.16,171.3 2 0
x-ui/web/service/acme_sh_service.go:174.2,174.49 1 0
x-ui/web/service/acme_sh_service.go:174.49,176.3 1 0
x-ui/web/service/acme_sh_service.go:178.2,179.12 2 0
x-ui/web/service/acme_sh_service.go:183.69,184.22 1 0
x-ui/web/service/acme_sh_service.go:184.22,186.3 1 0
x-ui/web/service/acme_sh_service.go:189.2,198.16 5 0
x-ui/web/service/acme_sh_service.go:198.16,201.3 2 0
x-ui/web/service/acme_sh_service.go:204.2,206.29 3 0
x-ui/web/service/acme_sh_service.go:206.29,207.49 1 0
x-ui/web/service/acme_sh_service.go:207.49,210.23 2 0
x-ui/web/service/acme_sh_service.go:210.23,212.90 2 0
x-ui/web/service/acme_sh_service.go:212.90,214.6 1 0
x-ui/web/service/acme_sh_service.go:216.5,216.77 1 0
x-ui/web/service/acme_sh_service.go:216.77,218.6 1 0
x-ui/web/service/acme_sh_service.go:224.2,225.45 2 0
x-ui/web/service/acme_sh_service.go:225.45,227.69 1 0
x-ui/web/service/acme_sh_service.go:227.69,229.4 1 0
x-ui/web/service/acme_sh_service.go:232.2,232.79 1 0
x-ui/web/service/acme_sh_service.go:236.85,239.16 3 0
x-ui/web/service/acme_sh_service.go:239.16,241.3 1 0
x-ui/web/service/acme_sh_service.go:243.2,244.47 2 0
x-ui/web/service/acme_sh_service.go:244.47,250.17 4 0
x-ui/web/service/acme_sh_service.go:250.17,252.4 1 0
x-ui/web/service/acme_sh_service.go:253.3,253.21 1 0
x-ui/web/service/acme_sh_service.go:256.2,256.69 1 0
x-ui/web/service/acme_sh_service.go:260.75,265.2 4 0
x-ui/web/service/aggressive_renewal.go:48.178,58.2 1 0
x-ui/web/service/aggressive_renewal.go:61.71,63.16 2 0
x-ui/web/service/aggressive_renewal.go:63.16,64.25 1 0
x-ui/web/service/aggressive_renewal.go:64.25,67.4 1 0
x-ui/web/service/aggressive_renewal.go:68.3,68.63 1 0
x-ui/web/service/aggressive_renewal.go:71.2,72.53 2 0
x-ui/web/service/aggressive_renewal.go:72.53,74.3 1 0
x-ui/web/service/aggressive_renewal.go:76.2,76.20 1 0
x-ui/web/service/aggressive_renewal.go:80.73,82.16 2 0
x-ui/web/service/aggressive_renewal.go:82.16,84.3 1 0
x-ui/web/service/aggressive_renewal.go:86.2,86.63 1 0
x-ui/web/service/aggressive_renewal.go:86.63,88.3 1 0
x-ui/web/service/aggressive_renewal.go:90.2,90.12 1 0
x-ui/web/service/aggressive_renewal.go:94.44,99.16 3 0
x-ui/web/service/aggressive_renewal.go:99.16,102.3 2 0
x-ui/web/service/aggressive_renewal.go:103.2,110.35 4 0
x-ui/web/service/aggressive_renewal.go:110.35,112.39 2 0
x-ui/web/service/aggressive_renewal.go:112.39,114.32 2 0
x-ui/web/service/aggressive_renewal.go:114.32,116.5 1 0
x-ui/web/service/aggressive_renewal.go:120.2,123.16 3 0
x-ui/web/service/aggressive_renewal.go:127.43,141.43 5 0
x-ui/web/service/aggressive_renewal.go:141.43,143.3 1 0
x-ui/web/service/aggressive_renewal.go:145.2,145.19 1 0
x-ui/web/service/aggressive_renewal.go:149.46,153.6 3 0
x-ui/web/service/aggressive_renewal.go:153.6,154.10 1 0
x-ui/web/service/aggressive_renewal.go:155.19,156.44 1 0
x-ui/web/service/aggressive_renewal.go:156.44,158.5 1 0
x-ui/web/service/aggressive_renewal.go:159.21,160.10 1 0
x-ui/web/service/aggressive_renewal.go:166.58,169.18 2 0
x-ui/web/service/aggressive_renewal.go:169.18,173.3 3 0
x-ui/web/service/aggressive_renewal.go:174.2,178.16 3 0
x-ui/web/service/aggressive_renewal.go:178.16,181.3 2 0
x-ui/web/service/aggressive_renewal.go:182.2,183.51 2 0
x-ui/web/service/aggressive_renewal.go:183.51,185.3 1 0
x-ui/web/service/aggressive_renewal.go:188.2,189.16 2 0
x-ui/web/service/aggressive_renewal.go:189.16,191.3 1 0
x-ui/web/service/aggressive_renewal.go:192.2,192.14 1 0
x-ui/web/service/aggressive_renewal.go:192.14,194.3 1 0
x-ui/web/service/aggressive_renewal.go:197.2,198.16 2 0
x-ui/web/service/aggressive_renewal.go:198.16,201.3 2 0
x-ui/web/service/aggressive_renewal.go:204.2,205.41 2 0
x-ui/web/service/aggressive_renewal.go:205.41,208.3 2 0
x-ui/web/service/aggressive_renewal.go:210.2,211.12 2 0
x-ui/web/service/aggressive_renewal.go:215.69,218.16 2 0
x-ui/web/service/aggressive_renewal.go:218.16,220.3 1 0
x-ui/web/service/aggressive_renewal.go:221.2,221.14 1 0
x-ui/web/service/aggressive_renewal.go:221.14,223.3 1 0
x-ui/web/service/aggressive_renewal.go:226.2,227.16 2 0
x-ui/web/service/aggressive_renewal.go:227.16,232.17 3 0
x-ui/web/service/aggressive_renewal.go:232.17,234.4 1 0
x-ui/web/service/aggressive_renewal.go:235.3,235.21 1 0
x-ui/web/service/aggressive_renewal.go:235.21,237.4 1 0
x-ui/web/service/aggressive_renewal.go:239.3,243.54 3 0
x-ui/web/service/aggressive_renewal.go:243.54,245.4 1 0
x-ui/web/service/aggressive_renewal.go:248.3,249.17 2 0
x-ui/web/service/aggressive_renewal.go:249.17,251.4 1 0
x-ui/web/service/aggressive_renewal.go:254.3,254.33 1 0
x-ui/web/service/aggressive_renewal.go:254.33,256.4 1 0
x-ui/web/service/aggressive_renewal.go:258.3,259.17 2 0
x-ui/web/service/aggressive_renewal.go:259.17,261.4 1 0
x-ui/web/service/aggressive_renewal.go:263.3,263.29 1 0
x-ui/web/service/aggressive_renewal.go:266.2,269.8 1 0
x-ui/web/service/aggressive_renewal.go:279.66,281.18 2 0
x-ui/web/service/aggressive_renewal.go:281.18,285.3 3 0
x-ui/web/service/aggressive_renewal.go:286.2,291.16 4 0
x-ui/web/service/aggressive_renewal.go:291.16,294.3 2 0
x-ui/web/service/aggressive_renewal.go:295.2,296.51 2 0
x-ui/web/service/aggressive_renewal.go:296.51,298.3 1 0
x-ui/web/service/aggressive_renewal.go:300.2,309.51 7 0
x-ui/web/service/aggressive_renewal.go:309.51,311.3 1 0
x-ui/web/service/aggressive_renewal.go:312.2,312.51 1 0
x-ui/web/service/aggressive_renewal.go:312.51,314.3 1 0
x-ui/web/service/aggressive_renewal.go:316.2,316.12 1 0
x-ui/web/service/aggressive_renewal.go:320.69,321.36 1 0
x-ui/web/service/aggressive_renewal.go:321.36,325.29 2 0
x-ui/web/service/aggressive_renewal.go:325.29,326.60 1 0
x-ui/web/service/aggressive_renewal.go:326.60,328.5 1 0
x-ui/web/service/aggressive_renewal.go:332.3,333.21 2 0
x-ui/web/service/aggressive_renewal.go:333.21,336.4 2 0
x-ui/web/service/aggressive_renewal.go:337.3,338.52 2 0
x-ui/web/service/aggressive_renewal.go:338.52,340.4 1 0
x-ui/web/service/aggressive_renewal.go:342.3,342.89 1 0
x-ui/web/service/aggressive_renewal.go:345.2,353.43 5 0
x-ui/web/service/aggressive_renewal.go:353.43,356.23 2 0
x-ui/web/service/aggressive_renewal.go:356.23,358.4 1 0
x-ui/web/service/aggressive_renewal.go:360.3,361.20 2 0
x-ui/web/service/aggressive_renewal.go:364.2,366.12 3 0
x-ui/web/service/aggressive_renewal.go:370.59,373.16 2 0
x-ui/web/service/aggressive_renewal.go:373.16,375.3 1 0
x-ui/web/service/aggressive_renewal.go:376.2,376.14 1 0
x-ui/web/service/aggressive_renewal.go:376.14,378.3 1 0
x-ui/web/service/aggressive_renewal.go:380.2,381.16 2 0
x-ui/web/service/aggressive_renewal.go:381.16,383.3 1 0
x-ui/web/service/aggressive_renewal.go:384.2,384.17 1 0
x-ui/web/service/aggressive_renewal.go:384.17,386.3 1 0
x-ui/web/service/aggressive_renewal.go:388.2,391.58 2 0
x-ui/web/service/aggressive_renewal.go:391.58,393.3 1 0
x-ui/web/service/aggressive_renewal.go:394.2,394.15 1 0
x-ui/web/service/aggressive_renewal.go:394.15,395.70 1 0
x-ui/web/service/aggressive_renewal.go:395.70,397.4 1 0
x-ui/web/service/aggressive_renewal.go:401.2,401.62 1 0
x-ui/web/service/aggressive_renewal.go:401.62,403.29 1 0
x-ui/web/service/aggressive_renewal.go:403.29,404.87 1 0
x-ui/web/service/aggressive_renewal.go:404.87,406.5 1 0
x-ui/web/service/aggressive_renewal.go:408.3,408.61 1 0
x-ui/web/service/aggressive_renewal.go:412.2,412.28 1 0
x-ui/web/service/aggressive_renewal.go:412.28,416.3 3 0
x-ui/web/service/aggressive_renewal.go:419.2,420.16 2 0
x-ui/web/service/aggressive_renewal.go:420.16,423.3 2 0
x-ui/web/service/aggressive_renewal.go:424.2,426.51 3 0
x-ui/web/service/aggressive_renewal.go:426.51,428.3 1 0
x-ui/web/service/aggressive_renewal.go:430.2,430.12 1 0
x-ui/web/service/aggressive_renewal.go:434.80,435.18 1 0
x-ui/web/service/aggressive_renewal.go:435.18,437.3 1 0
x-ui/web/service/aggressive_renewal.go:440.2,444.26 3 0
x-ui/web/service/aggressive_renewal.go:444.26,446.3 1 0
x-ui/web/service/aggressive_renewal.go:448.2,448.16 1 0
x-ui/web/service/cert.go:32.66,39.2 3 0
x-ui/web/service/cert.go:41.58,44.2 2 0
x-ui/web/service/cert.go:46.51,49.2 2 0
x-ui/web/service/cert.go:52.45,53.23 1 0
x-ui/web/service/cert.go:53.23,67.21 8 0
x-ui/web/service/cert.go:67.21,71.4 3 0
x-ui/web/service/cert.go:71.9,74.4 2 0
x-ui/web/service/cert.go:77.3,87.29 4 0
x-ui/web/service/cert.go:87.29,91.4 3 0
x-ui/web/service/cert.go:91.9,93.4 1 0
x-ui/web/service/cert.go:96.3,96.54 1 0
x-ui/web/service/cert.go:96.54,99.4 2 0
x-ui/web/service/cert.go:101.3,101.77 1 0
x-ui/web/service/cert.go:106.60,107.14 1 0
x-ui/web/service/cert.go:107.14,109.3 1 0
x-ui/web/service/cert.go:110.2,110.17 1 0
x-ui/web/service/cert.go:110.17,112.3 1 0
x-ui/web/service/cert.go:115.2,115.28 1 0
x-ui/web/service/cert.go:115.28,118.3 2 0
x-ui/web/service/cert.go:121.2,124.27 3 0
x-ui/web/service/cert.go:124.27,125.59 1 0
x-ui/web/service/cert.go:125.59,127.4 1 0
x-ui/web/service/cert.go:128.3,128.16 1 0
x-ui/web/service/cert.go:128.16,129.57 1 0
x-ui/web/service/cert.go:129.57,131.5 1 0
x-ui/web/service/cert.go:136.2,136.63 1 0
x-ui/web/service/cert.go:136.63,138.3 1 0
x-ui/web/service/cert.go:141.2,146.89 5 0
x-ui/web/service/cert.go:146.89,148.3 1 0
x-ui/web/service/cert.go:151.2,151.68 1 0
x-ui/web/service/cert.go:151.68,153.3 1 0
x-ui/web/service/cert.go:156.2,156.26 1 0
x-ui/web/service/cert.go:156.26,157.86 1 0
x-ui/web/service/cert.go:157.86,159.4 1 0
x-ui/web/service/cert.go:162.2,163.12 2 0
x-ui/web/service/cert.go:167.35,169.29 1 0
x-ui/web/service/cert.go:169.29,172.3 2 0
x-ui/web/service/cert.go:175.2,175.12 1 0
x-ui/web/service/cert.go:175.12,179.7 3 0
x-ui/web/service/cert.go:179.7,180.11 1 0
x-ui/web/service/cert.go:181.20,182.34 1 0
x-ui/web/service/cert.go:189.51,192.16 2 0
x-ui/web/service/cert.go:192.16,195.3 2 0
x-ui/web/service/cert.go:196.2,196.14 1 0
x-ui/web/service/cert.go:196.14,198.3 1 0
x-ui/web/service/cert.go:201.2,202.16 2 0
x-ui/web/service/cert.go:202.16,205.3 2 0
x-ui/web/service/cert.go:206.2,206.14 1 0
x-ui/web/service/cert.go:206.14,209.3 2 0
x-ui/web/service/cert.go:211.2,212.16 2 0
x-ui/web/service/cert.go:212.16,215.3 2 0
x-ui/web/service/cert.go:216.2,216.17 1 0
x-ui/web/service/cert.go:216.17,219.3 2 0
x-ui/web/service/cert.go:222.2,223.16 2 0
x-ui/web/service/cert.go:223.16,226.3 2 0
x-ui/web/service/cert.go:227.2,227.20 1 0
x-ui/web/service/cert.go:227.20,230.3 2 0
x-ui/web/service/cert.go:232.2,236.53 3 0
x-ui/web/service/cert.go:236.53,238.51 2 0
x-ui/web/service/cert.go:238.51,240.4 1 0
x-ui/web/service/cert.go:241.3,241.9 1 0
x-ui/web/service/cert.go:245.2,246.16 2 0
x-ui/web/service/cert.go:246.16,249.51 2 0
x-ui/web/service/cert.go:249.51,251.4 1 0
x-ui/web/service/cert.go:252.3,252.9 1 0
x-ui/web/service/cert.go:256.2,257.16 2 0
x-ui/web/service/cert.go:257.16,260.3 2 0
x-ui/web/service/cert.go:263.2,263.37 1 0
x-ui/web/service/cert.go:263.37,267.17 2 0
x-ui/web/service/cert.go:267.17,270.4 2 0
x-ui/web/service/cert.go:273.3,273.50 1 0
x-ui/web/service/cert.go:273.50,275.52 2 0
x-ui/web/service/cert.go:275.52,277.5 1 0
x-ui/web/service/cert.go:289.61,295.2 2 0
x-ui/web/service/cert.go:297.62,300.2 2 0
x-ui/web/service/cert.go:302.62,304.16 2 0
x-ui/web/service/cert.go:304.16,306.3 1 0
x-ui/web/service/cert.go:307.2,307.19 1 0
x-ui/web/service/cert.go:315.49,317.2 1 0
x-ui/web/service/cert.go:319.47,333.2 2 0
x-ui/web/service/cert.go:335.73,337.2 1 0
x-ui/web/service/cert.go:339.62,341.2 1 0
x-ui/web/service/cert.go:348.74,351.2 2 0
x-ui/web/service/cert_alert_fallback.go:42.131,51.2 1 0
x-ui/web/service/cert_alert_fallback.go:54.75,61.20 4 0
x-ui/web/service/cert_alert_fallback.go:61.20,64.3 2 0
x-ui/web/service/cert_alert_fallback.go:67.2,67.21 1 0
x-ui/web/service/cert_alert_fallback.go:67.21,69.60 2 0
x-ui/web/service/cert_alert_fallback.go:69.60,71.23 2 0
x-ui/web/service/cert_alert_fallback.go:71.23,73.5 1 0
x-ui/web/service/cert_alert_fallback.go:77.2,77.12 1 0
x-ui/web/service/cert_alert_fallback.go:81.51,84.16 2 0
x-ui/web/service/cert_alert_fallback.go:84.16,86.3 1 0
x-ui/web/service/cert_alert_fallback.go:88.2,88.21 1 0
x-ui/web/service/cert_alert_fallback.go:88.21,90.3 1 0
x-ui/web/service/cert_alert_fallback.go:92.2,95.30 2 0
x-ui/web/service/cert_alert_fallback.go:95.30,110.54 2 0
x-ui/web/service/cert_alert_fallback.go:110.54,113.4 2 0
x-ui/web/service/cert_alert_fallback.go:116.2,116.12 1 0
x-ui/web/service/cert_alert_fallback.go:120.69,121.27 1 0
x-ui/web/service/cert_alert_fallback.go:121.27,123.3 1 0
x-ui/web/service/cert_alert_fallback.go:125.2,125.75 1 0
x-ui/web/service/cert_alert_fallback.go:129.53,134.16 3 0
x-ui/web/service/cert_alert_fallback.go:134.16,136.3 1 0
x-ui/web/service/cert_alert_fallback.go:137.2,137.20 1 0
x-ui/web/service/cert_alert_fallback.go:137.20,139.3 1 0
x-ui/web/service/cert_alert_fallback.go:142.2,143.16 2 0
x-ui/web/service/cert_alert_fallback.go:143.16,145.3 1 0
x-ui/web/service/cert_alert_fallback.go:146.2,146.14 1 0
x-ui/web/service/cert_alert_fallback.go:146.14,148.3 1 0
x-ui/web/service/cert_alert_fallback.go:151.2,151.59 1 0
x-ui/web/service/cert_alert_fallback.go:151.59,153.3 1 0
x-ui/web/service/cert_alert_fallback.go:155.2,166.61 3 0
x-ui/web/service/cert_alert_fallback.go:166.61,168.3 1 0
x-ui/web/service/cert_alert_fallback.go:170.2,170.49 1 0
x-ui/web/service/cert_alert_fallback.go:174.75,179.16 3 0
x-ui/web/service/cert_alert_fallback.go:179.16,181.3 1 0
x-ui/web/service/cert_alert_fallback.go:184.2,184.56 1 0
x-ui/web/service/cert_alert_fallback.go:184.56,187.3 1 0
x-ui/web/service/cert_alert_fallback.go:190.2,193.63 3 0
x-ui/web/service/cert_alert_fallback.go:193.63,195.3 1 0
x-ui/web/service/cert_alert_fallback.go:197.2,197.61 1 0
x-ui/web/service/cert_alert_fallback.go:197.61,199.3 1 0
x-ui/web/service/cert_alert_fallback.go:201.2,202.12 2 0
x-ui/web/service/cert_alert_fallback.go:206.53,208.2 1 0
x-ui/web/service/cert_alert_fallback.go:211.87,214.16 2 0
x-ui/web/service/cert_alert_fallback.go:214.16,216.3 1 0
x-ui/web/service/cert_alert_fallback.go:219.2,235.16 3 0
x-ui/web/service/cert_alert_fallback.go:235.16,237.3 1 0
x-ui/web/service/cert_alert_fallback.go:240.2,251.29 4 0
x-ui/web/service/cert_alert_fallback.go:255.72,265.57 6 0
x-ui/web/service/cert_alert_fallback.go:265.57,267.3 1 0
x-ui/web/service/cert_alert_fallback.go:270.2,270.55 1 0
x-ui/web/service/cert_alert_fallback.go:270.55,272.3 1 0
x-ui/web/service/cert_alert_fallback.go:274.2,275.12 2 0
x-ui/web/service/cert_alert_fallback.go:279.61,281.16 2 0
x-ui/web/service/cert_alert_fallback.go:281.16,283.3 1 0
x-ui/web/service/cert_alert_fallback.go:284.2,284.39 1 0
x-ui/web/service/cert_alert_fallback.go:288.70,291.16 2 0
x-ui/web/service/cert_alert_fallback.go:291.16,293.3 1 0
x-ui/web/service/cert_alert_fallback.go:294.2,294.20 1 0
x-ui/web/service/cert_alert_fallback.go:294.20,296.3 1 0
x-ui/web/service/cert_alert_fallback.go:299.2,300.16 2 0
x-ui/web/service/cert_alert_fallback.go:300.16,302.3 1 0
x-ui/web/service/cert_alert_fallback.go:304.2,308.53 3 0
x-ui/web/service/cert_alert_fallback.go:308.53,314.3 1 0
x-ui/web/service/cert_alert_fallback.go:317.2,318.16 2 0
x-ui/web/service/cert_alert_fallback.go:318.16,320.3 1 0
x-ui/web/service/cert_alert_fallback.go:323.2,323.32 1 0
x-ui/web/service/cert_alert_fallback.go:323.32,325.3 1 0
x-ui/web/service/cert_alert_fallback.go:327.2,328.16 2 0
x-ui/web/service/cert_alert_fallback.go:328.16,330.3 1 0
x-ui/web/service/cert_alert_fallback.go:332.2,336.8 1 0
x-ui/web/service/cert_errors.go:33.36,34.20 1 0
x-ui/web/service/cert_errors.go:34.20,36.3 1 0
x-ui/web/service/cert_errors.go:37.2,37.50 1 0
x-ui/web/service/cert_errors.go:41.36,43.2 1 0
x-ui/web/service/cert_errors.go:46.56,47.35 1 0
x-ui/web/service/cert_errors.go:47.35,49.3 1 0
x-ui/web/service/cert_errors.go:50.2,50.18 1 0
x-ui/web/service/cert_errors.go:54.108,62.2 1 0
x-ui/web/service/cert_errors.go:143.49,144.14 1 0
x-ui/web/service/cert_errors.go:145.29,146.27 1 0
x-ui/web/service/cert_errors.go:147.29,148.27 1 0
x-ui/web/service/cert_errors.go:149.24,150.22 1 0
x-ui/web/service/cert_errors.go:151.24,152.22 1 0
x-ui/web/service/cert_errors.go:153.28,154.26 1 0
x-ui/web/service/cert_errors.go:155.26,156.24 1 0
x-ui/web/service/cert_errors.go:157.28,158.26 1 0
x-ui/web/service/cert_errors.go:159.31,160.29 1 0
x-ui/web/service/cert_errors.go:161.32,162.30 1 0
x-ui/web/service/cert_errors.go:163.31,164.29 1 0
x-ui/web/service/cert_errors.go:165.10,166.93 1 0
x-ui/web/service/cert_errors.go:171.48,174.2 2 0
x-ui/web/service/cert_errors.go:177.34,180.2 2 0
x-ui/web/service/cert_errors.go:183.41,185.30 2 0
x-ui/web/service/cert_errors.go:185.30,187.3 1 0
x-ui/web/service/cert_errors.go:188.2,188.11 1 0
x-ui/web/service/cert_hot_reloader.go:40.67,49.2 3 0
x-ui/web/service/cert_hot_reloader.go:52.49,58.16 4 0
x-ui/web/service/cert_hot_reloader.go:58.16,60.3 1 0
x-ui/web/service/cert_hot_reloader.go:60.8,62.3 1 0
x-ui/web/service/cert_hot_reloader.go:65.2,65.22 1 0
x-ui/web/service/cert_hot_reloader.go:65.22,68.3 2 0
x-ui/web/service/cert_hot_reloader.go:71.2,71.20 1 0
x-ui/web/service/cert_hot_reloader.go:71.20,74.3 2 0
x-ui/web/service/cert_hot_reloader.go:76.2,80.82 5 0
x-ui/web/service/cert_hot_reloader.go:84.73,88.54 2 0
x-ui/web/service/cert_hot_reloader.go:88.54,91.3 2 0
x-ui/web/service/cert_hot_reloader.go:93.2,93.53 1 0
x-ui/web/service/cert_hot_reloader.go:93.53,96.3 2 0
x-ui/web/service/cert_hot_reloader.go:99.2,99.44 1 0
x-ui/web/service/cert_hot_reloader.go:99.44,102.3 2 0
x-ui/web/service/cert_hot_reloader.go:105.2,105.42 1 0
x-ui/web/service/cert_hot_reloader.go:105.42,108.3 2 0
x-ui/web/service/cert_hot_reloader.go:110.2,111.12 2 0
x-ui/web/service/cert_hot_reloader.go:115.51,118.29 2 0
x-ui/web/service/cert_hot_reloader.go:118.29,121.3 2 0
x-ui/web/service/cert_hot_reloader.go:124.2,124.43 1 0
x-ui/web/service/cert_hot_reloader.go:124.43,127.3 2 0
x-ui/web/service/cert_hot_reloader.go:129.2,130.12 2 0
x-ui/web/service/cert_hot_reloader.go:134.50,138.31 2 0
x-ui/web/service/cert_hot_reloader.go:138.31,143.3 2 0
x-ui/web/service/cert_hot_reloader.go:146.2,146.50 1 0
x-ui/web/service/cert_hot_reloader.go:146.50,151.48 3 0
x-ui/web/service/cert_hot_reloader.go:151.48,154.4 2 0
x-ui/web/service/cert_hot_reloader.go:156.3,157.13 2 0
x-ui/web/service/cert_hot_reloader.go:161.2,161.45 1 0
x-ui/web/service/cert_hot_reloader.go:161.45,166.48 3 0
x-ui/web/service/cert_hot_reloader.go:166.48,169.4 2 0
x-ui/web/service/cert_hot_reloader.go:171.3,172.13 2 0
x-ui/web/service/cert_hot_reloader.go:175.2,176.12 2 0
x-ui/web/service/cert_hot_reloader.go:180.52,185.2 2 0
x-ui/web/service/cert_hot_reloader.go:188.48,199.48 3 0
x-ui/web/service/cert_hot_reloader.go:199.48,201.3 1 0
x-ui/web/service/cert_hot_reloader.go:203.2,204.12 2 0
x-ui/web/service/cert_hot_reloader.go:208.49,215.29 3 0
x-ui/web/service/cert_hot_reloader.go:215.29,217.3 1 0
x-ui/web/service/cert_hot_reloader.go:219.2,220.12 2 0
x-ui/web/service/cert_hot_reloader.go:224.57,230.22 3 0
x-ui/web/service/cert_hot_reloader.go:230.22,233.3 2 0
x-ui/web/service/cert_hot_reloader.go:236.2,237.16 2 0
x-ui/web/service/cert_hot_reloader.go:237.16,240.3 2 0
x-ui/web/service/cert_hot_reloader.go:242.2,245.28 2 0
x-ui/web/service/cert_hot_reloader.go:245.28,248.3 2 0
x-ui/web/service/cert_hot_reloader.go:251.2,251.20 1 0
x-ui/web/service/cert_hot_reloader.go:251.20,254.3 2 0
x-ui/web/service/cert_hot_reloader.go:256.2,257.107 2 0
x-ui/web/service/cert_hot_reloader.go:261.74,263.2 1 0
x-ui/web/service/cert_hot_reloader.go:266.45,269.16 2 0
x-ui/web/service/cert_hot_reloader.go:269.16,272.3 2 0
x-ui/web/service/cert_hot_reloader.go:275.2,276.29 2 0
x-ui/web/service/cert_hot_reloader.go:276.29,277.41 1 0
x-ui/web/service/cert_hot_reloader.go:277.41,279.23 2 0
x-ui/web/service/cert_hot_reloader.go:279.23,282.19 2 0
x-ui/web/service/cert_hot_reloader.go:282.19,285.6 2 0
x-ui/web/service/cert_hot_reloader.go:287.5,287.34 1 0
x-ui/web/service/cert_hot_reloader.go:292.2,293.14 2 0
x-ui/web/service/cert_hot_reloader.go:297.68,299.16 2 0
x-ui/web/service/cert_hot_reloader.go:299.16,301.3 1 0
x-ui/web/service/cert_hot_reloader.go:302.2,307.40 4 0
x-ui/web/service/cert_hot_reloader.go:307.40,309.3 1 0
x-ui/web/service/cert_hot_reloader.go:311.2,311.12 1 0
x-ui/web/service/certmagic_domain_service.go:70.123,93.2 4 0
x-ui/web/service/certmagic_domain_service.go:96.50,115.2 1 0
x-ui/web/service/certmagic_domain_service.go:118.113,122.49 2 0
x-ui/web/service/certmagic_domain_service.go:122.49,124.3 1 0
x-ui/web/service/certmagic_domain_service.go:125.2,125.17 1 0
x-ui/web/service/certmagic_domain_service.go:125.17,127.3 1 0
x-ui/web/service/certmagic_domain_service.go:128.2,128.17 1 0
x-ui/web/service/certmagic_domain_service.go:128.17,130.3 1 0
x-ui/web/service/certmagic_domain_service.go:133.2,133.76 1 0
x-ui/web/service/certmagic_domain_service.go:133.76,137.77 3 0
x-ui/web/service/certmagic_domain_service.go:137.77,139.4 1 0
x-ui/web/service/certmagic_domain_service.go:140.3,140.55 1 0
x-ui/web/service/certmagic_domain_service.go:144.2,144.36 1 0
x-ui/web/service/certmagic_domain_service.go:144.36,145.50 1 0
x-ui/web/service/certmagic_domain_service.go:145.50,147.4 1 0
x-ui/web/service/certmagic_domain_service.go:164.2,165.51 2 0
x-ui/web/service/certmagic_domain_service.go:165.51,167.3 1 0
x-ui/web/service/certmagic_domain_service.go:169.2,177.16 5 0
x-ui/web/service/certmagic_domain_service.go:177.16,180.3 2 0
x-ui/web/service/certmagic_domain_service.go:183.2,200.27 5 0
x-ui/web/service/certmagic_domain_service.go:200.27,201.73 1 0
x-ui/web/service/certmagic_domain_service.go:201.73,203.4 1 0
x-ui/web/service/certmagic_domain_service.go:206.2,207.20 2 0
x-ui/web/service/certmagic_domain_service.go:211.86,218.13 5 0
x-ui/web/service/certmagic_domain_service.go:218.13,220.3 1 0
x-ui/web/service/certmagic_domain_service.go:223.2,223.60 1 0
x-ui/web/service/certmagic_domain_service.go:223.60,225.3 1 0
x-ui/web/service/certmagic_domain_service.go:225.8,225.20 1 0
x-ui/web/service/certmagic_domain_service.go:225.20,227.3 1 0
x-ui/web/service/certmagic_domain_service.go:230.2,230.61 1 0
x-ui/web/service/certmagic_domain_service.go:234.89,238.53 2 1
x-ui/web/service/certmagic_domain_service.go:238.53,240.3 1 0
x-ui/web/service/certmagic_domain_service.go:243.2,244.16 2 1
x-ui/web/service/certmagic_domain_service.go:244.16,246.3 1 0
x-ui/web/service/certmagic_domain_service.go:249.2,250.16 2 1
x-ui/web/service/certmagic_domain_service.go:250.16,252.3 1 1
x-ui/web/service/certmagic_domain_service.go:254.2,265.8 5 0
x-ui/web/service/certmagic_domain_service.go:269.76,271.16 2 1
x-ui/web/service/certmagic_domain_service.go:271.16,273.3 1 1
x-ui/web/service/certmagic_domain_service.go:276.2,277.50 2 0
x-ui/web/service/certmagic_domain_service.go:281.73,286.39 4 1
x-ui/web/service/certmagic_domain_service.go:286.39,288.3 1 1
x-ui/web/service/certmagic_domain_service.go:289.2,289.21 1 1
x-ui/web/service/certmagic_domain_service.go:293.59,296.9 2 0
x-ui/web/service/certmagic_domain_service.go:297.27,300.42 2 0
x-ui/web/service/certmagic_domain_service.go:301.10,304.13 2 0
x-ui/web/service/certmagic_domain_service.go:307.2,308.12 2 0
x-ui/web/service/certmagic_domain_service.go:312.52,315.9 2 0
x-ui/web/service/certmagic_domain_service.go:316.39,316.39 0 0
x-ui/web/service/certmagic_domain_service.go:318.37,320.9 2 0
x-ui/web/service/certmagic_domain_service.go:323.2,323.9 1 0
x-ui/web/service/certmagic_domain_service.go:324.27,325.43 1 0
x-ui/web/service/certmagic_domain_service.go:326.38,327.61 1 0
x-ui/web/service/certmagic_domain_service.go:332.52,338.6 4 0
x-ui/web/service/certmagic_domain_service.go:338.6,339.10 1 0
x-ui/web/service/certmagic_domain_service.go:340.28,341.10 1 0
x-ui/web/service/certmagic_domain_service.go:342.19,343.33 1 0
x-ui/web/service/certmagic_domain_service.go:349.62,351.16 2 0
x-ui/web/service/certmagic_domain_service.go:351.16,354.3 2 0
x-ui/web/service/certmagic_domain_service.go:356.2,356.33 1 0
x-ui/web/service/certmagic_domain_service.go:356.33,358.17 2 0
x-ui/web/service/certmagic_domain_service.go:358.17,360.12 2 0
x-ui/web/service/certmagic_domain_service.go:363.3,363.19 1 0
x-ui/web/service/certmagic_domain_service.go:363.19,365.55 2 0
x-ui/web/service/certmagic_domain_service.go:365.55,367.5 1 0
x-ui/web/service/certmagic_domain_service.go:373.70,374.18 1 1
x-ui/web/service/certmagic_domain_service.go:374.18,376.3 1 1
x-ui/web/service/certmagic_domain_service.go:379.2,379.23 1 1
x-ui/web/service/certmagic_domain_service.go:379.23,381.3 1 1
x-ui/web/service/certmagic_domain_service.go:384.2,384.44 1 1
x-ui/web/service/certmagic_domain_service.go:384.44,386.3 1 1
x-ui/web/service/certmagic_domain_service.go:389.2,390.31 2 1
x-ui/web/service/certmagic_domain_service.go:390.31,391.22 1 1
x-ui/web/service/certmagic_domain_service.go:391.22,393.4 1 1
x-ui/web/service/certmagic_domain_service.go:394.3,394.22 1 1
x-ui/web/service/certmagic_domain_service.go:394.22,396.4 1 1
x-ui/web/service/certmagic_domain_service.go:397.3,397.52 1 1
x-ui/web/service/certmagic_domain_service.go:397.52,399.4 1 1
x-ui/web/service/certmagic_domain_service.go:402.2,402.12 1 1
x-ui/web/service/certmagic_domain_service.go:406.108,407.23 1 1
x-ui/web/service/certmagic_domain_service.go:408.17,409.43 1 0
x-ui/web/service/certmagic_domain_service.go:410.21,412.43 1 0
x-ui/web/service/certmagic_domain_service.go:413.10,414.13 1 1
x-ui/web/service/certmagic_domain_service.go:419.81,420.23 1 0
x-ui/web/service/certmagic_domain_service.go:421.32,422.56 1 0
x-ui/web/service/certmagic_domain_service.go:422.56,424.4 1 0
x-ui/web/service/certmagic_domain_service.go:429.76,430.28 1 0
x-ui/web/service/certmagic_domain_service.go:430.28,432.3 1 0
x-ui/web/service/certmagic_domain_service.go:438.2,440.76 2 0
x-ui/web/service/certmagic_domain_service.go:444.81,447.24 3 0
x-ui/web/service/certmagic_domain_service.go:447.24,449.3 1 0
x-ui/web/service/certmagic_domain_service.go:450.2,450.24 1 0
x-ui/web/service/certmagic_domain_service.go:454.89,460.2 4 1
x-ui/web/service/certmagic_domain_service.go:463.93,465.16 2 0
x-ui/web/service/certmagic_domain_service.go:465.16,467.3 1 0
x-ui/web/service/certmagic_domain_service.go:468.2,468.47 1 0
x-ui/web/service/certmagic_domain_service.go:472.101,474.18 2 1
x-ui/web/service/certmagic_domain_service.go:474.18,476.3 1 0
x-ui/web/service/certmagic_domain_service.go:478.2,479.16 2 1
x-ui/web/service/certmagic_domain_service.go:479.16,481.3 1 1
x-ui/web/service/certmagic_domain_service.go:483.2,483.27 1 0
x-ui/web/service/geoip.go:41.49,43.2 1 0
x-ui/web/service/geoip.go:46.45,48.2 1 0
x-ui/web/service/geoip.go:51.42,53.2 1 0
x-ui/web/service/geoip.go:56.60,76.2 2 0
x-ui/web/service/geoip.go:84.38,86.2 1 0
x-ui/web/service/geoip.go:89.67,90.19 1 0
x-ui/web/service/geoip.go:90.19,100.3 1 0
x-ui/web/service/geoip.go:101.2,103.3 1 0
x-ui/web/service/geoip.go:107.64,109.55 1 0
x-ui/web/service/geoip.go:109.55,111.3 1 0
x-ui/web/service/geoip.go:114.2,115.57 2 0
x-ui/web/service/geoip.go:115.57,117.3 1 0
x-ui/web/service/geoip.go:120.2,120.54 1 0
x-ui/web/service/geoip.go:124.67,128.16 3 0
x-ui/web/service/geoip.go:128.16,131.3 2 0
x-ui/web/service/geoip.go:132.2,134.38 2 0
x-ui/web/service/geoip.go:134.38,137.3 2 0
x-ui/web/service/geoip.go:139.2,141.50 3 0
x-ui/web/service/geoip.go:141.50,144.3 2 0
x-ui/web/service/geoip.go:146.2,147.23 2 0
x-ui/web/service/geoip.go:151.69,155.16 3 0
x-ui/web/service/geoip.go:155.16,158.3 2 0
x-ui/web/service/geoip.go:159.2,161.38 2 0
x-ui/web/service/geoip.go:161.38,164.3 2 0
x-ui/web/service/geoip.go:166.2,168.54 3 0
x-ui/web/service/geoip.go:168.54,171.3 2 0
x-ui/web/service/geoip.go:174.2,176.27 3 0
x-ui/web/service/geoip.go:180.87,182.34 2 0
x-ui/web/service/geoip.go:182.34,184.17 2 0
x-ui/web/service/geoip.go:184.17,186.4 1 0
x-ui/web/service/geoip.go:187.3,191.23 3 0
x-ui/web/service/geoip.go:191.23,194.4 2 0
x-ui/web/service/geoip.go:196.2,196.90 1 0
x-ui/web/service/geoip.go:200.48,202.16 2 0
x-ui/web/service/geoip.go:202.16,205.3 2 0
x-ui/web/service/geoip.go:207.2,207.37 1 0
x-ui/web/service/geoip.go:207.37,210.3 2 0
x-ui/web/service/geoip.go:212.2,213.34 2 0
x-ui/web/service/inbound.go:29.55,31.2 1 0
x-ui/web/service/inbound.go:34.72,36.2 1 0
x-ui/web/service/inbound.go:38.76,42.49 4 0
x-ui/web/service/inbound.go:42.49,44.3 1 0
x-ui/web/service/inbound.go:45.2,45.22 1 0
x-ui/web/service/inbound.go:48.69,52.49 4 0
x-ui/web/service/inbound.go:52.49,54.3 1 0
x-ui/web/service/inbound.go:55.2,55.22 1 0
x-ui/web/service/inbound.go:58.94,60.78 2 0
x-ui/web/service/inbound.go:60.78,62.3 1 0
x-ui/web/service/inbound.go:62.8,76.3 1 0
x-ui/web/service/inbound.go:77.2,77.18 1 0
x-ui/web/service/inbound.go:77.18,79.3 1 0
x-ui/web/service/inbound.go:80.2,82.16 3 0
x-ui/web/service/inbound.go:82.16,84.3 1 0
x-ui/web/service/inbound.go:85.2,85.23 1 0
x-ui/web/service/inbound.go:88.94,90.28 2 0
x-ui/web/service/inbound.go:90.28,92.3 1 0
x-ui/web/service/inbound.go:93.2,95.12 3 0
x-ui/web/service/inbound.go:95.12,97.3 1 0
x-ui/web/service/inbound.go:99.2,101.16 3 0
x-ui/web/service/inbound.go:101.16,103.3 1 0
x-ui/web/service/inbound.go:105.2,109.17 4 0
x-ui/web/service/inbound.go:112.65,116.2 3 0
x-ui/web/service/inbound.go:118.85,120.21 2 0
x-ui/web/service/inbound.go:120.21,122.3 1 0
x-ui/web/service/inbound.go:124.2,125.9 2 0
x-ui/web/service/inbound.go:125.9,127.3 1 0
x-ui/web/service/inbound.go:128.2,129.9 2 0
x-ui/web/service/inbound.go:129.9,131.3 1 0
x-ui/web/service/inbound.go:132.2,133.31 2 0
x-ui/web/service/inbound.go:133.31,135.10 2 0
x-ui/web/service/inbound.go:135.10,136.12 1 0
x-ui/web/service/inbound.go:138.3,139.41 2 0
x-ui/web/service/inbound.go:141.2,141.21 1 0
x-ui/web/service/inbound.go:144.59,152.16 4 0
x-ui/web/service/inbound.go:152.16,154.3 1 0
x-ui/web/service/inbound.go:155.2,155.20 1 0
x-ui/web/service/inbound.go:158.68,160.26 2 0
x-ui/web/service/inbound.go:160.26,161.37 1 0
x-ui/web/service/inbound.go:161.37,163.4 1 0
x-ui/web/service/inbound.go:165.2,165.14 1 0
x-ui/web/service/inbound.go:168.93,170.16 2 0
x-ui/web/service/inbound.go:170.16,172.3 1 0
x-ui/web/service/inbound.go:173.2,174.33 2 0
x-ui/web/service/inbound.go:174.33,175.25 1 0
x-ui/web/service/inbound.go:175.25,176.40 1 0
x-ui/web/service/inbound.go:176.40,178.5 1 0
x-ui/web/service/inbound.go:179.4,179.43 1 0
x-ui/web/service/inbound.go:179.43,181.5 1 0
x-ui/web/service/inbound.go:182.4,182.41 1 0
x-ui/web/service/inbound.go:185.2,185.16 1 0
x-ui/web/service/inbound.go:188.92,190.16 2 0
x-ui/web/service/inbound.go:190.16,192.3 1 0
x-ui/web/service/inbound.go:193.2,194.16 2 0
x-ui/web/service/inbound.go:194.16,196.3 1 0
x-ui/web/service/inbound.go:197.2,198.33 2 0
x-ui/web/service/inbound.go:198.33,199.25 1 0
x-ui/web/service/inbound.go:199.25,200.40 1 0
x-ui/web/service/inbound.go:200.40,202.5 1 0
x-ui/web/service/inbound.go:203.4,203.43 1 0
x-ui/web/service/inbound.go:203.43,205.5 1 0
x-ui/web/service/inbound.go:206.4,206.41 1 0
x-ui/web/service/inbound.go:209.2,209.16 1 0
x-ui/web/service/inbound.go:213.91,216.16 2 0
x-ui/web/service/inbound.go:216.16,218.3 1 0
x-ui/web/service/inbound.go:219.2,219.11 1 0
x-ui/web/service/inbound.go:219.11,221.3 1 0
x-ui/web/service/inbound.go:224.2,225.16 2 0
x-ui/web/service/inbound.go:225.16,227.3 1 0
x-ui/web/service/inbound.go:228.2,228.22 1 0
x-ui/web/service/inbound.go:228.22,230.3 1 0
x-ui/web/service/inbound.go:233.2,234.16 2 0
x-ui/web/service/inbound.go:234.16,236.3 1 0
x-ui/web/service/inbound.go:239.2,239.22 1 0
x-ui/web/service/inbound.go:239.22,241.98 2 0
x-ui/web/service/inbound.go:241.98,244.30 3 0
x-ui/web/service/inbound.go:244.30,245.25 1 0
x-ui/web/service/inbound.go:245.25,247.6 1 0
x-ui/web/service/inbound.go:248.5,249.47 2 0
x-ui/web/service/inbound.go:251.4,252.71 2 0
x-ui/web/service/inbound.go:252.71,254.5 1 0
x-ui/web/service/inbound.go:254.10,256.5 1 0
x-ui/web/service/inbound.go:257.9,257.25 1 0
x-ui/web/service/inbound.go:257.25,259.4 1 0
x-ui/web/service/inbound.go:263.2,263.33 1 0
x-ui/web/service/inbound.go:263.33,264.27 1 0
x-ui/web/service/inbound.go:265.17,266.29 1 0
x-ui/web/service/inbound.go:266.29,268.5 1 0
x-ui/web/service/inbound.go:269.22,270.26 1 0
x-ui/web/service/inbound.go:270.26,272.5 1 0
x-ui/web/service/inbound.go:273.11,274.23 1 0
x-ui/web/service/inbound.go:274.23,276.5 1 0
x-ui/web/service/inbound.go:284.2,286.97 2 0
x-ui/web/service/inbound.go:286.97,288.3 1 0
x-ui/web/service/inbound.go:291.2,298.33 3 0
x-ui/web/service/inbound.go:298.33,299.19 1 0
x-ui/web/service/inbound.go:299.19,301.4 1 0
x-ui/web/service/inbound.go:301.9,303.9 1 0
x-ui/web/service/inbound.go:308.2,316.15 4 0
x-ui/web/service/inbound.go:316.15,317.17 1 0
x-ui/web/service/inbound.go:317.17,325.32 2 0
x-ui/web/service/inbound.go:325.32,328.5 1 0
x-ui/web/service/inbound.go:330.4,330.67 1 0
x-ui/web/service/inbound.go:330.67,332.32 1 0
x-ui/web/service/inbound.go:332.32,340.20 4 0
x-ui/web/service/inbound.go:340.20,342.7 1 0
x-ui/web/service/inbound.go:347.4,347.15 1 0
x-ui/web/service/inbound.go:348.9,351.4 1 0
x-ui/web/service/inbound.go:355.2,356.16 2 0
x-ui/web/service/inbound.go:356.16,358.36 2 0
x-ui/web/service/inbound.go:358.36,359.35 1 0
x-ui/web/service/inbound.go:359.35,361.5 1 0
x-ui/web/service/inbound.go:363.8,365.3 1 0
x-ui/web/service/inbound.go:368.2,369.20 2 0
x-ui/web/service/inbound.go:369.20,372.18 3 0
x-ui/web/service/inbound.go:372.18,374.4 1 0
x-ui/web/service/inbound.go:376.3,377.18 2 0
x-ui/web/service/inbound.go:377.18,379.4 1 0
x-ui/web/service/inbound.go:379.9,383.4 2 0
x-ui/web/service/inbound.go:384.3,384.20 1 0
x-ui/web/service/inbound.go:388.2,388.34 1 0
x-ui/web/service/inbound.go:391.59,397.25 5 0
x-ui/web/service/inbound.go:397.25,400.18 3 0
x-ui/web/service/inbound.go:400.18,402.4 1 0
x-ui/web/service/inbound.go:402.9,405.4 2 0
x-ui/web/service/inbound.go:406.3,406.20 1 0
x-ui/web/service/inbound.go:407.8,409.3 1 0
x-ui/web/service/inbound.go:412.2,413.16 2 0
x-ui/web/service/inbound.go:413.16,415.3 1 0
x-ui/web/service/inbound.go:417.2,417.58 1 0
x-ui/web/service/inbound.go:420.69,424.16 4 0
x-ui/web/service/inbound.go:424.16,426.3 1 0
x-ui/web/service/inbound.go:427.2,427.21 1 0
x-ui/web/service/inbound.go:430.94,432.16 2 0
x-ui/web/service/inbound.go:432.16,434.3 1 0
x-ui/web/service/inbound.go:435.2,435.11 1 0
x-ui/web/service/inbound.go:435.11,437.3 1 0
x-ui/web/service/inbound.go:439.2,440.16 2 0
x-ui/web/service/inbound.go:440.16,442.3 1 0
x-ui/web/service/inbound.go:444.2,449.15 4 0
x-ui/web/service/inbound.go:449.15,450.17 1 0
x-ui/web/service/inbound.go:450.17,452.4 1 0
x-ui/web/service/inbound.go:452.9,454.4 1 0
x-ui/web/service/inbound.go:457.2,458.16 2 0
x-ui/web/service/inbound.go:458.16,460.3 1 0
x-ui/web/service/inbound.go:463.2,468.25 5 0
x-ui/web/service/inbound.go:468.25,469.52 1 0
x-ui/web/service/inbound.go:469.52,470.27 1 0
x-ui/web/service/inbound.go:470.27,471.44 1 0
x-ui/web/service/inbound.go:471.44,472.49 1 0
x-ui/web/service/inbound.go:472.49,473.43 1 0
x-ui/web/service/inbound.go:474.21,475.41 1 0
x-ui/web/service/inbound.go:476.19,477.34 1 0
x-ui/web/service/inbound.go:479.8,479.43 1 0
x-ui/web/service/inbound.go:480.21,481.41 1 0
x-ui/web/service/inbound.go:482.19,483.34 1 0
x-ui/web/service/inbound.go:490.3,491.104 2 0
x-ui/web/service/inbound.go:491.104,493.56 2 0
x-ui/web/service/inbound.go:493.56,494.27 1 0
x-ui/web/service/inbound.go:494.27,495.51 1 0
x-ui/web/service/inbound.go:495.51,497.42 2 0
x-ui/web/service/inbound.go:497.42,498.57 1 0
x-ui/web/service/inbound.go:498.57,500.9 1 0
x-ui/web/service/inbound.go:500.14,502.9 1 0
x-ui/web/service/inbound.go:505.7,505.56 1 0
x-ui/web/service/inbound.go:505.56,506.57 1 0
x-ui/web/service/inbound.go:506.57,508.9 1 0
x-ui/web/service/inbound.go:510.7,510.20 1 0
x-ui/web/service/inbound.go:513.5,514.75 2 0
x-ui/web/service/inbound.go:514.75,516.6 1 0
x-ui/web/service/inbound.go:521.2,535.110 14 0
x-ui/web/service/inbound.go:535.110,537.3 1 0
x-ui/web/service/inbound.go:537.8,539.3 1 0
x-ui/web/service/inbound.go:541.2,543.38 3 0
x-ui/web/service/inbound.go:543.38,545.3 1 0
x-ui/web/service/inbound.go:546.2,546.20 1 0
x-ui/web/service/inbound.go:546.20,548.18 2 0
x-ui/web/service/inbound.go:548.18,551.4 2 0
x-ui/web/service/inbound.go:551.9,553.19 2 0
x-ui/web/service/inbound.go:553.19,555.5 1 0
x-ui/web/service/inbound.go:555.10,558.5 2 0
x-ui/web/service/inbound.go:561.2,564.16 3 0
x-ui/web/service/inbound.go:564.16,566.3 1 0
x-ui/web/service/inbound.go:567.2,567.34 1 0
x-ui/web/service/inbound.go:570.120,572.16 2 0
x-ui/web/service/inbound.go:572.16,574.3 1 0
x-ui/web/service/inbound.go:575.2,576.16 2 0
x-ui/web/service/inbound.go:576.16,578.3 1 0
x-ui/web/service/inbound.go:580.2,582.39 2 0
x-ui/web/service/inbound.go:582.39,584.40 2 0
x-ui/web/service/inbound.go:584.40,585.42 1 0
x-ui/web/service/inbound.go:585.42,587.10 2 0
x-ui/web/service/inbound.go:590.3,590.19 1 0
x-ui/web/service/inbound.go:590.19,592.18 2 0
x-ui/web/service/inbound.go:592.18,594.5 1 0
x-ui/web/service/inbound.go:597.2,597.39 1 0
x-ui/web/service/inbound.go:597.39,599.40 2 0
x-ui/web/service/inbound.go:599.40,600.42 1 0
x-ui/web/service/inbound.go:600.42,602.10 2 0
x-ui/web/service/inbound.go:605.3,605.19 1 0
x-ui/web/service/inbound.go:605.19,607.18 2 0
x-ui/web/service/inbound.go:607.18,609.5 1 0
x-ui/web/service/inbound.go:612.2,612.12 1 0
x-ui/web/service/inbound.go:615.78,617.16 2 0
x-ui/web/service/inbound.go:617.16,619.3 1 0
x-ui/web/service/inbound.go:621.2,623.16 3 0
x-ui/web/service/inbound.go:623.16,625.3 1 0
x-ui/web/service/inbound.go:627.2,630.34 3 0
x-ui/web/service/inbound.go:630.34,631.57 1 0
x-ui/web/service/inbound.go:631.57,632.40 1 0
x-ui/web/service/inbound.go:632.40,634.5 1 0
x-ui/web/service/inbound.go:635.4,642.28 3 0
x-ui/web/service/inbound.go:645.2,646.16 2 0
x-ui/web/service/inbound.go:646.16,648.3 1 0
x-ui/web/service/inbound.go:649.2,649.22 1 0
x-ui/web/service/inbound.go:649.22,651.3 1 0
x-ui/web/service/inbound.go:653.2,654.16 2 0
x-ui/web/service/inbound.go:654.16,656.3 1 0
x-ui/web/service/inbound.go:659.2,659.33 1 0
x-ui/web/service/inbound.go:659.33,660.30 1 0
x-ui/web/service/inbound.go:661.17,662.29 1 0
x-ui/web/service/inbound.go:662.29,664.5 1 0
x-ui/web/service/inbound.go:665.22,666.26 1 0
x-ui/web/service/inbound.go:666.26,668.5 1 0
x-ui/web/service/inbound.go:669.11,670.23 1 0
x-ui/web/service/inbound.go:670.23,672.5 1 0
x-ui/web/service/inbound.go:676.2,678.16 3 0
x-ui/web/service/inbound.go:678.16,680.3 1 0
x-ui/web/service/inbound.go:682.2,688.16 5 0
x-ui/web/service/inbound.go:688.16,690.3 1 0
x-ui/web/service/inbound.go:692.2,697.15 4 0
x-ui/web/service/inbound.go:697.15,698.17 1 0
x-ui/web/service/inbound.go:698.17,700.4 1 0
x-ui/web/service/inbound.go:700.9,702.4 1 0
x-ui/web/service/inbound.go:705.2,707.33 3 0
x-ui/web/service/inbound.go:707.33,708.28 1 0
x-ui/web/service/inbound.go:708.28,710.21 2 0
x-ui/web/service/inbound.go:710.21,712.45 2 0
x-ui/web/service/inbound.go:712.45,714.6 1 0
x-ui/web/service/inbound.go:717.5,730.20 3 0
x-ui/web/service/inbound.go:730.20,732.6 1 0
x-ui/web/service/inbound.go:732.11,735.6 2 0
x-ui/web/service/inbound.go:737.9,739.4 1 0
x-ui/web/service/inbound.go:741.2,744.16 3 0
x-ui/web/service/inbound.go:744.16,746.3 1 0
x-ui/web/service/inbound.go:747.2,747.25 1 0
x-ui/web/service/inbound.go:750.89,752.16 2 0
x-ui/web/service/inbound.go:752.16,755.3 2 0
x-ui/web/service/inbound.go:756.2,758.16 3 0
x-ui/web/service/inbound.go:758.16,760.3 1 0
x-ui/web/service/inbound.go:762.2,764.37 3 0
x-ui/web/service/inbound.go:764.37,766.3 1 0
x-ui/web/service/inbound.go:767.2,767.42 1 0
x-ui/web/service/inbound.go:767.42,769.3 1 0
x-ui/web/service/inbound.go:771.2,774.42 4 0
x-ui/web/service/inbound.go:774.42,777.23 3 0
x-ui/web/service/inbound.go:777.23,780.4 2 0
x-ui/web/service/inbound.go:780.9,782.4 1 0
x-ui/web/service/inbound.go:785.2,785.26 1 0
x-ui/web/service/inbound.go:785.26,787.3 1 0
x-ui/web/service/inbound.go:789.2,791.16 3 0
x-ui/web/service/inbound.go:791.16,793.3 1 0
x-ui/web/service/inbound.go:795.2,800.16 4 0
x-ui/web/service/inbound.go:800.16,803.3 2 0
x-ui/web/service/inbound.go:804.2,806.20 2 0
x-ui/web/service/inbound.go:806.20,809.17 3 0
x-ui/web/service/inbound.go:809.17,812.4 2 0
x-ui/web/service/inbound.go:813.3,814.17 2 0
x-ui/web/service/inbound.go:814.17,817.4 2 0
x-ui/web/service/inbound.go:818.3,818.32 1 0
x-ui/web/service/inbound.go:818.32,821.19 3 0
x-ui/web/service/inbound.go:821.19,824.5 2 0
x-ui/web/service/inbound.go:824.10,825.81 1 0
x-ui/web/service/inbound.go:825.81,827.6 1 0
x-ui/web/service/inbound.go:827.11,830.6 2 0
x-ui/web/service/inbound.go:832.4,832.21 1 0
x-ui/web/service/inbound.go:835.2,836.16 2 0
x-ui/web/service/inbound.go:836.16,838.3 1 0
x-ui/web/service/inbound.go:839.2,839.25 1 0
x-ui/web/service/inbound.go:842.98,844.16 2 0
x-ui/web/service/inbound.go:844.16,846.3 1 0
x-ui/web/service/inbound.go:848.2,850.16 3 0
x-ui/web/service/inbound.go:850.16,852.3 1 0
x-ui/web/service/inbound.go:854.2,857.16 3 0
x-ui/web/service/inbound.go:857.16,859.3 1 0
x-ui/web/service/inbound.go:861.2,862.16 2 0
x-ui/web/service/inbound.go:862.16,864.3 1 0
x-ui/web/service/inbound.go:866.2,869.43 4 0
x-ui/web/service/inbound.go:869.43,871.30 2 0
x-ui/web/service/inbound.go:872.17,874.37 2 0
x-ui/web/service/inbound.go:875.22,877.34 2 0
x-ui/web/service/inbound.go:878.11,880.31 2 0
x-ui/web/service/inbound.go:882.3,882.30 1 0
x-ui/web/service/inbound.go:882.30,885.9 3 0
x-ui/web/service/inbound.go:890.2,890.44 1 0
x-ui/web/service/inbound.go:890.44,892.3 1 0
x-ui/web/service/inbound.go:894.2,894.63 1 0
x-ui/web/service/inbound.go:894.63,896.17 2 0
x-ui/web/service/inbound.go:896.17,898.4 1 0
x-ui/web/service/inbound.go:899.3,899.23 1 0
x-ui/web/service/inbound.go:899.23,901.4 1 0
x-ui/web/service/inbound.go:904.2,906.16 3 0
x-ui/web/service/inbound.go:906.16,908.3 1 0
x-ui/web/service/inbound.go:909.2,912.60 3 0
x-ui/web/service/inbound.go:912.60,913.70 1 0
x-ui/web/service/inbound.go:913.70,914.43 1 0
x-ui/web/service/inbound.go:914.43,916.5 1 0
x-ui/web/service/inbound.go:919.2,919.31 1 0
x-ui/web/service/inbound.go:919.31,920.61 1 0
x-ui/web/service/inbound.go:920.61,921.31 1 0
x-ui/web/service/inbound.go:921.31,923.5 1 0
x-ui/web/service/inbound.go:924.4,932.32 4 0
x-ui/web/service/inbound.go:935.2,939.16 4 0
x-ui/web/service/inbound.go:939.16,941.3 1 0
x-ui/web/service/inbound.go:943.2,947.15 4 0
x-ui/web/service/inbound.go:947.15,948.17 1 0
x-ui/web/service/inbound.go:948.17,950.4 1 0
x-ui/web/service/inbound.go:950.9,952.4 1 0
x-ui/web/service/inbound.go:955.2,955.31 1 0
x-ui/web/service/inbound.go:955.31,956.24 1 0
x-ui/web/service/inbound.go:956.24,958.18 2 0
x-ui/web/service/inbound.go:958.18,960.5 1 0
x-ui/web/service/inbound.go:961.4,962.18 2 0
x-ui/web/service/inbound.go:962.18,964.5 1 0
x-ui/web/service/inbound.go:965.9,967.4 1 0
x-ui/web/service/inbound.go:968.8,970.17 2 0
x-ui/web/service/inbound.go:970.17,972.4 1 0
x-ui/web/service/inbound.go:973.3,974.17 2 0
x-ui/web/service/inbound.go:974.17,976.4 1 0
x-ui/web/service/inbound.go:978.2,979.23 2 0
x-ui/web/service/inbound.go:979.23,981.37 2 0
x-ui/web/service/inbound.go:981.37,983.19 2 0
x-ui/web/service/inbound.go:983.19,985.5 1 0
x-ui/web/service/inbound.go:985.10,986.84 1 0
x-ui/web/service/inbound.go:986.84,988.6 1 0
x-ui/web/service/inbound.go:988.11,991.6 2 0
x-ui/web/service/inbound.go:994.3,994.24 1 0
x-ui/web/service/inbound.go:994.24,996.44 2 0
x-ui/web/service/inbound.go:996.44,998.5 1 0
x-ui/web/service/inbound.go:1001.4,1013.19 3 0
x-ui/web/service/inbound.go:1013.19,1015.5 1 0
x-ui/web/service/inbound.go:1015.10,1018.5 2 0
x-ui/web/service/inbound.go:1020.3,1020.20 1 0
x-ui/web/service/inbound.go:1021.8,1024.3 2 0
x-ui/web/service/inbound.go:1025.2,1026.16 2 0
x-ui/web/service/inbound.go:1026.16,1028.3 1 0
x-ui/web/service/inbound.go:1029.2,1029.25 1 0
x-ui/web/service/inbound.go:1032.122,1037.15 4 0
x-ui/web/service/inbound.go:1037.15,1038.17 1 0
x-ui/web/service/inbound.go:1038.17,1040.4 1 0
x-ui/web/service/inbound.go:1040.9,1042.4 1 0
x-ui/web/service/inbound.go:1044.2,1045.16 2 0
x-ui/web/service/inbound.go:1045.16,1047.3 1 0
x-ui/web/service/inbound.go:1048.2,1049.16 2 0
x-ui/web/service/inbound.go:1049.16,1051.3 1 0
x-ui/web/service/inbound.go:1053.2,1054.16 2 0
x-ui/web/service/inbound.go:1054.16,1056.3 1 0
x-ui/web/service/inbound.go:1056.8,1056.22 1 0
x-ui/web/service/inbound.go:1056.22,1058.3 1 0
x-ui/web/service/inbound.go:1060.2,1061.16 2 0
x-ui/web/service/inbound.go:1061.16,1063.3 1 0
x-ui/web/service/inbound.go:1063.8,1063.22 1 0
x-ui/web/service/inbound.go:1063.22,1065.3 1 0
x-ui/web/service/inbound.go:1067.2,1068.16 2 0
x-ui/web/service/inbound.go:1068.16,1070.3 1 0
x-ui/web/service/inbound.go:1070.8,1070.22 1 0
x-ui/web/service/inbound.go:1070.22,1072.3 1 0
x-ui/web/service/inbound.go:1073.2,1073.60 1 0
x-ui/web/service/inbound.go:1076.89,1077.24 1 0
x-ui/web/service/inbound.go:1077.24,1079.3 1 0
x-ui/web/service/inbound.go:1082.2,1087.35 3 0
x-ui/web/service/inbound.go:1087.35,1088.24 1 0
x-ui/web/service/inbound.go:1088.24,1089.56 1 0
x-ui/web/service/inbound.go:1089.56,1091.5 1 0
x-ui/web/service/inbound.go:1092.4,1095.36 4 0
x-ui/web/service/inbound.go:1099.2,1099.20 1 0
x-ui/web/service/inbound.go:1099.20,1101.3 1 0
x-ui/web/service/inbound.go:1104.2,1107.27 4 0
x-ui/web/service/inbound.go:1107.27,1112.3 4 0
x-ui/web/service/inbound.go:1113.2,1118.35 5 0
x-ui/web/service/inbound.go:1121.100,1122.24 1 0
x-ui/web/service/inbound.go:1122.24,1124.15 1 0
x-ui/web/service/inbound.go:1124.15,1126.4 1 0
x-ui/web/service/inbound.go:1127.3,1127.13 1 0
x-ui/web/service/inbound.go:1130.2,1133.35 3 0
x-ui/web/service/inbound.go:1133.35,1135.3 1 0
x-ui/web/service/inbound.go:1136.2,1138.16 3 0
x-ui/web/service/inbound.go:1138.16,1140.3 1 0
x-ui/web/service/inbound.go:1143.2,1143.32 1 0
x-ui/web/service/inbound.go:1143.32,1145.3 1 0
x-ui/web/service/inbound.go:1147.2,1148.16 2 0
x-ui/web/service/inbound.go:1148.16,1150.3 1 0
x-ui/web/service/inbound.go:1152.2,1152.48 1 0
x-ui/web/service/inbound.go:1152.48,1153.39 1 0
x-ui/web/service/inbound.go:1153.39,1154.80 1 0
x-ui/web/service/inbound.go:1154.80,1160.68 4 0
x-ui/web/service/inbound.go:1160.68,1163.6 2 0
x-ui/web/service/inbound.go:1164.5,1164.10 1 0
x-ui/web/service/inbound.go:1170.2,1170.14 1 0
x-ui/web/service/inbound.go:1170.14,1172.3 1 0
x-ui/web/service/inbound.go:1174.2,1175.16 2 0
x-ui/web/service/inbound.go:1175.16,1177.3 1 0
x-ui/web/service/inbound.go:1179.2,1179.12 1 0
x-ui/web/service/inbound.go:1182.125,1184.51 2 0
x-ui/web/service/inbound.go:1184.51,1185.37 1 0
x-ui/web/service/inbound.go:1185.37,1187.4 1 0
x-ui/web/service/inbound.go:1190.2,1190.25 1 0
x-ui/web/service/inbound.go:1190.25,1193.17 3 0
x-ui/web/service/inbound.go:1193.17,1195.4 1 0
x-ui/web/service/inbound.go:1196.3,1196.39 1 0
x-ui/web/service/inbound.go:1196.39,1200.10 4 0
x-ui/web/service/inbound.go:1200.10,1202.39 2 0
x-ui/web/service/inbound.go:1202.39,1204.50 2 0
x-ui/web/service/inbound.go:1204.50,1205.112 1 0
x-ui/web/service/inbound.go:1205.112,1211.13 6 0
x-ui/web/service/inbound.go:1215.6,1215.39 1 0
x-ui/web/service/inbound.go:1215.39,1217.7 1 0
x-ui/web/service/inbound.go:1218.6,1219.45 2 0
x-ui/web/service/inbound.go:1221.5,1223.19 3 0
x-ui/web/service/inbound.go:1223.19,1225.6 1 0
x-ui/web/service/inbound.go:1227.5,1227.64 1 0
x-ui/web/service/inbound.go:1230.3,1231.17 2 0
x-ui/web/service/inbound.go:1231.17,1234.4 2 0
x-ui/web/service/inbound.go:1237.2,1237.30 1 0
x-ui/web/service/inbound.go:1240.77,1247.16 5 0
x-ui/web/service/inbound.go:1247.16,1249.3 1 0
x-ui/web/service/inbound.go:1251.2,1251.24 1 0
x-ui/web/service/inbound.go:1251.24,1253.3 1 0
x-ui/web/service/inbound.go:1255.2,1264.35 5 0
x-ui/web/service/inbound.go:1264.35,1266.3 1 0
x-ui/web/service/inbound.go:1267.2,1268.16 2 0
x-ui/web/service/inbound.go:1268.16,1270.3 1 0
x-ui/web/service/inbound.go:1271.2,1271.38 1 0
x-ui/web/service/inbound.go:1271.38,1275.37 4 0
x-ui/web/service/inbound.go:1275.37,1277.49 2 0
x-ui/web/service/inbound.go:1277.49,1278.45 1 0
x-ui/web/service/inbound.go:1278.45,1280.30 2 0
x-ui/web/service/inbound.go:1280.30,1282.7 1 0
x-ui/web/service/inbound.go:1283.6,1287.25 5 0
x-ui/web/service/inbound.go:1287.25,1299.7 2 0
x-ui/web/service/inbound.go:1300.6,1301.11 2 0
x-ui/web/service/inbound.go:1305.3,1307.17 3 0
x-ui/web/service/inbound.go:1307.17,1309.4 1 0
x-ui/web/service/inbound.go:1310.3,1310.57 1 0
x-ui/web/service/inbound.go:1312.2,1313.16 2 0
x-ui/web/service/inbound.go:1313.16,1315.3 1 0
x-ui/web/service/inbound.go:1316.2,1317.16 2 0
x-ui/web/service/inbound.go:1317.16,1319.3 1 0
x-ui/web/service/inbound.go:1320.2,1320.14 1 0
x-ui/web/service/inbound.go:1320.14,1322.18 2 0
x-ui/web/service/inbound.go:1322.18,1324.4 1 0
x-ui/web/service/inbound.go:1325.3,1325.44 1 0
x-ui/web/service/inbound.go:1325.44,1327.19 2 0
x-ui/web/service/inbound.go:1327.19,1329.5 1 0
x-ui/web/service/inbound.go:1331.3,1331.20 1 0
x-ui/web/service/inbound.go:1333.2,1333.47 1 0
x-ui/web/service/inbound.go:1336.83,1340.14 3 0
x-ui/web/service/inbound.go:1340.14,1346.17 3 0
x-ui/web/service/inbound.go:1346.17,1348.4 1 0
x-ui/web/service/inbound.go:1349.3,1350.28 2 0
x-ui/web/service/inbound.go:1350.28,1352.19 2 0
x-ui/web/service/inbound.go:1352.19,1354.5 1 0
x-ui/web/service/inbound.go:1354.10,1357.5 2 0
x-ui/web/service/inbound.go:1359.3,1359.20 1 0
x-ui/web/service/inbound.go:1362.2,1367.32 4 0
x-ui/web/service/inbound.go:1370.82,1374.14 3 0
x-ui/web/service/inbound.go:1374.14,1385.17 3 0
x-ui/web/service/inbound.go:1385.17,1387.4 1 0
x-ui/web/service/inbound.go:1388.3,1389.34 2 0
x-ui/web/service/inbound.go:1389.34,1391.19 2 0
x-ui/web/service/inbound.go:1391.19,1393.5 1 0
x-ui/web/service/inbound.go:1393.10,1394.88 1 0
x-ui/web/service/inbound.go:1394.88,1396.6 1 0
x-ui/web/service/inbound.go:1396.11,1397.89 1 0
x-ui/web/service/inbound.go:1397.89,1399.7 1 0
x-ui/web/service/inbound.go:1399.12,1402.7 2 0
x-ui/web/service/inbound.go:1406.3,1406.20 1 0
x-ui/web/service/inbound.go:1408.2,1413.32 4 0
x-ui/web/service/inbound.go:1416.59,1420.49 4 0
x-ui/web/service/inbound.go:1420.49,1422.3 1 0
x-ui/web/service/inbound.go:1423.2,1424.26 2 0
x-ui/web/service/inbound.go:1427.60,1437.2 2 0
x-ui/web/service/inbound.go:1439.96,1452.2 12 0
x-ui/web/service/inbound.go:1454.98,1466.2 3 0
x-ui/web/service/inbound.go:1468.95,1470.2 1 0
x-ui/web/service/inbound.go:1472.73,1474.2 1 0
x-ui/web/service/inbound.go:1476.72,1478.2 1 0
x-ui/web/service/inbound.go:1480.134,1484.16 4 0
x-ui/web/service/inbound.go:1484.16,1487.3 2 0
x-ui/web/service/inbound.go:1488.2,1488.23 1 0
x-ui/web/service/inbound.go:1488.23,1491.3 2 0
x-ui/web/service/inbound.go:1492.2,1492.22 1 0
x-ui/web/service/inbound.go:1495.129,1499.16 4 0
x-ui/web/service/inbound.go:1499.16,1502.3 2 0
x-ui/web/service/inbound.go:1503.2,1503.23 1 0
x-ui/web/service/inbound.go:1503.23,1506.3 2 0
x-ui/web/service/inbound.go:1507.2,1507.22 1 0
x-ui/web/service/inbound.go:1510.107,1512.16 2 0
x-ui/web/service/inbound.go:1512.16,1514.3 1 0
x-ui/web/service/inbound.go:1515.2,1515.20 1 0
x-ui/web/service/inbound.go:1515.20,1517.3 1 0
x-ui/web/service/inbound.go:1519.2,1520.16 2 0
x-ui/web/service/inbound.go:1520.16,1522.3 1 0
x-ui/web/service/inbound.go:1524.2,1524.33 1 0
x-ui/web/service/inbound.go:1524.33,1525.34 1 0
x-ui/web/service/inbound.go:1525.34,1527.4 1 0
x-ui/web/service/inbound.go:1530.2,1530.89 1 0
x-ui/web/service/inbound.go:1533.91,1535.16 2 0
x-ui/web/service/inbound.go:1535.16,1537.3 1 0
x-ui/web/service/inbound.go:1538.2,1538.20 1 0
x-ui/web/service/inbound.go:1538.20,1540.3 1 0
x-ui/web/service/inbound.go:1542.2,1545.16 3 0
x-ui/web/service/inbound.go:1545.16,1547.3 1 0
x-ui/web/service/inbound.go:1549.2,1551.39 2 0
x-ui/web/service/inbound.go:1551.39,1552.37 1 0
x-ui/web/service/inbound.go:1552.37,1553.28 1 0
x-ui/web/service/inbound.go:1554.18,1555.34 1 0
x-ui/web/service/inbound.go:1556.23,1557.31 1 0
x-ui/web/service/inbound.go:1558.12,1559.28 1 0
x-ui/web/service/inbound.go:1561.4,1561.9 1 0
x-ui/web/service/inbound.go:1565.2,1565.24 1 0
x-ui/web/service/inbound.go:1565.24,1567.3 1 0
x-ui/web/service/inbound.go:1569.2,1571.16 3 0
x-ui/web/service/inbound.go:1571.16,1573.3 1 0
x-ui/web/service/inbound.go:1574.2,1576.36 3 0
x-ui/web/service/inbound.go:1576.36,1578.32 2 0
x-ui/web/service/inbound.go:1578.32,1582.4 3 0
x-ui/web/service/inbound.go:1584.2,1586.16 3 0
x-ui/web/service/inbound.go:1586.16,1588.3 1 0
x-ui/web/service/inbound.go:1589.2,1591.16 3 0
x-ui/web/service/inbound.go:1591.16,1593.3 1 0
x-ui/web/service/inbound.go:1594.2,1594.25 1 0
x-ui/web/service/inbound.go:1597.82,1599.16 2 0
x-ui/web/service/inbound.go:1599.16,1601.3 1 0
x-ui/web/service/inbound.go:1602.2,1602.20 1 0
x-ui/web/service/inbound.go:1602.20,1604.3 1 0
x-ui/web/service/inbound.go:1606.2,1607.16 2 0
x-ui/web/service/inbound.go:1607.16,1609.3 1 0
x-ui/web/service/inbound.go:1611.2,1613.33 2 0
x-ui/web/service/inbound.go:1613.33,1614.34 1 0
x-ui/web/service/inbound.go:1614.34,1616.9 2 0
x-ui/web/service/inbound.go:1620.2,1620.22 1 0
x-ui/web/service/inbound.go:1623.92,1625.16 2 0
x-ui/web/service/inbound.go:1625.16,1627.3 1 0
x-ui/web/service/inbound.go:1628.2,1628.20 1 0
x-ui/web/service/inbound.go:1628.20,1630.3 1 0
x-ui/web/service/inbound.go:1632.2,1633.16 2 0
x-ui/web/service/inbound.go:1633.16,1635.3 1 0
x-ui/web/service/inbound.go:1637.2,1640.39 3 0
x-ui/web/service/inbound.go:1640.39,1641.37 1 0
x-ui/web/service/inbound.go:1641.37,1642.28 1 0
x-ui/web/service/inbound.go:1643.18,1644.34 1 0
x-ui/web/service/inbound.go:1645.23,1646.31 1 0
x-ui/web/service/inbound.go:1647.12,1648.28 1 0
x-ui/web/service/inbound.go:1650.4,1651.9 2 0
x-ui/web/service/inbound.go:1655.2,1655.24 1 0
x-ui/web/service/inbound.go:1655.24,1657.3 1 0
x-ui/web/service/inbound.go:1659.2,1661.16 3 0
x-ui/web/service/inbound.go:1661.16,1663.3 1 0
x-ui/web/service/inbound.go:1664.2,1666.36 3 0
x-ui/web/service/inbound.go:1666.36,1668.32 2 0
x-ui/web/service/inbound.go:1668.32,1672.4 3 0
x-ui/web/service/inbound.go:1674.2,1676.16 3 0
x-ui/web/service/inbound.go:1676.16,1678.3 1 0
x-ui/web/service/inbound.go:1679.2,1682.16 3 0
x-ui/web/service/inbound.go:1682.16,1684.3 1 0
x-ui/web/service/inbound.go:1685.2,1685.16 1 0
x-ui/web/service/inbound.go:1685.16,1687.3 1 0
x-ui/web/service/inbound.go:1689.2,1689.44 1 0
x-ui/web/service/inbound.go:1692.97,1694.16 2 0
x-ui/web/service/inbound.go:1694.16,1696.3 1 0
x-ui/web/service/inbound.go:1697.2,1697.20 1 0
x-ui/web/service/inbound.go:1697.20,1699.3 1 0
x-ui/web/service/inbound.go:1701.2,1702.16 2 0
x-ui/web/service/inbound.go:1702.16,1704.3 1 0
x-ui/web/service/inbound.go:1706.2,1708.39 2 0
x-ui/web/service/inbound.go:1708.39,1709.37 1 0
x-ui/web/service/inbound.go:1709.37,1710.28 1 0
x-ui/web/service/inbound.go:1711.18,1712.34 1 0
x-ui/web/service/inbound.go:1713.23,1714.31 1 0
x-ui/web/service/inbound.go:1715.12,1716.28 1 0
x-ui/web/service/inbound.go:1718.4,1718.9 1 0
x-ui/web/service/inbound.go:1722.2,1722.24 1 0
x-ui/web/service/inbound.go:1722.24,1724.3 1 0
x-ui/web/service/inbound.go:1726.2,1728.16 3 0
x-ui/web/service/inbound.go:1728.16,1730.3 1 0
x-ui/web/service/inbound.go:1731.2,1733.36 3 0
x-ui/web/service/inbound.go:1733.36,1735.32 2 0
x-ui/web/service/inbound.go:1735.32,1739.4 3 0
x-ui/web/service/inbound.go:1741.2,1743.16 3 0
x-ui/web/service/inbound.go:1743.16,1745.3 1 0
x-ui/web/service/inbound.go:1746.2,1748.16 3 0
x-ui/web/service/inbound.go:1748.16,1750.3 1 0
x-ui/web/service/inbound.go:1751.2,1751.25 1 0
x-ui/web/service/inbound.go:1754.108,1756.16 2 0
x-ui/web/service/inbound.go:1756.16,1758.3 1 0
x-ui/web/service/inbound.go:1759.2,1759.20 1 0
x-ui/web/service/inbound.go:1759.20,1761.3 1 0
x-ui/web/service/inbound.go:1763.2,1764.16 2 0
x-ui/web/service/inbound.go:1764.16,1766.3 1 0
x-ui/web/service/inbound.go:1768.2,1770.39 2 0
x-ui/web/service/inbound.go:1770.39,1771.37 1 0
x-ui/web/service/inbound.go:1771.37,1772.28 1 0
x-ui/web/service/inbound.go:1773.18,1774.34 1 0
x-ui/web/service/inbound.go:1775.23,1776.31 1 0
x-ui/web/service/inbound.go:1777.12,1778.28 1 0
x-ui/web/service/inbound.go:1780.4,1780.9 1 0
x-ui/web/service/inbound.go:1784.2,1784.24 1 0
x-ui/web/service/inbound.go:1784.24,1786.3 1 0
x-ui/web/service/inbound.go:1788.2,1790.16 3 0
x-ui/web/service/inbound.go:1790.16,1792.3 1 0
x-ui/web/service/inbound.go:1793.2,1795.36 3 0
x-ui/web/service/inbound.go:1795.36,1797.32 2 0
x-ui/web/service/inbound.go:1797.32,1801.4 3 0
x-ui/web/service/inbound.go:1803.2,1805.16 3 0
x-ui/web/service/inbound.go:1805.16,1807.3 1 0
x-ui/web/service/inbound.go:1808.2,1810.16 3 0
x-ui/web/service/inbound.go:1810.16,1812.3 1 0
x-ui/web/service/inbound.go:1813.2,1813.25 1 0
x-ui/web/service/inbound.go:1816.104,1817.17 1 0
x-ui/web/service/inbound.go:1817.17,1819.3 1 0
x-ui/web/service/inbound.go:1820.2,1821.16 2 0
x-ui/web/service/inbound.go:1821.16,1823.3 1 0
x-ui/web/service/inbound.go:1824.2,1824.20 1 0
x-ui/web/service/inbound.go:1824.20,1826.3 1 0
x-ui/web/service/inbound.go:1828.2,1829.16 2 0
x-ui/web/service/inbound.go:1829.16,1831.3 1 0
x-ui/web/service/inbound.go:1833.2,1835.39 2 0
x-ui/web/service/inbound.go:1835.39,1836.37 1 0
x-ui/web/service/inbound.go:1836.37,1837.28 1 0
x-ui/web/service/inbound.go:1838.18,1839.34 1 0
x-ui/web/service/inbound.go:1840.23,1841.31 1 0
x-ui/web/service/inbound.go:1842.12,1843.28 1 0
x-ui/web/service/inbound.go:1845.4,1845.9 1 0
x-ui/web/service/inbound.go:1849.2,1849.24 1 0
x-ui/web/service/inbound.go:1849.24,1851.3 1 0
x-ui/web/service/inbound.go:1853.2,1855.16 3 0
x-ui/web/service/inbound.go:1855.16,1857.3 1 0
x-ui/web/service/inbound.go:1858.2,1860.36 3 0
x-ui/web/service/inbound.go:1860.36,1862.32 2 0
x-ui/web/service/inbound.go:1862.32,1866.4 3 0
x-ui/web/service/inbound.go:1868.2,1870.16 3 0
x-ui/web/service/inbound.go:1870.16,1872.3 1 0
x-ui/web/service/inbound.go:1873.2,1875.25 3 0
x-ui/web/service/inbound.go:1878.78,1886.16 4 0
x-ui/web/service/inbound.go:1886.16,1888.3 1 0
x-ui/web/service/inbound.go:1889.2,1889.12 1 0
x-ui/web/service/inbound.go:1892.87,1896.16 3 0
x-ui/web/service/inbound.go:1896.16,1898.3 1 0
x-ui/web/service/inbound.go:1900.2,1900.21 1 0
x-ui/web/service/inbound.go:1900.21,1902.17 2 0
x-ui/web/service/inbound.go:1902.17,1904.4 1 0
x-ui/web/service/inbound.go:1905.3,1906.17 2 0
x-ui/web/service/inbound.go:1906.17,1908.4 1 0
x-ui/web/service/inbound.go:1909.3,1909.34 1 0
x-ui/web/service/inbound.go:1909.34,1910.52 1 0
x-ui/web/service/inbound.go:1910.52,1913.50 3 0
x-ui/web/service/inbound.go:1913.50,1916.20 3 0
x-ui/web/service/inbound.go:1916.20,1918.7 1 0
x-ui/web/service/inbound.go:1919.6,1919.45 1 0
x-ui/web/service/inbound.go:1921.5,1929.20 2 0
x-ui/web/service/inbound.go:1929.20,1931.6 1 0
x-ui/web/service/inbound.go:1931.11,1934.6 2 0
x-ui/web/service/inbound.go:1935.5,1936.10 2 0
x-ui/web/service/inbound.go:1941.2,1947.16 6 0
x-ui/web/service/inbound.go:1947.16,1949.3 1 0
x-ui/web/service/inbound.go:1951.2,1951.25 1 0
x-ui/web/service/inbound.go:1954.63,1958.14 3 0
x-ui/web/service/inbound.go:1958.14,1960.3 1 0
x-ui/web/service/inbound.go:1960.8,1962.3 1 0
x-ui/web/service/inbound.go:1964.2,1969.12 3 0
x-ui/web/service/inbound.go:1972.51,1981.2 4 0
x-ui/web/service/inbound.go:1983.65,1986.15 3 0
x-ui/web/service/inbound.go:1986.15,1987.17 1 0
x-ui/web/service/inbound.go:1987.17,1989.4 1 0
x-ui/web/service/inbound.go:1989.9,1991.4 1 0
x-ui/web/service/inbound.go:1994.2,1995.12 2 0
x-ui/web/service/inbound.go:1995.12,1997.3 1 0
x-ui/web/service/inbound.go:1997.8,1999.3 1 0
x-ui/web/service/inbound.go:2001.2,2003.16 3 0
x-ui/web/service/inbound.go:2003.16,2005.3 1 0
x-ui/web/service/inbound.go:2007.2,2007.49 1 0
x-ui/web/service/inbound.go:2007.49,2010.17 3 0
x-ui/web/service/inbound.go:2010.17,2012.4 1 0
x-ui/web/service/inbound.go:2013.3,2015.17 3 0
x-ui/web/service/inbound.go:2015.17,2017.4 1 0
x-ui/web/service/inbound.go:2019.3,2021.37 3 0
x-ui/web/service/inbound.go:2021.37,2024.33 3 0
x-ui/web/service/inbound.go:2024.33,2025.37 1 0
x-ui/web/service/inbound.go:2025.37,2027.11 2 0
x-ui/web/service/inbound.go:2030.4,2030.16 1 0
x-ui/web/service/inbound.go:2030.16,2032.5 1 0
x-ui/web/service/inbound.go:2034.3,2034.26 1 0
x-ui/web/service/inbound.go:2034.26,2038.18 3 0
x-ui/web/service/inbound.go:2038.18,2040.5 1 0
x-ui/web/service/inbound.go:2042.4,2044.18 3 0
x-ui/web/service/inbound.go:2044.18,2046.5 1 0
x-ui/web/service/inbound.go:2047.9,2050.4 1 0
x-ui/web/service/inbound.go:2053.2,2054.16 2 0
x-ui/web/service/inbound.go:2054.16,2056.3 1 0
x-ui/web/service/inbound.go:2058.2,2058.12 1 0
x-ui/web/service/inbound.go:2061.91,2067.49 4 0
x-ui/web/service/inbound.go:2067.49,2070.3 2 0
x-ui/web/service/inbound.go:2072.2,2073.35 2 0
x-ui/web/service/inbound.go:2073.35,2075.17 2 0
x-ui/web/service/inbound.go:2075.17,2077.12 2 0
x-ui/web/service/inbound.go:2079.3,2079.34 1 0
x-ui/web/service/inbound.go:2079.34,2080.27 1 0
x-ui/web/service/inbound.go:2080.27,2082.5 1 0
x-ui/web/service/inbound.go:2086.2,2088.16 3 0
x-ui/web/service/inbound.go:2088.16,2089.36 1 0
x-ui/web/service/inbound.go:2089.36,2092.4 2 0
x-ui/web/service/inbound.go:2093.3,2094.18 2 0
x-ui/web/service/inbound.go:2097.2,2097.22 1 0
x-ui/web/service/inbound.go:2100.105,2105.16 4 0
x-ui/web/service/inbound.go:2105.16,2108.3 2 0
x-ui/web/service/inbound.go:2109.2,2109.23 1 0
x-ui/web/service/inbound.go:2109.23,2111.3 1 0
x-ui/web/service/inbound.go:2113.2,2113.17 1 0
x-ui/web/service/inbound.go:2116.103,2124.16 4 0
x-ui/web/service/inbound.go:2124.16,2127.3 2 0
x-ui/web/service/inbound.go:2128.2,2128.12 1 0
x-ui/web/service/inbound.go:2131.88,2142.16 4 0
x-ui/web/service/inbound.go:2142.16,2145.3 2 0
x-ui/web/service/inbound.go:2146.2,2146.22 1 0
x-ui/web/service/inbound.go:2149.101,2156.16 5 0
x-ui/web/service/inbound.go:2156.16,2157.36 1 0
x-ui/web/service/inbound.go:2157.36,2160.4 2 0
x-ui/web/service/inbound.go:2161.3,2162.18 2 0
x-ui/web/service/inbound.go:2165.2,2169.76 3 0
x-ui/web/service/inbound.go:2169.76,2172.3 2 0
x-ui/web/service/inbound.go:2174.2,2175.33 2 0
x-ui/web/service/inbound.go:2175.33,2176.77 1 0
x-ui/web/service/inbound.go:2176.77,2178.9 2 0
x-ui/web/service/inbound.go:2182.2,2182.25 1 0
x-ui/web/service/inbound.go:2182.25,2185.3 2 0
x-ui/web/service/inbound.go:2188.2,2189.16 2 0
x-ui/web/service/inbound.go:2189.16,2190.36 1 0
x-ui/web/service/inbound.go:2190.36,2193.4 2 0
x-ui/web/service/inbound.go:2194.3,2195.18 2 0
x-ui/web/service/inbound.go:2198.2,2198.21 1 0
x-ui/web/service/inbound.go:2201.82,2205.16 4 0
x-ui/web/service/inbound.go:2205.16,2207.3 1 0
x-ui/web/service/inbound.go:2208.2,2208.34 1 0
x-ui/web/service/inbound.go:2211.67,2218.16 4 0
x-ui/web/service/inbound.go:2218.16,2220.3 1 0
x-ui/web/service/inbound.go:2221.2,2221.12 1 0
x-ui/web/service/inbound.go:2224.81,2228.49 4 0
x-ui/web/service/inbound.go:2228.49,2230.3 1 0
x-ui/web/service/inbound.go:2231.2,2231.22 1 0
x-ui/web/service/inbound.go:2234.50,2238.15 4 0
x-ui/web/service/inbound.go:2238.15,2239.17 1 0
x-ui/web/service/inbound.go:2239.17,2241.4 1 0
x-ui/web/service/inbound.go:2241.9,2243.4 1 0
x-ui/web/service/inbound.go:2247.2,2252.16 2 0
x-ui/web/service/inbound.go:2252.16,2254.3 1 0
x-ui/web/service/inbound.go:2255.2,2260.16 2 0
x-ui/web/service/inbound.go:2260.16,2262.3 1 0
x-ui/web/service/inbound.go:2265.2,2267.49 3 0
x-ui/web/service/inbound.go:2267.49,2269.3 1 0
x-ui/web/service/inbound.go:2270.2,2270.38 1 0
x-ui/web/service/inbound.go:2270.38,2274.9 4 0
x-ui/web/service/inbound.go:2274.9,2277.38 2 0
x-ui/web/service/inbound.go:2277.38,2281.33 2 0
x-ui/web/service/inbound.go:2281.33,2283.6 1 0
x-ui/web/service/inbound.go:2286.5,2286.31 1 0
x-ui/web/service/inbound.go:2286.31,2288.44 2 0
x-ui/web/service/inbound.go:2288.44,2290.21 2 0
x-ui/web/service/inbound.go:2290.21,2292.8 1 0
x-ui/web/service/inbound.go:2297.5,2297.31 1 0
x-ui/web/service/inbound.go:2297.31,2298.41 1 0
x-ui/web/service/inbound.go:2298.41,2300.7 1 0
x-ui/web/service/inbound.go:2303.5,2303.38 1 0
x-ui/web/service/inbound.go:2303.38,2305.6 1 0
x-ui/web/service/inbound.go:2306.5,2309.38 2 0
x-ui/web/service/inbound.go:2309.38,2311.6 1 0
x-ui/web/service/inbound.go:2313.5,2313.44 1 0
x-ui/web/service/inbound.go:2315.4,2317.18 3 0
x-ui/web/service/inbound.go:2317.18,2319.5 1 0
x-ui/web/service/inbound.go:2321.4,2321.63 1 0
x-ui/web/service/inbound.go:2325.3,2326.17 2 0
x-ui/web/service/inbound.go:2326.17,2328.4 1 0
x-ui/web/service/inbound.go:2329.3,2329.44 1 0
x-ui/web/service/inbound.go:2329.44,2330.34 1 0
x-ui/web/service/inbound.go:2330.34,2333.19 3 0
x-ui/web/service/inbound.go:2333.19,2335.6 1 0
x-ui/web/service/inbound.go:2339.2,2340.35 2 0
x-ui/web/service/inbound.go:2340.35,2342.3 1 0
x-ui/web/service/inbound.go:2345.2,2358.43 4 0
x-ui/web/service/inbound.go:2358.43,2360.3 1 0
x-ui/web/service/inbound.go:2362.2,2362.35 1 0
x-ui/web/service/inbound.go:2362.35,2366.68 4 0
x-ui/web/service/inbound.go:2366.68,2367.68 1 0
x-ui/web/service/inbound.go:2367.68,2368.55 1 0
x-ui/web/service/inbound.go:2368.55,2369.37 1 0
x-ui/web/service/inbound.go:2369.37,2370.55 1 0
x-ui/web/service/inbound.go:2370.55,2375.8 4 0
x-ui/web/service/inbound.go:2378.5,2379.32 2 0
x-ui/web/service/inbound.go:2382.3,2384.88 3 0
x-ui/web/service/inbound.go:2387.2,2390.16 2 0
x-ui/web/service/inbound.go:2390.16,2392.3 1 0
x-ui/web/service/inbound.go:2395.38,2398.2 2 0
x-ui/web/service/inbound.go:2400.54,2402.2 1 0
x-ui/web/service/inbound.go:2404.75,2408.49 4 0
x-ui/web/service/inbound.go:2408.49,2410.3 1 0
x-ui/web/service/inbound.go:2411.2,2412.25 2 0
x-ui/web/service/inbound.go:2412.25,2414.3 1 0
x-ui/web/service/inbound.go:2415.2,2415.20 1 0
x-ui/web/service/inbound.go:2418.97,2424.49 4 0
x-ui/web/service/inbound.go:2424.49,2426.3 1 0
x-ui/web/service/inbound.go:2429.2,2429.42 1 0
x-ui/web/service/inbound.go:2429.42,2431.3 1 0
x-ui/web/service/inbound.go:2434.2,2436.33 3 0
x-ui/web/service/inbound.go:2436.33,2439.3 2 0
x-ui/web/service/inbound.go:2442.2,2443.31 2 0
x-ui/web/service/inbound.go:2443.31,2444.20 1 0
x-ui/web/service/inbound.go:2444.20,2446.4 1 0
x-ui/web/service/inbound.go:2449.2,2449.38 1 0
x-ui/web/service/lego_ip_service.go:66.38,68.2 1 0
x-ui/web/service/lego_ip_service.go:71.61,73.2 1 0
x-ui/web/service/lego_ip_service.go:76.54,78.2 1 0
x-ui/web/service/lego_ip_service.go:81.105,94.2 2 0
x-ui/web/service/lego_ip_service.go:97.98,101.41 2 0
x-ui/web/service/lego_ip_service.go:101.41,103.3 1 0
x-ui/web/service/lego_ip_service.go:104.2,104.17 1 0
x-ui/web/service/lego_ip_service.go:104.17,106.3 1 0
x-ui/web/service/lego_ip_service.go:109.2,109.58 1 0
x-ui/web/service/lego_ip_service.go:109.58,111.3 1 0
x-ui/web/service/lego_ip_service.go:112.2,112.15 1 0
x-ui/web/service/lego_ip_service.go:112.15,113.56 1 0
x-ui/web/service/lego_ip_service.go:113.56,115.4 1 0
x-ui/web/service/lego_ip_service.go:119.2,120.16 2 0
x-ui/web/service/lego_ip_service.go:120.16,122.3 1 0
x-ui/web/service/lego_ip_service.go:125.2,133.16 5 0
x-ui/web/service/lego_ip_service.go:133.16,135.3 1 0
x-ui/web/service/lego_ip_service.go:138.2,139.69 2 0
x-ui/web/service/lego_ip_service.go:139.69,141.3 1 0
x-ui/web/service/lego_ip_service.go:144.2,145.16 2 0
x-ui/web/service/lego_ip_service.go:145.16,147.3 1 0
x-ui/web/service/lego_ip_service.go:148.2,158.16 5 0
x-ui/web/service/lego_ip_service.go:158.16,160.3 1 0
x-ui/web/service/lego_ip_service.go:163.2,164.16 2 0
x-ui/web/service/lego_ip_service.go:164.16,166.3 1 0
x-ui/web/service/lego_ip_service.go:169.2,170.16 2 0
x-ui/web/service/lego_ip_service.go:170.16,173.3 2 0
x-ui/web/service/lego_ip_service.go:175.2,182.27 2 0
x-ui/web/service/lego_ip_service.go:182.27,183.73 1 0
x-ui/web/service/lego_ip_service.go:183.73,185.4 1 0
x-ui/web/service/lego_ip_service.go:188.2,189.20 2 0
x-ui/web/service/lego_ip_service.go:193.90,197.56 2 0
x-ui/web/service/lego_ip_service.go:197.56,199.3 1 0
x-ui/web/service/lego_ip_service.go:199.8,199.20 1 0
x-ui/web/service/lego_ip_service.go:199.20,201.3 1 0
x-ui/web/service/lego_ip_service.go:204.2,204.54 1 0
x-ui/web/service/lego_ip_service.go:208.71,212.53 2 1
x-ui/web/service/lego_ip_service.go:212.53,214.3 1 0
x-ui/web/service/lego_ip_service.go:217.2,218.16 2 1
x-ui/web/service/lego_ip_service.go:218.16,220.3 1 0
x-ui/web/service/lego_ip_service.go:223.2,224.16 2 1
x-ui/web/service/lego_ip_service.go:224.16,226.3 1 1
x-ui/web/service/lego_ip_service.go:228.2,234.8 1 0
x-ui/web/service/lego_ip_service.go:238.63,240.16 2 1
x-ui/web/service/lego_ip_service.go:240.16,242.3 1 1
x-ui/web/service/lego_ip_service.go:245.2,246.50 2 0
x-ui/web/service/lego_ip_service.go:250.53,251.14 1 1
x-ui/web/service/lego_ip_service.go:251.14,253.3 1 1
x-ui/web/service/lego_ip_service.go:256.2,257.30 2 1
x-ui/web/service/lego_ip_service.go:257.30,259.3 1 1
x-ui/web/service/lego_ip_service.go:262.2,263.29 2 1
x-ui/web/service/lego_ip_service.go:263.29,264.57 1 1
x-ui/web/service/lego_ip_service.go:264.57,266.4 1 1
x-ui/web/service/lego_ip_service.go:267.3,269.27 3 1
x-ui/web/service/lego_ip_service.go:269.27,271.4 1 1
x-ui/web/service/lego_ip_service.go:275.2,275.28 1 1
x-ui/web/service/lego_ip_service.go:275.28,277.3 1 0
x-ui/web/service/lego_ip_service.go:279.2,279.12 1 1
x-ui/web/service/lego_ip_service.go:283.73,285.16 2 0
x-ui/web/service/lego_ip_service.go:285.16,287.3 1 0
x-ui/web/service/lego_ip_service.go:289.2,292.8 1 0
x-ui/web/service/lego_ip_service.go:298.118,302.51 2 0
x-ui/web/service/lego_ip_service.go:302.51,304.3 1 0
x-ui/web/service/lego_ip_service.go:306.2,310.71 3 0
x-ui/web/service/lego_ip_service.go:310.71,312.3 1 0
x-ui/web/service/lego_ip_service.go:315.2,315.69 1 0
x-ui/web/service/lego_ip_service.go:315.69,317.3 1 0
x-ui/web/service/lego_ip_service.go:320.2,320.48 1 0
x-ui/web/service/lego_ip_service.go:320.48,322.3 1 0
x-ui/web/service/lego_ip_service.go:324.2,325.31 2 0
x-ui/web/service/lego_ip_service.go:329.84,331.18 2 1
x-ui/web/service/lego_ip_service.go:331.18,333.3 1 0
x-ui/web/service/lego_ip_service.go:335.2,336.16 2 1
x-ui/web/service/lego_ip_service.go:336.16,338.3 1 1
x-ui/web/service/lego_ip_service.go:340.2,340.27 1 0
x-ui/web/service/lego_ip_service.go:344.68,347.24 3 0
x-ui/web/service/lego_ip_service.go:347.24,349.3 1 0
x-ui/web/service/lego_ip_service.go:350.2,350.24 1 0
x-ui/web/service/lego_ip_service.go:354.76,359.2 4 1
x-ui/web/service/lego_ip_service.go:363.58,367.2 1 0
x-ui/web/service/lego_ip_service.go:370.55,371.42 1 0
x-ui/web/service/lego_ip_service.go:371.42,373.3 1 0
x-ui/web/service/lego_ip_service.go:374.2,374.21 1 0
x-ui/web/service/log_forwarder.go:41.101,46.65 3 0
x-ui/web/service/log_forwarder.go:46.65,47.19 1 0
x-ui/web/service/log_forwarder.go:48.16,49.32 1 0
x-ui/web/service/log_forwarder.go:50.15,51.34 1 0
x-ui/web/service/log_forwarder.go:52.15,53.31 1 0
x-ui/web/service/log_forwarder.go:54.16,55.32 1 0
x-ui/web/service/log_forwarder.go:56.11,57.34 1 0
x-ui/web/service/log_forwarder.go:66.2,78.3 1 0
x-ui/web/service/log_forwarder.go:82.39,86.18 3 0
x-ui/web/service/log_forwarder.go:86.18,88.3 1 0
x-ui/web/service/log_forwarder.go:91.2,91.37 1 0
x-ui/web/service/log_forwarder.go:91.37,94.3 2 0
x-ui/web/service/log_forwarder.go:97.2,98.16 2 0
x-ui/web/service/log_forwarder.go:98.16,102.3 2 0
x-ui/web/service/log_forwarder.go:102.8,102.21 1 0
x-ui/web/service/log_forwarder.go:102.21,105.3 2 0
x-ui/web/service/log_forwarder.go:105.8,107.3 1 0
x-ui/web/service/log_forwarder.go:110.2,113.38 2 0
x-ui/web/service/log_forwarder.go:113.38,116.3 2 0
x-ui/web/service/log_forwarder.go:118.2,119.12 2 0
x-ui/web/service/log_forwarder.go:123.38,127.19 3 0
x-ui/web/service/log_forwarder.go:127.19,129.3 1 0
x-ui/web/service/log_forwarder.go:132.2,136.12 3 0
x-ui/web/service/log_forwarder.go:136.12,139.3 2 0
x-ui/web/service/log_forwarder.go:141.2,141.9 1 0
x-ui/web/service/log_forwarder.go:142.14,143.42 1 0
x-ui/web/service/log_forwarder.go:144.37,145.48 1 0
x-ui/web/service/log_forwarder.go:149.2,152.12 3 0
x-ui/web/service/log_forwarder.go:156.42,160.2 3 0
x-ui/web/service/log_forwarder.go:163.89,168.14 4 0
x-ui/web/service/log_forwarder.go:168.14,170.3 1 0
x-ui/web/service/log_forwarder.go:173.2,173.52 1 0
x-ui/web/service/log_forwarder.go:173.52,175.3 1 0
x-ui/web/service/log_forwarder.go:178.2,186.9 2 0
x-ui/web/service/log_forwarder.go:187.30,187.30 0 0
x-ui/web/service/log_forwarder.go:189.10,192.69 1 0
x-ui/web/service/log_forwarder.go:198.95,200.29 1 0
x-ui/web/service/log_forwarder.go:200.29,202.3 1 0
x-ui/web/service/log_forwarder.go:206.2,213.39 2 0
x-ui/web/service/log_forwarder.go:213.39,214.41 1 0
x-ui/web/service/log_forwarder.go:214.41,216.4 1 0
x-ui/web/service/log_forwarder.go:219.2,219.14 1 0
x-ui/web/service/log_forwarder.go:223.40,232.6 6 0
x-ui/web/service/log_forwarder.go:232.6,233.10 1 0
x-ui/web/service/log_forwarder.go:234.24,237.22 2 0
x-ui/web/service/log_forwarder.go:237.22,239.5 1 0
x-ui/web/service/log_forwarder.go:240.4,240.10 1 0
x-ui/web/service/log_forwarder.go:242.33,244.34 2 0
x-ui/web/service/log_forwarder.go:244.34,248.5 3 0
x-ui/web/service/log_forwarder.go:250.19,251.22 1 0
x-ui/web/service/log_forwarder.go:251.22,254.5 2 0
x-ui/web/service/log_forwarder.go:255.4,255.34 1 0
x-ui/web/service/log_forwarder.go:261.56,262.21 1 0
x-ui/web/service/log_forwarder.go:262.21,264.3 1 0
x-ui/web/service/log_forwarder.go:267.2,267.37 1 0
x-ui/web/service/log_forwarder.go:267.37,269.3 1 0
x-ui/web/service/log_forwarder.go:272.2,273.31 2 0
x-ui/web/service/log_forwarder.go:273.31,275.20 2 0
x-ui/web/service/log_forwarder.go:275.20,277.4 1 0
x-ui/web/service/log_forwarder.go:280.2,280.24 1 0
x-ui/web/service/log_forwarder.go:280.24,282.3 1 0
x-ui/web/service/log_forwarder.go:285.2,285.24 1 0
x-ui/web/service/log_forwarder.go:285.24,287.17 2 0
x-ui/web/service/log_forwarder.go:287.17,289.4 1 0
x-ui/web/service/log_forwarder.go:290.3,290.9 1 0
x-ui/web/service/log_forwarder.go:294.2,296.16 3 0
x-ui/web/service/log_forwarder.go:296.16,298.3 1 0
x-ui/web/service/log_forwarder.go:302.56,304.2 1 0
x-ui/web/service/log_forwarder.go:307.69,309.22 1 0
x-ui/web/service/log_forwarder.go:310.21,311.75 1 0
x-ui/web/service/log_forwarder.go:312.23,313.79 1 0
x-ui/web/service/log_forwarder.go:314.20,316.41 1 0
x-ui/web/service/log_forwarder.go:316.41,318.4 1 0
x-ui/web/service/log_forwarder.go:319.21,321.75 1 0
x-ui/web/service/log_forwarder.go:324.2,324.11 1 0
x-ui/web/service/log_forwarder.go:328.62,345.44 2 0
x-ui/web/service/log_forwarder.go:345.44,346.41 1 0
x-ui/web/service/log_forwarder.go:346.41,348.4 1 0
x-ui/web/service/log_forwarder.go:351.2,351.14 1 0
x-ui/web/service/log_forwarder.go:355.62,360.2 4 0
x-ui/web/service/log_forwarder.go:363.40,365.16 2 0
x-ui/web/service/log_forwarder.go:365.16,368.3 2 0
x-ui/web/service/log_forwarder.go:371.2,372.68 2 0
x-ui/web/service/log_forwarder.go:372.68,373.19 1 0
x-ui/web/service/log_forwarder.go:374.16,375.28 1 0
x-ui/web/service/log_forwarder.go:376.15,377.30 1 0
x-ui/web/service/log_forwarder.go:378.15,379.27 1 0
x-ui/web/service/log_forwarder.go:380.16,381.28 1 0
x-ui/web/service/log_forwarder.go:382.11,383.30 1 0
x-ui/web/service/log_forwarder.go:387.2,393.30 5 0
x-ui/web/service/log_forwarder.go:393.30,395.3 1 0
x-ui/web/service/log_forwarder.go:398.2,398.31 1 0
x-ui/web/service/log_forwarder.go:398.31,399.14 1 0
x-ui/web/service/log_forwarder.go:399.14,402.4 2 0
x-ui/web/service/log_forwarder.go:402.9,405.4 2 0
x-ui/web/service/outbound.go:14.116,19.15 4 0
x-ui/web/service/outbound.go:19.15,20.17 1 0
x-ui/web/service/outbound.go:20.17,22.4 1 0
x-ui/web/service/outbound.go:22.9,24.4 1 0
x-ui/web/service/outbound.go:27.2,28.16 2 0
x-ui/web/service/outbound.go:28.16,30.3 1 0
x-ui/web/service/outbound.go:32.2,32.19 1 0
x-ui/web/service/outbound.go:35.91,36.24 1 0
x-ui/web/service/outbound.go:36.24,38.3 1 0
x-ui/web/service/outbound.go:40.2,42.35 2 0
x-ui/web/service/outbound.go:42.35,43.25 1 0
x-ui/web/service/outbound.go:43.25,49.18 3 0
x-ui/web/service/outbound.go:49.18,51.5 1 0
x-ui/web/service/outbound.go:53.4,59.18 6 0
x-ui/web/service/outbound.go:59.18,61.5 1 0
x-ui/web/service/outbound.go:64.2,64.12 1 0
x-ui/web/service/outbound.go:67.84,72.16 4 0
x-ui/web/service/outbound.go:72.16,75.3 2 0
x-ui/web/service/outbound.go:77.2,77.22 1 0
x-ui/web/service/outbound.go:80.66,84.24 3 0
x-ui/web/service/outbound.go:84.24,86.3 1 0
x-ui/web/service/outbound.go:86.8,88.3 1 0
x-ui/web/service/outbound.go:90.2,95.16 3 0
x-ui/web/service/outbound.go:95.16,97.3 1 0
x-ui/web/service/outbound.go:99.2,99.12 1 0
x-ui/web/service/panel.go:13.64,15.16 2 0
x-ui/web/service/panel.go:15.16,17.3 1 0
x-ui/web/service/panel.go:18.2,18.12 1 0
x-ui/web/service/panel.go:18.12,21.17 3 0
x-ui/web/service/panel.go:21.17,23.4 1 0
x-ui/web/service/panel.go:25.2,25.12 1 0
x-ui/web/service/port_conflict_resolver.go:53.87,57.2 1 0
x-ui/web/service/port_conflict_resolver.go:61.92,64.16 2 0
x-ui/web/service/port_conflict_resolver.go:64.16,67.3 2 0
x-ui/web/service/port_conflict_resolver.go:67.8,70.31 1 0
x-ui/web/service/port_conflict_resolver.go:70.31,72.4 1 0
x-ui/web/service/port_conflict_resolver.go:72.9,75.4 1 0
x-ui/web/service/port_conflict_resolver.go:79.2,79.43 1 0
x-ui/web/service/port_conflict_resolver.go:79.43,81.3 1 0
x-ui/web/service/port_conflict_resolver.go:81.8,83.3 1 0
x-ui/web/service/port_conflict_resolver.go:87.2,87.31 1 0
x-ui/web/service/port_conflict_resolver.go:87.31,89.3 1 0
x-ui/web/service/port_conflict_resolver.go:90.2,90.18 1 0
x-ui/web/service/port_conflict_resolver.go:90.18,92.3 1 0
x-ui/web/service/port_conflict_resolver.go:94.2,94.26 1 0
x-ui/web/service/port_conflict_resolver.go:98.73,100.16 2 0
x-ui/web/service/port_conflict_resolver.go:100.16,102.3 1 0
x-ui/web/service/port_conflict_resolver.go:104.2,104.15 1 0
x-ui/web/service/port_conflict_resolver.go:104.15,106.3 1 0
x-ui/web/service/port_conflict_resolver.go:108.2,108.19 1 0
x-ui/web/service/port_conflict_resolver.go:108.19,110.3 1 0
x-ui/web/service/port_conflict_resolver.go:113.2,114.60 2 0
x-ui/web/service/port_conflict_resolver.go:114.60,116.3 1 0
[...]
x-ui/web/service/tgbot_utils.go:1355.159,1363.19 5 0
x-ui/web/service/tgbot_utils.go:1363.19,1367.6 2 0
x-ui/web/service/tgbot_utils.go:1368.10,1370.5 1 0
x-ui/web/service/tgbot_utils.go:1372.4,1372.18 1 0
x-ui/web/service/tgbot_utils.go:1372.18,1374.5 1 0
x-ui/web/service/tgbot_utils.go:1374.10,1376.5 1 0
x-ui/web/service/tgbot_utils.go:1380.3,1383.28 3 0
x-ui/web/service/tgbot_utils.go:1383.28,1385.38 2 0
x-ui/web/service/tgbot_utils.go:1385.38,1387.5 1 0
x-ui/web/service/tgbot_utils.go:1388.4,1388.31 1 0
x-ui/web/service/tgbot_utils.go:1391.3,1391.27 1 0
x-ui/web/service/tgbot_utils.go:1391.27,1393.37 2 0
x-ui/web/service/tgbot_utils.go:1393.37,1395.5 1 0
x-ui/web/service/tgbot_utils.go:1396.4,1396.31 1 0
x-ui/web/service/tgbot_utils.go:1399.3,1399.38 1 0
x-ui/web/service/tgbot_utils.go:1399.38,1401.4 1 0
x-ui/web/service/tgbot_utils.go:1401.9,1401.35 1 0
x-ui/web/service/tgbot_utils.go:1401.35,1403.4 1 0
x-ui/web/service/tgbot_utils.go:1403.9,1405.4 1 0
x-ui/web/service/tgbot_utils.go:1407.3,1407.47 1 0
x-ui/web/service/tgbot_utils.go:1412.43,1418.16 5 0
x-ui/web/service/tgbot_utils.go:1418.16,1420.3 1 0
x-ui/web/service/tgbot_utils.go:1422.2,1422.42 1 0
x-ui/web/service/tgbot_utils.go:1426.53,1432.34 4 0
x-ui/web/service/tgbot_utils.go:1432.34,1434.3 1 0
x-ui/web/service/tgbot_utils.go:1437.2,1439.16 3 0
x-ui/web/service/tgbot_utils.go:1439.16,1441.3 1 0
x-ui/web/service/tgbot_utils.go:1443.2,1444.24 2 0
x-ui/web/service/tgbot_utils.go:1444.24,1446.3 1 0
x-ui/web/service/tgbot_utils.go:1446.8,1448.3 1 0
x-ui/web/service/tgbot_utils.go:1452.43,1471.2 3 0
x-ui/web/service/tgbot_utils.go:1474.63,1477.31 2 0
x-ui/web/service/tgbot_utils.go:1477.31,1480.3 2 0
x-ui/web/service/tgbot_utils.go:1483.2,1486.29 3 0
x-ui/web/service/tgbot_utils.go:1486.29,1487.63 1 0
x-ui/web/service/tgbot_utils.go:1487.63,1491.4 2 0
x-ui/web/service/tgbot_utils.go:1493.3,1493.23 1 0
x-ui/web/service/tgbot_utils.go:1493.23,1495.4 1 0
x-ui/web/service/tgbot_utils.go:1496.3,1496.27 1 0
x-ui/web/service/tgbot_utils.go:1500.2,1500.22 1 0
x-ui/web/service/tgbot_utils.go:1500.22,1502.3 1 0
x-ui/web/service/update.go:27.65,40.16 4 0
x-ui/web/service/update.go:40.16,42.3 1 0
x-ui/web/service/update.go:43.2,46.16 3 0
x-ui/web/service/update.go:46.16,49.3 2 0
x-ui/web/service/update.go:50.2,53.38 2 0
x-ui/web/service/update.go:53.38,55.3 1 0
x-ui/web/service/update.go:57.2,59.54 3 0
x-ui/web/service/update.go:59.54,61.3 1 0
x-ui/web/service/update.go:63.2,64.65 2 0
x-ui/web/service/update.go:64.65,66.3 1 0
x-ui/web/service/update.go:68.2,69.29 2 0
x-ui/web/service/update.go:73.40,77.16 3 0
x-ui/web/service/update.go:77.16,79.21 2 0
x-ui/web/service/update.go:80.33,81.23 1 0
x-ui/web/service/update.go:82.46,83.21 1 0
x-ui/web/service/update.go:84.46,85.23 1 0
x-ui/web/service/update.go:86.33,87.23 1 0
x-ui/web/service/update.go:88.26,89.23 1 0
x-ui/web/service/update.go:90.26,91.23 1 0
x-ui/web/service/update.go:92.16,93.23 1 0
x-ui/web/service/update.go:94.11,97.30 2 0
x-ui/web/service/update.go:102.2,103.28 2 0
x-ui/web/service/update.go:107.37,112.16 3 0
x-ui/web/service/update.go:112.16,114.3 1 0
x-ui/web/service/update.go:115.2,120.16 5 0
x-ui/web/service/update.go:120.16,122.3 1 0
x-ui/web/service/update.go:123.2,126.16 3 0
x-ui/web/service/update.go:126.16,128.3 1 0
x-ui/web/service/update.go:129.2,131.38 2 0
x-ui/web/service/update.go:131.38,133.3 1 0
x-ui/web/service/update.go:135.2,136.16 2 0
x-ui/web/service/update.go:136.16,138.3 1 0
x-ui/web/service/update.go:141.2,142.52 2 0
x-ui/web/service/update.go:142.52,144.17 2 0
x-ui/web/service/update.go:144.17,146.4 1 0
x-ui/web/service/update.go:146.9,148.4 1 0
x-ui/web/service/update.go:152.2,153.16 2 0
x-ui/web/service/update.go:153.16,155.3 1 0
x-ui/web/service/update.go:157.2,158.16 2 0
x-ui/web/service/update.go:158.16,160.50 1 0
x-ui/web/service/update.go:160.50,163.4 2 0
x-ui/web/service/update.go:164.3,164.57 1 0
x-ui/web/service/update.go:168.2,169.16 2 0
x-ui/web/service/update.go:169.16,171.3 1 0
x-ui/web/service/update.go:173.2,174.12 2 0
x-ui/web/service/update.go:178.58,181.16 2 0
x-ui/web/service/update.go:181.16,183.3 1 0
x-ui/web/service/update.go:184.2,189.16 4 0
x-ui/web/service/update.go:189.16,191.3 1 0
x-ui/web/service/update.go:192.2,195.16 3 0
x-ui/web/service/update.go:195.16,197.3 1 0
x-ui/web/service/update.go:198.2,200.38 2 0
x-ui/web/service/update.go:200.38,202.3 1 0
x-ui/web/service/update.go:204.2,205.16 2 0
x-ui/web/service/update.go:205.16,207.3 1 0
x-ui/web/service/update.go:208.2,212.16 3 0
x-ui/web/service/update.go:212.16,214.3 1 0
x-ui/web/service/update.go:215.2,218.16 3 0
x-ui/web/service/update.go:218.16,220.3 1 0
x-ui/web/service/update.go:221.2,225.6 4 0
x-ui/web/service/update.go:225.6,227.20 2 0
x-ui/web/service/update.go:227.20,228.9 1 0
x-ui/web/service/update.go:230.3,230.17 1 0
x-ui/web/service/update.go:230.17,232.4 1 0
x-ui/web/service/update.go:234.3,236.77 2 0
x-ui/web/service/update.go:236.77,239.18 2 0
x-ui/web/service/update.go:239.18,241.5 1 0
x-ui/web/service/update.go:243.4,245.18 3 0
x-ui/web/service/update.go:245.18,248.5 2 0
x-ui/web/service/update.go:251.4,252.18 2 0
x-ui/web/service/update.go:252.18,255.5 2 0
x-ui/web/service/update.go:257.4,257.30 1 0
x-ui/web/service/update.go:261.2,262.67 2 0
x-ui/web/service/update.go:266.50,272.55 4 0
x-ui/web/service/update.go:272.55,274.3 1 0
x-ui/web/service/update.go:277.2,277.44 1 0
x-ui/web/service/update.go:277.44,279.17 2 0
x-ui/web/service/update.go:279.17,281.4 1 0
x-ui/web/service/update.go:282.3,282.57 1 0
x-ui/web/service/update.go:286.2,287.16 2 0
x-ui/web/service/update.go:287.16,289.47 1 0
x-ui/web/service/update.go:289.47,292.4 2 0
x-ui/web/service/update.go:293.3,293.60 1 0
x-ui/web/service/update.go:297.2,298.16 2 0
x-ui/web/service/update.go:298.16,300.3 1 0
x-ui/web/service/update.go:302.2,303.12 2 0
x-ui/web/service/update.go:307.34,310.16 3 0
x-ui/web/service/update.go:310.16,312.3 1 0
x-ui/web/service/update.go:313.2,314.12 2 0
x-ui/web/service/update.go:318.34,321.16 3 0
x-ui/web/service/update.go:321.16,323.3 1 0
x-ui/web/service/update.go:324.2,325.12 2 0
x-ui/web/service/update.go:329.59,331.12 1 0
x-ui/web/service/update.go:331.12,338.18 3 0
x-ui/web/service/update.go:338.18,340.64 2 0
x-ui/web/service/update.go:340.64,342.5 1 0
x-ui/web/service/update.go:345.3,350.20 4 0
x-ui/web/service/update.go:350.20,353.18 3 0
x-ui/web/service/update.go:353.18,356.5 2 0
x-ui/web/service/update.go:356.10,359.5 2 0
x-ui/web/service/update.go:362.3,362.23 1 0
x-ui/web/service/update.go:362.23,365.18 2 0
x-ui/web/service/update.go:365.18,368.5 2 0
x-ui/web/service/update.go:368.10,371.5 2 0
x-ui/web/service/update.go:374.3,374.23 1 0
x-ui/web/service/update.go:374.23,378.18 3 0
x-ui/web/service/update.go:378.18,381.5 1 0
x-ui/web/service/update.go:381.10,383.5 1 0
x-ui/web/service/update.go:386.3,386.23 1 0
x-ui/web/service/update.go:386.23,393.18 5 0
x-ui/web/service/update.go:393.18,396.5 2 0
x-ui/web/service/update.go:396.10,398.5 1 0
x-ui/web/service/update.go:401.3,401.23 1 0
x-ui/web/service/update.go:401.23,404.18 2 0
x-ui/web/service/update.go:404.18,407.5 2 0
x-ui/web/service/update.go:410.3,410.23 1 0
x-ui/web/service/update.go:410.23,414.18 3 0
x-ui/web/service/update.go:414.18,417.5 1 0
x-ui/web/service/update.go:417.10,419.5 1 0
x-ui/web/service/update.go:422.3,422.23 1 0
x-ui/web/service/update.go:422.23,427.18 4 0
x-ui/web/service/update.go:427.18,429.5 1 0
x-ui/web/service/update.go:431.4,433.18 3 0
x-ui/web/service/update.go:433.18,436.5 2 0
x-ui/web/service/update.go:436.10,438.5 1 0
x-ui/web/service/update.go:441.4,442.50 2 0
x-ui/web/service/update.go:446.3,446.24 1 0
x-ui/web/service/update.go:446.24,448.4 1 0
x-ui/web/service/update.go:451.3,451.18 1 0
x-ui/web/service/update.go:451.18,452.24 1 0
x-ui/web/service/update.go:452.24,455.67 2 0
x-ui/web/service/update.go:455.67,457.6 1 0
x-ui/web/service/update.go:458.10,461.64 2 0
x-ui/web/service/update.go:461.64,463.6 1 0
x-ui/web/service/update.go:467.3,467.23 1 0
x-ui/web/service/update.go:467.23,469.4 1 0
x-ui/web/service/update.go:469.9,471.4 1 0
x-ui/web/service/update.go:474.2,474.12 1 0
x-ui/web/service/update.go:478.47,480.12 1 0
x-ui/web/service/update.go:480.12,487.18 3 0
x-ui/web/service/update.go:487.18,489.64 2 0
x-ui/web/service/update.go:489.64,491.5 1 0
x-ui/web/service/update.go:494.3,510.52 3 0
x-ui/web/service/update.go:510.52,518.18 3 0
x-ui/web/service/update.go:518.18,520.5 1 0
x-ui/web/service/update.go:521.4,524.18 3 0
x-ui/web/service/update.go:524.18,526.5 1 0
x-ui/web/service/update.go:527.4,530.40 2 0
x-ui/web/service/update.go:530.40,532.5 1 0
x-ui/web/service/update.go:535.4,535.47 1 0
x-ui/web/service/update.go:535.47,537.59 2 0
x-ui/web/service/update.go:537.59,539.6 1 0
x-ui/web/service/update.go:539.11,541.6 1 0
x-ui/web/service/update.go:544.4,545.18 2 0
x-ui/web/service/update.go:545.18,547.5 1 0
x-ui/web/service/update.go:548.4,551.18 3 0
x-ui/web/service/update.go:551.18,553.5 1 0
x-ui/web/service/update.go:555.4,555.14 1 0
x-ui/web/service/update.go:558.3,561.33 3 0
x-ui/web/service/update.go:561.33,565.59 3 0
x-ui/web/service/update.go:565.59,568.5 2 0
x-ui/web/service/update.go:568.10,571.5 2 0
x-ui/web/service/update.go:575.3,575.43 1 0
x-ui/web/service/update.go:575.43,578.18 3 0
x-ui/web/service/update.go:578.18,582.5 3 0
x-ui/web/service/update.go:582.10,584.5 1 0
x-ui/web/service/update.go:588.3,588.18 1 0
x-ui/web/service/update.go:588.18,589.44 1 0
x-ui/web/service/update.go:589.44,592.35 2 0
x-ui/web/service/update.go:592.35,594.6 1 0
x-ui/web/service/update.go:595.5,597.67 2 0
x-ui/web/service/update.go:597.67,599.6 1 0
x-ui/web/service/update.go:600.10,600.32 1 0
x-ui/web/service/update.go:600.32,603.64 2 0
x-ui/web/service/update.go:603.64,605.6 1 0
x-ui/web/service/update.go:606.10,609.44 2 0
x-ui/web/service/update.go:609.44,611.6 1 0
x-ui/web/service/update.go:612.5,614.67 2 0
x-ui/web/service/update.go:614.67,616.6 1 0
x-ui/web/service/update.go:620.3,620.23 1 0
x-ui/web/service/update.go:620.23,622.4 1 0
x-ui/web/service/update.go:622.9,622.30 1 0
x-ui/web/service/update.go:622.30,624.4 1 0
x-ui/web/service/update.go:624.9,626.4 1 0
x-ui/web/service/update.go:629.2,629.12 1 0
x-ui/web/service/user.go:19.59,26.16 4 0
x-ui/web/service/user.go:26.16,28.3 1 0
x-ui/web/service/user.go:29.2,29.18 1 0
x-ui/web/service/user.go:32.101,41.35 4 0
x-ui/web/service/user.go:41.35,43.3 1 0
x-ui/web/service/user.go:43.8,43.23 1 0
x-ui/web/service/user.go:43.23,46.3 2 0
x-ui/web/service/user.go:48.2,48.56 1 0
x-ui/web/service/user.go:48.56,50.3 1 0
x-ui/web/service/user.go:52.2,53.16 2 0
x-ui/web/service/user.go:53.16,56.3 2 0
x-ui/web/service/user.go:58.2,58.21 1 0
x-ui/web/service/user.go:58.21,60.17 2 0
x-ui/web/service/user.go:60.17,63.4 2 0
x-ui/web/service/user.go:65.3,65.65 1 0
x-ui/web/service/user.go:65.65,67.4 1 0
x-ui/web/service/user.go:70.2,70.13 1 0
x-ui/web/service/user.go:73.82,76.16 3 0
x-ui/web/service/user.go:76.16,78.3 1 0
x-ui/web/service/user.go:80.2,81.16 2 0
x-ui/web/service/user.go:81.16,83.3 1 0
x-ui/web/service/user.go:85.2,85.21 1 0
x-ui/web/service/user.go:85.21,88.3 2 0
x-ui/web/service/user.go:90.2,93.8 1 0
x-ui/web/service/user.go:96.79,97.20 1 0
x-ui/web/service/user.go:97.20,99.3 1 0
x-ui/web/service/user.go:99.8,99.27 1 0
x-ui/web/service/user.go:99.27,101.3 1 0
x-ui/web/service/user.go:102.2,104.15 2 0
x-ui/web/service/user.go:104.15,106.3 1 0
x-ui/web/service/user.go:108.2,111.30 4 0
x-ui/web/service/user.go:111.30,115.3 3 0
x-ui/web/service/user.go:115.8,115.23 1 0
x-ui/web/service/user.go:115.23,117.3 1 0
x-ui/web/service/user.go:118.2,120.28 3 0
x-ui/web/service/util.go:10.55,13.33 2 0
x-ui/web/service/util.go:13.33,15.3 1 0
x-ui/web/service/util.go:18.2,21.39 2 0
x-ui/web/service/util.go:21.39,28.23 3 0
x-ui/web/service/util.go:28.23,30.4 1 0
x-ui/web/service/util.go:31.8,40.3 2 0
x-ui/web/service/util.go:42.2,42.20 1 0
x-ui/web/service/warp.go:19.53,21.16 2 0
x-ui/web/service/warp.go:21.16,23.3 1 0
x-ui/web/service/warp.go:24.2,24.18 1 0
x-ui/web/service/warp.go:27.43,29.16 2 0
x-ui/web/service/warp.go:29.16,31.3 1 0
x-ui/web/service/warp.go:32.2,32.12 1 0
x-ui/web/service/warp.go:35.55,38.16 3 0
x-ui/web/service/warp.go:38.16,40.3 1 0
x-ui/web/service/warp.go:41.2,42.16 2 0
x-ui/web/service/warp.go:42.16,44.3 1 0
x-ui/web/service/warp.go:46.2,49.16 3 0
x-ui/web/service/warp.go:49.16,51.3 1 0
x-ui/web/service/warp.go:52.2,56.16 4 0
x-ui/web/service/warp.go:56.16,58.3 1 0
x-ui/web/service/warp.go:59.2,62.16 4 0
x-ui/web/service/warp.go:62.16,64.3 1 0
x-ui/web/service/warp.go:66.2,66.29 1 0
x-ui/web/service/warp.go:69.83,77.16 6 0
x-ui/web/service/warp.go:77.16,79.3 1 0
x-ui/web/service/warp.go:81.2,86.16 5 0
x-ui/web/service/warp.go:86.16,88.3 1 0
x-ui/web/service/warp.go:89.2,92.16 4 0
x-ui/web/service/warp.go:92.16,94.3 1 0
x-ui/web/service/warp.go:96.2,98.16 3 0
x-ui/web/service/warp.go:98.16,100.3 1 0
x-ui/web/service/warp.go:102.2,105.9 4 0
x-ui/web/service/warp.go:105.9,108.3 2 0
x-ui/web/service/warp.go:110.2,117.20 5 0
x-ui/web/service/warp.go:120.70,123.16 3 0
x-ui/web/service/warp.go:123.16,125.3 1 0
x-ui/web/service/warp.go:126.2,127.16 2 0
x-ui/web/service/warp.go:127.16,129.3 1 0
x-ui/web/service/warp.go:131.2,135.16 4 0
x-ui/web/service/warp.go:135.16,137.3 1 0
x-ui/web/service/warp.go:138.2,142.16 4 0
x-ui/web/service/warp.go:142.16,144.3 1 0
x-ui/web/service/warp.go:145.2,148.16 4 0
x-ui/web/service/warp.go:148.16,150.3 1 0
x-ui/web/service/warp.go:152.2,154.16 3 0
x-ui/web/service/warp.go:154.16,156.3 1 0
x-ui/web/service/warp.go:157.2,157.34 1 0
x-ui/web/service/warp.go:157.34,161.3 3 0
x-ui/web/service/warp.go:163.2,165.16 3 0
x-ui/web/service/warp.go:165.16,167.3 1 0
x-ui/web/service/warp.go:168.2,170.33 2 0
x-ui/web/service/xray.go:32.52,34.2 1 0
x-ui/web/service/xray.go:37.44,39.2 1 0
x-ui/web/service/xray.go:46.40,47.14 1 0
x-ui/web/service/xray.go:47.14,49.3 1 0
x-ui/web/service/xray.go:50.2,50.23 1 0
x-ui/web/service/xray.go:53.42,54.14 1 0
x-ui/web/service/xray.go:54.14,56.3 1 0
x-ui/web/service/xray.go:58.2,60.65 2 0
x-ui/web/service/xray.go:60.65,64.3 1 0
x-ui/web/service/xray.go:66.2,66.12 1 0
x-ui/web/service/xray.go:69.46,70.18 1 0
x-ui/web/service/xray.go:70.18,72.3 1 0
x-ui/web/service/xray.go:73.2,73.23 1 0
x-ui/web/service/xray.go:73.23,75.3 1 0
x-ui/web/service/xray.go:76.2,76.14 1 0
x-ui/web/service/xray.go:76.14,78.3 1 0
x-ui/web/service/xray.go:80.2,82.60 2 0
x-ui/web/service/xray.go:82.60,86.3 1 0
x-ui/web/service/xray.go:88.2,88.15 1 0
x-ui/web/service/xray.go:91.47,92.14 1 0
x-ui/web/service/xray.go:92.14,94.3 1 0
x-ui/web/service/xray.go:95.2,95.23 1 0
x-ui/web/service/xray.go:98.44,100.2 1 0
x-ui/web/service/xray.go:102.61,104.16 2 0
x-ui/web/service/xray.go:104.16,106.3 1 0
x-ui/web/service/xray.go:108.2,109.75 2 0
x-ui/web/service/xray.go:109.75,111.3 1 0
x-ui/web/service/xray.go:113.2,114.16 2 0
x-ui/web/service/xray.go:114.16,116.3 1 0
x-ui/web/service/xray.go:122.2,123.35 2 0
x-ui/web/service/xray.go:123.35,124.22 1 0
x-ui/web/service/xray.go:124.22,125.12 1 0
x-ui/web/service/xray.go:129.3,130.38 2 0
x-ui/web/service/xray.go:130.38,131.31 1 0
x-ui/web/service/xray.go:131.31,133.5 1 0
x-ui/web/service/xray.go:142.2,143.30 2 0
x-ui/web/service/xray.go:143.30,144.73 1 0
x-ui/web/service/xray.go:144.73,147.4 2 0
x-ui/web/service/xray.go:148.8,150.3 1 0
x-ui/web/service/xray.go:153.2,154.70 2 0
x-ui/web/service/xray.go:154.70,156.3 1 0
x-ui/web/service/xray.go:156.8,158.3 1 0
x-ui/web/service/xray.go:161.2,162.62 2 0
x-ui/web/service/xray.go:162.62,165.3 1 0
x-ui/web/service/xray.go:165.8,168.3 1 0
x-ui/web/service/xray.go:173.2,187.34 9 0
x-ui/web/service/xray.go:187.34,199.3 1 0
x-ui/web/service/xray.go:202.2,204.16 3 0
x-ui/web/service/xray.go:204.16,206.3 1 0
x-ui/web/service/xray.go:207.2,212.27 2 0
x-ui/web/service/xray.go:212.27,215.3 2 0
x-ui/web/service/xray.go:221.2,223.35 2 0
x-ui/web/service/xray.go:223.35,224.22 1 0
x-ui/web/service/xray.go:224.22,225.12 1 0
x-ui/web/service/xray.go:229.3,235.33 5 0
x-ui/web/service/xray.go:235.33,236.23 1 0
x-ui/web/service/xray.go:236.23,238.5 1 0
x-ui/web/service/xray.go:240.4,240.20 1 0
x-ui/web/service/xray.go:240.20,242.5 1 0
x-ui/web/service/xray.go:246.3,247.77 2 0
x-ui/web/service/xray.go:247.77,249.12 2 0
x-ui/web/service/xray.go:252.3,253.9 2 0
x-ui/web/service/xray.go:253.9,257.46 3 0
x-ui/web/service/xray.go:257.46,259.12 2 0
x-ui/web/service/xray.go:259.12,260.14 1 0
x-ui/web/service/xray.go:266.5,266.48 1 0
x-ui/web/service/xray.go:266.48,267.48 1 0
x-ui/web/service/xray.go:267.48,269.7 1 0
x-ui/web/service/xray.go:270.6,270.14 1 0
x-ui/web/service/xray.go:276.5,279.38 4 0
x-ui/web/service/xray.go:279.38,280.45 1 0
x-ui/web/service/xray.go:280.45,282.12 2 0
x-ui/web/service/xray.go:285.5,285.23 1 0
x-ui/web/service/xray.go:285.23,287.14 2 0
x-ui/web/service/xray.go:293.5,294.30 2 0
x-ui/web/service/xray.go:294.30,296.6 1 0
x-ui/web/service/xray.go:297.5,297.20 1 0
x-ui/web/service/xray.go:297.20,299.6 1 0
x-ui/web/service/xray.go:302.5,302.34 1 0
x-ui/web/service/xray.go:302.34,303.74 1 0
x-ui/web/service/xray.go:303.74,305.7 1 0
x-ui/web/service/xray.go:305.12,307.7 1 0
x-ui/web/service/xray.go:309.5,309.42 1 0
x-ui/web/service/xray.go:309.42,311.6 1 0
x-ui/web/service/xray.go:312.5,312.38 1 0
x-ui/web/service/xray.go:312.38,314.6 1 0
x-ui/web/service/xray.go:327.5,328.20 2 0
x-ui/web/service/xray.go:328.20,329.51 1 0
x-ui/web/service/xray.go:329.51,331.7 1 0
x-ui/web/service/xray.go:333.5,333.34 1 0
x-ui/web/service/xray.go:333.34,334.48 1 0
x-ui/web/service/xray.go:334.48,336.7 1 0
x-ui/web/service/xray.go:338.5,338.19 1 0
x-ui/web/service/xray.go:338.19,339.39 1 0
x-ui/web/service/xray.go:339.39,340.30 1 0
x-ui/web/service/xray.go:341.20,342.23 1 0
x-ui/web/service/xray.go:343.16,344.18 1 0
x-ui/web/service/xray.go:345.18,346.23 1 0
x-ui/web/service/xray.go:347.19,348.50 1 0
x-ui/web/service/xray.go:348.50,350.9 1 0
x-ui/web/service/xray.go:357.5,357.33 1 0
x-ui/web/service/xray.go:357.33,359.6 1 0
x-ui/web/service/xray.go:362.5,364.50 2 0
x-ui/web/service/xray.go:368.4,370.18 3 0
x-ui/web/service/xray.go:370.18,372.13 2 0
x-ui/web/service/xray.go:374.4,374.71 1 0
x-ui/web/service/xray.go:380.3,380.38 1 0
x-ui/web/service/xray.go:380.38,382.82 2 0
x-ui/web/service/xray.go:382.82,384.13 2 0
x-ui/web/service/xray.go:387.4,387.77 1 0
x-ui/web/service/xray.go:387.77,389.5 1 0
x-ui/web/service/xray.go:390.4,390.85 1 0
x-ui/web/service/xray.go:390.85,392.5 1 0
x-ui/web/service/xray.go:393.4,396.18 3 0
x-ui/web/service/xray.go:396.18,398.5 1 0
x-ui/web/service/xray.go:399.4,399.66 1 0
x-ui/web/service/xray.go:402.3,402.80 1 0
x-ui/web/service/xray.go:405.2,405.24 1 0
x-ui/web/service/xray.go:408.88,409.24 1 0
x-ui/web/service/xray.go:409.24,413.3 3 0
x-ui/web/service/xray.go:414.2,419.16 5 0
x-ui/web/service/xray.go:419.16,422.3 2 0
x-ui/web/service/xray.go:423.2,423.36 1 0
x-ui/web/service/xray.go:426.55,433.16 6 0
x-ui/web/service/xray.go:433.16,435.3 1 0
x-ui/web/service/xray.go:438.2,439.20 2 0
x-ui/web/service/xray.go:439.20,441.3 1 0
x-ui/web/service/xray.go:441.8,443.3 1 0
x-ui/web/service/xray.go:445.2,445.23 1 0
x-ui/web/service/xray.go:445.23,446.80 1 0
x-ui/web/service/xray.go:446.80,449.4 2 0
x-ui/web/service/xray.go:450.3,450.11 1 0
x-ui/web/service/xray.go:453.2,456.16 4 0
x-ui/web/service/xray.go:456.16,458.3 1 0
x-ui/web/service/xray.go:460.2,460.12 1 0
x-ui/web/service/xray.go:463.40,468.23 5 0
x-ui/web/service/xray.go:468.23,470.3 1 0
x-ui/web/service/xray.go:471.2,471.42 1 0
x-ui/web/service/xray.go:474.42,476.2 1 0
x-ui/web/service/xray.go:478.55,480.2 1 0
x-ui/web/service/xray.go:483.43,485.2 1 0
x-ui/web/service/xray_setting.go:15.76,16.59 1 0
x-ui/web/service/xray_setting.go:16.59,18.3 1 0
x-ui/web/service/xray_setting.go:19.2,19.76 1 0
x-ui/web/service/xray_setting.go:22.79,25.16 3 0
x-ui/web/service/xray_setting.go:25.16,27.3 1 0
x-ui/web/service/xray_setting.go:28.2,28.12 1 0
